<?xml version="1.0" encoding="UTF-8"?>
<robot generator="Robot 4.1.3 (Python 3.8.10 on linux)" generated="20220320 00:08:28.826" rpa="false" schemaversion="2">
<suite id="s1" name="Test" source="/home/amirul/Documents/BeSquare/00_FinalProject/Cryptonite_QA/test.robot">
<test id="s1-t1" name="Open Website">
<kw name="Open Browser" library="SeleniumLibrary">
<arg>https://cryptonite5.netlify.app/</arg>
<arg>chrome</arg>
<doc>Opens a new browser instance to the optional ``url``.</doc>
<msg timestamp="20220320 00:08:29.097" level="INFO">Opening browser 'chrome' to base url 'https://cryptonite5.netlify.app/'.</msg>
<status status="PASS" starttime="20220320 00:08:29.097" endtime="20220320 00:08:30.582"/>
</kw>
<kw name="Maximize Browser Window" library="SeleniumLibrary">
<doc>Maximizes current browser window.</doc>
<status status="PASS" starttime="20220320 00:08:30.582" endtime="20220320 00:08:30.686"/>
</kw>
<status status="PASS" starttime="20220320 00:08:29.097" endtime="20220320 00:08:30.687"/>
</test>
<test id="s1-t2" name="Header Component Test">
<kw name="Check header component" library="header_test">
<kw name="Wait Until Page Contains Element" library="SeleniumLibrary">
<arg>${header}</arg>
<doc>Waits until the element ``locator`` appears on the current page.</doc>
<status status="PASS" starttime="20220320 00:08:30.689" endtime="20220320 00:08:30.703"/>
</kw>
<kw name="Page Should Contain Element" library="SeleniumLibrary">
<arg>${logo_header}</arg>
<doc>Verifies that element ``locator`` is found on the current page.</doc>
<msg timestamp="20220320 00:08:30.715" level="INFO">Current page contains element '//*[@id="root"]/div[2]/div/header/div/div/img'.</msg>
<status status="PASS" starttime="20220320 00:08:30.703" endtime="20220320 00:08:30.715"/>
</kw>
<kw name="Page Should Contain Element" library="SeleniumLibrary">
<arg>${crypto_header}</arg>
<doc>Verifies that element ``locator`` is found on the current page.</doc>
<msg timestamp="20220320 00:08:30.724" level="INFO">Current page contains element '//*[@id="root"]/div[2]/div/header/div/div/h6[1]'.</msg>
<status status="PASS" starttime="20220320 00:08:30.715" endtime="20220320 00:08:30.724"/>
</kw>
<kw name="Page Should Contain Element" library="SeleniumLibrary">
<arg>${forex_header}</arg>
<doc>Verifies that element ``locator`` is found on the current page.</doc>
<msg timestamp="20220320 00:08:30.733" level="INFO">Current page contains element '//*[@id="root"]/div[2]/div/header/div/div/h6[2]'.</msg>
<status status="PASS" starttime="20220320 00:08:30.724" endtime="20220320 00:08:30.733"/>
</kw>
<kw name="Page Should Contain Element" library="SeleniumLibrary">
<arg>${aboutUs_header}</arg>
<doc>Verifies that element ``locator`` is found on the current page.</doc>
<msg timestamp="20220320 00:08:30.742" level="INFO">Current page contains element '//*[@id="root"]/div[2]/div/header/div/div/h6[3]'.</msg>
<status status="PASS" starttime="20220320 00:08:30.733" endtime="20220320 00:08:30.742"/>
</kw>
<kw name="Page Should Contain Element" library="SeleniumLibrary">
<arg>${help_header}</arg>
<doc>Verifies that element ``locator`` is found on the current page.</doc>
<msg timestamp="20220320 00:08:30.750" level="INFO">Current page contains element '//*[@id="root"]/div[2]/div/header/div/div/h6[4]'.</msg>
<status status="PASS" starttime="20220320 00:08:30.742" endtime="20220320 00:08:30.750"/>
</kw>
<kw name="Page Should Contain Element" library="SeleniumLibrary">
<arg>${currency_btn}</arg>
<doc>Verifies that element ``locator`` is found on the current page.</doc>
<msg timestamp="20220320 00:08:30.760" level="INFO">Current page contains element '//*[@id="root"]/div[2]/div/header/div/div/div/div/div[1]/button[1]'.</msg>
<status status="PASS" starttime="20220320 00:08:30.751" endtime="20220320 00:08:30.760"/>
</kw>
<kw name="Page Should Contain Element" library="SeleniumLibrary">
<arg>${login_btn}</arg>
<doc>Verifies that element ``locator`` is found on the current page.</doc>
<msg timestamp="20220320 00:08:30.770" level="INFO">Current page contains element '//*[@id="root"]/div[2]/div/header/div/div/div/div/div[1]/button[2]'.</msg>
<status status="PASS" starttime="20220320 00:08:30.760" endtime="20220320 00:08:30.771"/>
</kw>
<kw name="Sleep" library="BuiltIn">
<arg>2</arg>
<doc>Pauses the test executed for the given time.</doc>
<msg timestamp="20220320 00:08:32.771" level="INFO">Slept 2 seconds</msg>
<status status="PASS" starttime="20220320 00:08:30.771" endtime="20220320 00:08:32.772"/>
</kw>
<status status="PASS" starttime="20220320 00:08:30.688" endtime="20220320 00:08:32.772"/>
</kw>
<kw name="Click on the Logo and Navigate to Homepage" library="header_test">
<kw name="Wait Until Page Contains Element" library="SeleniumLibrary">
<arg>${header}</arg>
<doc>Waits until the element ``locator`` appears on the current page.</doc>
<status status="PASS" starttime="20220320 00:08:32.773" endtime="20220320 00:08:32.790"/>
</kw>
<kw name="Click Element" library="SeleniumLibrary">
<arg>${logo_header}</arg>
<doc>Click the element identified by ``locator``.</doc>
<msg timestamp="20220320 00:08:32.791" level="INFO">Clicking element '//*[@id="root"]/div[2]/div/header/div/div/img'.</msg>
<status status="PASS" starttime="20220320 00:08:32.791" endtime="20220320 00:08:32.862"/>
</kw>
<kw name="Location Should Be" library="SeleniumLibrary">
<arg>https://cryptonite5.netlify.app/</arg>
<doc>Verifies that the current URL is exactly ``url``.</doc>
<msg timestamp="20220320 00:08:32.865" level="INFO">Current location is 'https://cryptonite5.netlify.app/'.</msg>
<status status="PASS" starttime="20220320 00:08:32.862" endtime="20220320 00:08:32.865"/>
</kw>
<kw name="Sleep" library="BuiltIn">
<arg>2</arg>
<doc>Pauses the test executed for the given time.</doc>
<msg timestamp="20220320 00:08:34.865" level="INFO">Slept 2 seconds</msg>
<status status="PASS" starttime="20220320 00:08:32.865" endtime="20220320 00:08:34.865"/>
</kw>
<status status="PASS" starttime="20220320 00:08:32.772" endtime="20220320 00:08:34.866"/>
</kw>
<kw name="Return to Homepage" library="header_test">
<kw name="Sleep" library="BuiltIn">
<arg>2</arg>
<doc>Pauses the test executed for the given time.</doc>
<msg timestamp="20220320 00:08:36.867" level="INFO">Slept 2 seconds</msg>
<status status="PASS" starttime="20220320 00:08:34.867" endtime="20220320 00:08:36.868"/>
</kw>
<kw name="Execute Javascript" library="SeleniumLibrary">
<arg>window.scrollTo(0,0)</arg>
<doc>Executes the given JavaScript code with possible arguments.</doc>
<msg timestamp="20220320 00:08:36.869" level="INFO">Executing JavaScript:
window.scrollTo(0,0)
Without any arguments.</msg>
<status status="PASS" starttime="20220320 00:08:36.868" endtime="20220320 00:08:36.878"/>
</kw>
<kw name="Sleep" library="BuiltIn">
<arg>2</arg>
<doc>Pauses the test executed for the given time.</doc>
<msg timestamp="20220320 00:08:38.879" level="INFO">Slept 2 seconds</msg>
<status status="PASS" starttime="20220320 00:08:36.878" endtime="20220320 00:08:38.879"/>
</kw>
<kw name="Wait Until Page Contains Element" library="SeleniumLibrary">
<arg>${header}</arg>
<doc>Waits until the element ``locator`` appears on the current page.</doc>
<status status="PASS" starttime="20220320 00:08:38.880" endtime="20220320 00:08:38.893"/>
</kw>
<kw name="Click Element" library="SeleniumLibrary">
<arg>${logo_header}</arg>
<doc>Click the element identified by ``locator``.</doc>
<msg timestamp="20220320 00:08:38.894" level="INFO">Clicking element '//*[@id="root"]/div[2]/div/header/div/div/img'.</msg>
<status status="PASS" starttime="20220320 00:08:38.894" endtime="20220320 00:08:38.956"/>
</kw>
<kw name="Location Should Be" library="SeleniumLibrary">
<arg>https://cryptonite5.netlify.app/</arg>
<doc>Verifies that the current URL is exactly ``url``.</doc>
<msg timestamp="20220320 00:08:38.959" level="INFO">Current location is 'https://cryptonite5.netlify.app/'.</msg>
<status status="PASS" starttime="20220320 00:08:38.957" endtime="20220320 00:08:38.959"/>
</kw>
<kw name="Sleep" library="BuiltIn">
<arg>2</arg>
<doc>Pauses the test executed for the given time.</doc>
<msg timestamp="20220320 00:08:40.959" level="INFO">Slept 2 seconds</msg>
<status status="PASS" starttime="20220320 00:08:38.959" endtime="20220320 00:08:40.960"/>
</kw>
<status status="PASS" starttime="20220320 00:08:34.866" endtime="20220320 00:08:40.960"/>
</kw>
<kw name="Click on the Crypto text and Navigate to Crypto Page" library="header_test">
<kw name="Wait Until Page Contains Element" library="SeleniumLibrary">
<arg>${header}</arg>
<doc>Waits until the element ``locator`` appears on the current page.</doc>
<status status="PASS" starttime="20220320 00:08:40.961" endtime="20220320 00:08:40.975"/>
</kw>
<kw name="Click Element" library="SeleniumLibrary">
<arg>${crypto_header}</arg>
<doc>Click the element identified by ``locator``.</doc>
<msg timestamp="20220320 00:08:40.976" level="INFO">Clicking element '//*[@id="root"]/div[2]/div/header/div/div/h6[1]'.</msg>
<status status="PASS" starttime="20220320 00:08:40.975" endtime="20220320 00:08:41.072"/>
</kw>
<kw name="Location Should Be" library="SeleniumLibrary">
<arg>https://cryptonite5.netlify.app/crypto</arg>
<doc>Verifies that the current URL is exactly ``url``.</doc>
<msg timestamp="20220320 00:08:41.141" level="INFO">Current location is 'https://cryptonite5.netlify.app/crypto'.</msg>
<status status="PASS" starttime="20220320 00:08:41.073" endtime="20220320 00:08:41.141"/>
</kw>
<kw name="Sleep" library="BuiltIn">
<arg>2</arg>
<doc>Pauses the test executed for the given time.</doc>
<msg timestamp="20220320 00:08:43.142" level="INFO">Slept 2 seconds</msg>
<status status="PASS" starttime="20220320 00:08:41.141" endtime="20220320 00:08:43.142"/>
</kw>
<status status="PASS" starttime="20220320 00:08:40.960" endtime="20220320 00:08:43.142"/>
</kw>
<kw name="Return to Homepage" library="header_test">
<kw name="Sleep" library="BuiltIn">
<arg>2</arg>
<doc>Pauses the test executed for the given time.</doc>
<msg timestamp="20220320 00:08:45.143" level="INFO">Slept 2 seconds</msg>
<status status="PASS" starttime="20220320 00:08:43.143" endtime="20220320 00:08:45.144"/>
</kw>
<kw name="Execute Javascript" library="SeleniumLibrary">
<arg>window.scrollTo(0,0)</arg>
<doc>Executes the given JavaScript code with possible arguments.</doc>
<msg timestamp="20220320 00:08:45.144" level="INFO">Executing JavaScript:
window.scrollTo(0,0)
Without any arguments.</msg>
<status status="PASS" starttime="20220320 00:08:45.144" endtime="20220320 00:08:45.150"/>
</kw>
<kw name="Sleep" library="BuiltIn">
<arg>2</arg>
<doc>Pauses the test executed for the given time.</doc>
<msg timestamp="20220320 00:08:47.151" level="INFO">Slept 2 seconds</msg>
<status status="PASS" starttime="20220320 00:08:45.150" endtime="20220320 00:08:47.151"/>
</kw>
<kw name="Wait Until Page Contains Element" library="SeleniumLibrary">
<arg>${header}</arg>
<doc>Waits until the element ``locator`` appears on the current page.</doc>
<status status="PASS" starttime="20220320 00:08:47.151" endtime="20220320 00:08:47.166"/>
</kw>
<kw name="Click Element" library="SeleniumLibrary">
<arg>${logo_header}</arg>
<doc>Click the element identified by ``locator``.</doc>
<msg timestamp="20220320 00:08:47.166" level="INFO">Clicking element '//*[@id="root"]/div[2]/div/header/div/div/img'.</msg>
<status status="PASS" starttime="20220320 00:08:47.166" endtime="20220320 00:08:47.263"/>
</kw>
<kw name="Location Should Be" library="SeleniumLibrary">
<arg>https://cryptonite5.netlify.app/</arg>
<doc>Verifies that the current URL is exactly ``url``.</doc>
<msg timestamp="20220320 00:08:47.345" level="INFO">Current location is 'https://cryptonite5.netlify.app/'.</msg>
<status status="PASS" starttime="20220320 00:08:47.263" endtime="20220320 00:08:47.345"/>
</kw>
<kw name="Sleep" library="BuiltIn">
<arg>2</arg>
<doc>Pauses the test executed for the given time.</doc>
<msg timestamp="20220320 00:08:49.346" level="INFO">Slept 2 seconds</msg>
<status status="PASS" starttime="20220320 00:08:47.345" endtime="20220320 00:08:49.346"/>
</kw>
<status status="PASS" starttime="20220320 00:08:43.142" endtime="20220320 00:08:49.347"/>
</kw>
<kw name="Click on the Crypto text and Navigate to Forex Page" library="header_test">
<kw name="Wait Until Page Contains Element" library="SeleniumLibrary">
<arg>${header}</arg>
<doc>Waits until the element ``locator`` appears on the current page.</doc>
<status status="PASS" starttime="20220320 00:08:49.347" endtime="20220320 00:08:49.353"/>
</kw>
<kw name="Click Element" library="SeleniumLibrary">
<arg>${forex_header}</arg>
<doc>Click the element identified by ``locator``.</doc>
<msg timestamp="20220320 00:08:49.353" level="INFO">Clicking element '//*[@id="root"]/div[2]/div/header/div/div/h6[2]'.</msg>
<status status="PASS" starttime="20220320 00:08:49.353" endtime="20220320 00:08:49.433"/>
</kw>
<kw name="Location Should Be" library="SeleniumLibrary">
<arg>https://cryptonite5.netlify.app/forex</arg>
<doc>Verifies that the current URL is exactly ``url``.</doc>
<msg timestamp="20220320 00:08:49.436" level="INFO">Current location is 'https://cryptonite5.netlify.app/forex'.</msg>
<status status="PASS" starttime="20220320 00:08:49.433" endtime="20220320 00:08:49.436"/>
</kw>
<kw name="Sleep" library="BuiltIn">
<arg>2</arg>
<doc>Pauses the test executed for the given time.</doc>
<msg timestamp="20220320 00:08:51.437" level="INFO">Slept 2 seconds</msg>
<status status="PASS" starttime="20220320 00:08:49.437" endtime="20220320 00:08:51.437"/>
</kw>
<status status="PASS" starttime="20220320 00:08:49.347" endtime="20220320 00:08:51.438"/>
</kw>
<kw name="Return to Homepage" library="header_test">
<kw name="Sleep" library="BuiltIn">
<arg>2</arg>
<doc>Pauses the test executed for the given time.</doc>
<msg timestamp="20220320 00:08:53.440" level="INFO">Slept 2 seconds</msg>
<status status="PASS" starttime="20220320 00:08:51.439" endtime="20220320 00:08:53.440"/>
</kw>
<kw name="Execute Javascript" library="SeleniumLibrary">
<arg>window.scrollTo(0,0)</arg>
<doc>Executes the given JavaScript code with possible arguments.</doc>
<msg timestamp="20220320 00:08:53.442" level="INFO">Executing JavaScript:
window.scrollTo(0,0)
Without any arguments.</msg>
<status status="PASS" starttime="20220320 00:08:53.441" endtime="20220320 00:08:53.457"/>
</kw>
<kw name="Sleep" library="BuiltIn">
<arg>2</arg>
<doc>Pauses the test executed for the given time.</doc>
<msg timestamp="20220320 00:08:55.458" level="INFO">Slept 2 seconds</msg>
<status status="PASS" starttime="20220320 00:08:53.457" endtime="20220320 00:08:55.458"/>
</kw>
<kw name="Wait Until Page Contains Element" library="SeleniumLibrary">
<arg>${header}</arg>
<doc>Waits until the element ``locator`` appears on the current page.</doc>
<status status="PASS" starttime="20220320 00:08:55.459" endtime="20220320 00:08:55.471"/>
</kw>
<kw name="Click Element" library="SeleniumLibrary">
<arg>${logo_header}</arg>
<doc>Click the element identified by ``locator``.</doc>
<msg timestamp="20220320 00:08:55.472" level="INFO">Clicking element '//*[@id="root"]/div[2]/div/header/div/div/img'.</msg>
<status status="PASS" starttime="20220320 00:08:55.472" endtime="20220320 00:08:55.570"/>
</kw>
<kw name="Location Should Be" library="SeleniumLibrary">
<arg>https://cryptonite5.netlify.app/</arg>
<doc>Verifies that the current URL is exactly ``url``.</doc>
<msg timestamp="20220320 00:08:55.644" level="INFO">Current location is 'https://cryptonite5.netlify.app/'.</msg>
<status status="PASS" starttime="20220320 00:08:55.570" endtime="20220320 00:08:55.644"/>
</kw>
<kw name="Sleep" library="BuiltIn">
<arg>2</arg>
<doc>Pauses the test executed for the given time.</doc>
<msg timestamp="20220320 00:08:57.645" level="INFO">Slept 2 seconds</msg>
<status status="PASS" starttime="20220320 00:08:55.644" endtime="20220320 00:08:57.645"/>
</kw>
<status status="PASS" starttime="20220320 00:08:51.438" endtime="20220320 00:08:57.645"/>
</kw>
<kw name="Click on the Crypto text and Navigate to About Us Page" library="header_test">
<kw name="Wait Until Page Contains Element" library="SeleniumLibrary">
<arg>${header}</arg>
<doc>Waits until the element ``locator`` appears on the current page.</doc>
<status status="PASS" starttime="20220320 00:08:57.646" endtime="20220320 00:08:57.660"/>
</kw>
<kw name="Click Element" library="SeleniumLibrary">
<arg>${aboutUs_header}</arg>
<doc>Click the element identified by ``locator``.</doc>
<msg timestamp="20220320 00:08:57.661" level="INFO">Clicking element '//*[@id="root"]/div[2]/div/header/div/div/h6[3]'.</msg>
<status status="PASS" starttime="20220320 00:08:57.660" endtime="20220320 00:08:57.748"/>
</kw>
<kw name="Location Should Be" library="SeleniumLibrary">
<arg>https://cryptonite5.netlify.app/about</arg>
<doc>Verifies that the current URL is exactly ``url``.</doc>
<msg timestamp="20220320 00:08:57.760" level="INFO">Current location is 'https://cryptonite5.netlify.app/about'.</msg>
<status status="PASS" starttime="20220320 00:08:57.748" endtime="20220320 00:08:57.760"/>
</kw>
<kw name="Sleep" library="BuiltIn">
<arg>2</arg>
<doc>Pauses the test executed for the given time.</doc>
<msg timestamp="20220320 00:08:59.761" level="INFO">Slept 2 seconds</msg>
<status status="PASS" starttime="20220320 00:08:57.760" endtime="20220320 00:08:59.761"/>
</kw>
<status status="PASS" starttime="20220320 00:08:57.645" endtime="20220320 00:08:59.761"/>
</kw>
<kw name="Return to Homepage" library="header_test">
<kw name="Sleep" library="BuiltIn">
<arg>2</arg>
<doc>Pauses the test executed for the given time.</doc>
<msg timestamp="20220320 00:09:01.762" level="INFO">Slept 2 seconds</msg>
<status status="PASS" starttime="20220320 00:08:59.761" endtime="20220320 00:09:01.762"/>
</kw>
<kw name="Execute Javascript" library="SeleniumLibrary">
<arg>window.scrollTo(0,0)</arg>
<doc>Executes the given JavaScript code with possible arguments.</doc>
<msg timestamp="20220320 00:09:01.763" level="INFO">Executing JavaScript:
window.scrollTo(0,0)
Without any arguments.</msg>
<status status="PASS" starttime="20220320 00:09:01.762" endtime="20220320 00:09:01.771"/>
</kw>
<kw name="Sleep" library="BuiltIn">
<arg>2</arg>
<doc>Pauses the test executed for the given time.</doc>
<msg timestamp="20220320 00:09:03.772" level="INFO">Slept 2 seconds</msg>
<status status="PASS" starttime="20220320 00:09:01.772" endtime="20220320 00:09:03.773"/>
</kw>
<kw name="Wait Until Page Contains Element" library="SeleniumLibrary">
<arg>${header}</arg>
<doc>Waits until the element ``locator`` appears on the current page.</doc>
<status status="PASS" starttime="20220320 00:09:03.773" endtime="20220320 00:09:03.788"/>
</kw>
<kw name="Click Element" library="SeleniumLibrary">
<arg>${logo_header}</arg>
<doc>Click the element identified by ``locator``.</doc>
<msg timestamp="20220320 00:09:03.789" level="INFO">Clicking element '//*[@id="root"]/div[2]/div/header/div/div/img'.</msg>
<status status="PASS" starttime="20220320 00:09:03.788" endtime="20220320 00:09:03.896"/>
</kw>
<kw name="Location Should Be" library="SeleniumLibrary">
<arg>https://cryptonite5.netlify.app/</arg>
<doc>Verifies that the current URL is exactly ``url``.</doc>
<msg timestamp="20220320 00:09:03.905" level="INFO">Current location is 'https://cryptonite5.netlify.app/'.</msg>
<status status="PASS" starttime="20220320 00:09:03.896" endtime="20220320 00:09:03.905"/>
</kw>
<kw name="Sleep" library="BuiltIn">
<arg>2</arg>
<doc>Pauses the test executed for the given time.</doc>
<msg timestamp="20220320 00:09:05.906" level="INFO">Slept 2 seconds</msg>
<status status="PASS" starttime="20220320 00:09:03.905" endtime="20220320 00:09:05.906"/>
</kw>
<status status="PASS" starttime="20220320 00:08:59.761" endtime="20220320 00:09:05.906"/>
</kw>
<kw name="Click on the Crypto text and Navigate to Help Page" library="header_test">
<kw name="Wait Until Page Contains Element" library="SeleniumLibrary">
<arg>${header}</arg>
<doc>Waits until the element ``locator`` appears on the current page.</doc>
<status status="PASS" starttime="20220320 00:09:05.908" endtime="20220320 00:09:05.925"/>
</kw>
<kw name="Click Element" library="SeleniumLibrary">
<arg>${help_header}</arg>
<doc>Click the element identified by ``locator``.</doc>
<msg timestamp="20220320 00:09:05.926" level="INFO">Clicking element '//*[@id="root"]/div[2]/div/header/div/div/h6[4]'.</msg>
<status status="PASS" starttime="20220320 00:09:05.925" endtime="20220320 00:09:06.027"/>
</kw>
<kw name="Location Should Be" library="SeleniumLibrary">
<arg>https://cryptonite5.netlify.app/help</arg>
<doc>Verifies that the current URL is exactly ``url``.</doc>
<msg timestamp="20220320 00:09:06.054" level="INFO">Current location is 'https://cryptonite5.netlify.app/help'.</msg>
<status status="PASS" starttime="20220320 00:09:06.027" endtime="20220320 00:09:06.054"/>
</kw>
<kw name="Sleep" library="BuiltIn">
<arg>2</arg>
<doc>Pauses the test executed for the given time.</doc>
<msg timestamp="20220320 00:09:08.055" level="INFO">Slept 2 seconds</msg>
<status status="PASS" starttime="20220320 00:09:06.054" endtime="20220320 00:09:08.055"/>
</kw>
<status status="PASS" starttime="20220320 00:09:05.907" endtime="20220320 00:09:08.055"/>
</kw>
<kw name="Return to Homepage" library="header_test">
<kw name="Sleep" library="BuiltIn">
<arg>2</arg>
<doc>Pauses the test executed for the given time.</doc>
<msg timestamp="20220320 00:09:10.057" level="INFO">Slept 2 seconds</msg>
<status status="PASS" starttime="20220320 00:09:08.057" endtime="20220320 00:09:10.057"/>
</kw>
<kw name="Execute Javascript" library="SeleniumLibrary">
<arg>window.scrollTo(0,0)</arg>
<doc>Executes the given JavaScript code with possible arguments.</doc>
<msg timestamp="20220320 00:09:10.059" level="INFO">Executing JavaScript:
window.scrollTo(0,0)
Without any arguments.</msg>
<status status="PASS" starttime="20220320 00:09:10.058" endtime="20220320 00:09:10.066"/>
</kw>
<kw name="Sleep" library="BuiltIn">
<arg>2</arg>
<doc>Pauses the test executed for the given time.</doc>
<msg timestamp="20220320 00:09:12.067" level="INFO">Slept 2 seconds</msg>
<status status="PASS" starttime="20220320 00:09:10.066" endtime="20220320 00:09:12.067"/>
</kw>
<kw name="Wait Until Page Contains Element" library="SeleniumLibrary">
<arg>${header}</arg>
<doc>Waits until the element ``locator`` appears on the current page.</doc>
<status status="PASS" starttime="20220320 00:09:12.067" endtime="20220320 00:09:12.082"/>
</kw>
<kw name="Click Element" library="SeleniumLibrary">
<arg>${logo_header}</arg>
<doc>Click the element identified by ``locator``.</doc>
<msg timestamp="20220320 00:09:12.082" level="INFO">Clicking element '//*[@id="root"]/div[2]/div/header/div/div/img'.</msg>
<status status="PASS" starttime="20220320 00:09:12.082" endtime="20220320 00:09:12.180"/>
</kw>
<kw name="Location Should Be" library="SeleniumLibrary">
<arg>https://cryptonite5.netlify.app/</arg>
<doc>Verifies that the current URL is exactly ``url``.</doc>
<msg timestamp="20220320 00:09:12.242" level="INFO">Current location is 'https://cryptonite5.netlify.app/'.</msg>
<status status="PASS" starttime="20220320 00:09:12.180" endtime="20220320 00:09:12.242"/>
</kw>
<kw name="Sleep" library="BuiltIn">
<arg>2</arg>
<doc>Pauses the test executed for the given time.</doc>
<msg timestamp="20220320 00:09:14.243" level="INFO">Slept 2 seconds</msg>
<status status="PASS" starttime="20220320 00:09:12.242" endtime="20220320 00:09:14.243"/>
</kw>
<status status="PASS" starttime="20220320 00:09:08.056" endtime="20220320 00:09:14.243"/>
</kw>
<kw name="Click on the currency button" library="header_test">
<kw name="Wait Until Page Contains Element" library="SeleniumLibrary">
<arg>${header}</arg>
<doc>Waits until the element ``locator`` appears on the current page.</doc>
<status status="PASS" starttime="20220320 00:09:14.244" endtime="20220320 00:09:14.249"/>
</kw>
<kw name="Click Element" library="SeleniumLibrary">
<arg>${currency_btn}</arg>
<doc>Click the element identified by ``locator``.</doc>
<msg timestamp="20220320 00:09:14.250" level="INFO">Clicking element '//*[@id="root"]/div[2]/div/header/div/div/div/div/div[1]/button[1]'.</msg>
<status status="PASS" starttime="20220320 00:09:14.249" endtime="20220320 00:09:14.303"/>
</kw>
<kw name="Page Should Contain Element" library="SeleniumLibrary">
<arg>${currency_opt}</arg>
<doc>Verifies that element ``locator`` is found on the current page.</doc>
<msg timestamp="20220320 00:09:14.316" level="INFO">Current page contains element '//*[@role="listbox" and contains (@class, "MuiList-root MuiMenu-list MuiList-padding")]'.</msg>
<status status="PASS" starttime="20220320 00:09:14.303" endtime="20220320 00:09:14.316"/>
</kw>
<kw name="Sleep" library="BuiltIn">
<arg>2</arg>
<doc>Pauses the test executed for the given time.</doc>
<msg timestamp="20220320 00:09:16.316" level="INFO">Slept 2 seconds</msg>
<status status="PASS" starttime="20220320 00:09:14.316" endtime="20220320 00:09:16.317"/>
</kw>
<status status="PASS" starttime="20220320 00:09:14.244" endtime="20220320 00:09:16.317"/>
</kw>
<kw name="Check for the currency option" library="header_test">
<kw name="Page Should Contain Element" library="SeleniumLibrary">
<arg>//*[@id="menu-"]/div[3]/ul/li[1]</arg>
<doc>Verifies that element ``locator`` is found on the current page.</doc>
<msg timestamp="20220320 00:09:16.337" level="INFO">Current page contains element '//*[@id="menu-"]/div[3]/ul/li[1]'.</msg>
<status status="PASS" starttime="20220320 00:09:16.318" endtime="20220320 00:09:16.337"/>
</kw>
<kw name="Page Should Contain Element" library="SeleniumLibrary">
<arg>//*[@id="menu-"]/div[3]/ul/li[2]</arg>
<doc>Verifies that element ``locator`` is found on the current page.</doc>
<msg timestamp="20220320 00:09:16.346" level="INFO">Current page contains element '//*[@id="menu-"]/div[3]/ul/li[2]'.</msg>
<status status="PASS" starttime="20220320 00:09:16.337" endtime="20220320 00:09:16.346"/>
</kw>
<kw name="Sleep" library="BuiltIn">
<arg>2</arg>
<doc>Pauses the test executed for the given time.</doc>
<msg timestamp="20220320 00:09:18.347" level="INFO">Slept 2 seconds</msg>
<status status="PASS" starttime="20220320 00:09:16.347" endtime="20220320 00:09:18.347"/>
</kw>
<status status="PASS" starttime="20220320 00:09:16.318" endtime="20220320 00:09:18.347"/>
</kw>
<kw name="Click USD the currency should be USD and dropdown should disappear" library="header_test">
<kw name="Click Element" library="SeleniumLibrary">
<arg>//*[@id="menu-"]/div[3]/ul/li[1]</arg>
<doc>Click the element identified by ``locator``.</doc>
<msg timestamp="20220320 00:09:18.348" level="INFO">Clicking element '//*[@id="menu-"]/div[3]/ul/li[1]'.</msg>
<status status="PASS" starttime="20220320 00:09:18.348" endtime="20220320 00:09:18.381"/>
</kw>
<kw name="Sleep" library="BuiltIn">
<arg>2</arg>
<doc>Pauses the test executed for the given time.</doc>
<msg timestamp="20220320 00:09:20.382" level="INFO">Slept 2 seconds</msg>
<status status="PASS" starttime="20220320 00:09:18.382" endtime="20220320 00:09:20.382"/>
</kw>
<kw name="Page Should Contain Element" library="SeleniumLibrary">
<arg>//*[text()="USD"]</arg>
<doc>Verifies that element ``locator`` is found on the current page.</doc>
<msg timestamp="20220320 00:09:20.401" level="INFO">Current page contains element '//*[text()="USD"]'.</msg>
<status status="PASS" starttime="20220320 00:09:20.383" endtime="20220320 00:09:20.401"/>
</kw>
<kw name="Page Should Not Contain Element" library="SeleniumLibrary">
<arg>${currency_opt}</arg>
<doc>Verifies that element ``locator`` is not found on the current page.</doc>
<msg timestamp="20220320 00:09:20.412" level="INFO">Current page does not contain element '//*[@role="listbox" and contains (@class, "MuiList-root MuiMenu-list MuiList-padding")]'.</msg>
<status status="PASS" starttime="20220320 00:09:20.402" endtime="20220320 00:09:20.412"/>
</kw>
<kw name="Sleep" library="BuiltIn">
<arg>2</arg>
<doc>Pauses the test executed for the given time.</doc>
<msg timestamp="20220320 00:09:22.412" level="INFO">Slept 2 seconds</msg>
<status status="PASS" starttime="20220320 00:09:20.412" endtime="20220320 00:09:22.413"/>
</kw>
<status status="PASS" starttime="20220320 00:09:18.347" endtime="20220320 00:09:22.413"/>
</kw>
<kw name="Click MYR the currency should be MYR and dropdown should disappear" library="header_test">
<kw name="Wait Until Page Contains Element" library="SeleniumLibrary">
<arg>${header}</arg>
<doc>Waits until the element ``locator`` appears on the current page.</doc>
<status status="PASS" starttime="20220320 00:09:22.414" endtime="20220320 00:09:22.427"/>
</kw>
<kw name="Click Element" library="SeleniumLibrary">
<arg>${currency_btn}</arg>
<doc>Click the element identified by ``locator``.</doc>
<msg timestamp="20220320 00:09:22.428" level="INFO">Clicking element '//*[@id="root"]/div[2]/div/header/div/div/div/div/div[1]/button[1]'.</msg>
<status status="PASS" starttime="20220320 00:09:22.427" endtime="20220320 00:09:22.481"/>
</kw>
<kw name="Page Should Contain Element" library="SeleniumLibrary">
<arg>${currency_opt}</arg>
<doc>Verifies that element ``locator`` is found on the current page.</doc>
<msg timestamp="20220320 00:09:22.494" level="INFO">Current page contains element '//*[@role="listbox" and contains (@class, "MuiList-root MuiMenu-list MuiList-padding")]'.</msg>
<status status="PASS" starttime="20220320 00:09:22.482" endtime="20220320 00:09:22.495"/>
</kw>
<kw name="Click Element" library="SeleniumLibrary">
<arg>//*[@id="menu-"]/div[3]/ul/li[2]</arg>
<doc>Click the element identified by ``locator``.</doc>
<msg timestamp="20220320 00:09:22.496" level="INFO">Clicking element '//*[@id="menu-"]/div[3]/ul/li[2]'.</msg>
<status status="PASS" starttime="20220320 00:09:22.496" endtime="20220320 00:09:22.591"/>
</kw>
<kw name="Sleep" library="BuiltIn">
<arg>2</arg>
<doc>Pauses the test executed for the given time.</doc>
<msg timestamp="20220320 00:09:24.593" level="INFO">Slept 2 seconds</msg>
<status status="PASS" starttime="20220320 00:09:22.592" endtime="20220320 00:09:24.593"/>
</kw>
<kw name="Page Should Contain Element" library="SeleniumLibrary">
<arg>//*[text()="MYR"]</arg>
<doc>Verifies that element ``locator`` is found on the current page.</doc>
<msg timestamp="20220320 00:09:24.621" level="INFO">Current page contains element '//*[text()="MYR"]'.</msg>
<status status="PASS" starttime="20220320 00:09:24.593" endtime="20220320 00:09:24.621"/>
</kw>
<kw name="Page Should Not Contain Element" library="SeleniumLibrary">
<arg>${currency_opt}</arg>
<doc>Verifies that element ``locator`` is not found on the current page.</doc>
<msg timestamp="20220320 00:09:24.630" level="INFO">Current page does not contain element '//*[@role="listbox" and contains (@class, "MuiList-root MuiMenu-list MuiList-padding")]'.</msg>
<status status="PASS" starttime="20220320 00:09:24.621" endtime="20220320 00:09:24.630"/>
</kw>
<kw name="Sleep" library="BuiltIn">
<arg>2</arg>
<doc>Pauses the test executed for the given time.</doc>
<msg timestamp="20220320 00:09:26.630" level="INFO">Slept 2 seconds</msg>
<status status="PASS" starttime="20220320 00:09:24.630" endtime="20220320 00:09:26.631"/>
</kw>
<status status="PASS" starttime="20220320 00:09:22.413" endtime="20220320 00:09:26.631"/>
</kw>
<kw name="Click on the login button" library="header_test">
<kw name="Wait Until Page Contains Element" library="SeleniumLibrary">
<arg>${header}</arg>
<doc>Waits until the element ``locator`` appears on the current page.</doc>
<status status="PASS" starttime="20220320 00:09:26.632" endtime="20220320 00:09:26.645"/>
</kw>
<kw name="Click Element" library="SeleniumLibrary">
<arg>${login_btn}</arg>
<doc>Click the element identified by ``locator``.</doc>
<msg timestamp="20220320 00:09:26.646" level="INFO">Clicking element '//*[@id="root"]/div[2]/div/header/div/div/div/div/div[1]/button[2]'.</msg>
<status status="PASS" starttime="20220320 00:09:26.646" endtime="20220320 00:09:26.704"/>
</kw>
<kw name="Sleep" library="BuiltIn">
<arg>2</arg>
<doc>Pauses the test executed for the given time.</doc>
<msg timestamp="20220320 00:09:28.704" level="INFO">Slept 2 seconds</msg>
<status status="PASS" starttime="20220320 00:09:26.704" endtime="20220320 00:09:28.705"/>
</kw>
<kw name="Wait Until Page Contains Element" library="SeleniumLibrary">
<arg>${log_sign_tab}</arg>
<doc>Waits until the element ``locator`` appears on the current page.</doc>
<status status="PASS" starttime="20220320 00:09:28.705" endtime="20220320 00:09:28.727"/>
</kw>
<kw name="Page Should Contain Element" library="SeleniumLibrary">
<arg>${log_sign_tab}</arg>
<doc>Verifies that element ``locator`` is found on the current page.</doc>
<msg timestamp="20220320 00:09:28.739" level="INFO">Current page contains element '//*[@class="MuiPaper-root MuiAppBar-root MuiAppBar-positionStatic MuiAppBar-colorPrimary MuiPaper-elevation4"]'.</msg>
<status status="PASS" starttime="20220320 00:09:28.728" endtime="20220320 00:09:28.739"/>
</kw>
<kw name="Sleep" library="BuiltIn">
<arg>2</arg>
<doc>Pauses the test executed for the given time.</doc>
<msg timestamp="20220320 00:09:30.740" level="INFO">Slept 2 seconds</msg>
<status status="PASS" starttime="20220320 00:09:28.739" endtime="20220320 00:09:30.740"/>
</kw>
<status status="PASS" starttime="20220320 00:09:26.631" endtime="20220320 00:09:30.740"/>
</kw>
<kw name="Click on the sign-up tab" library="header_test">
<kw name="Page Should Contain Element" library="SeleniumLibrary">
<arg>${sign_tab}</arg>
<doc>Verifies that element ``locator`` is found on the current page.</doc>
<msg timestamp="20220320 00:09:30.764" level="INFO">Current page contains element '//*[text()="Sign Up" and contains (@class, "MuiTab-wrapper")]'.</msg>
<status status="PASS" starttime="20220320 00:09:30.743" endtime="20220320 00:09:30.764"/>
</kw>
<kw name="Click Element" library="SeleniumLibrary">
<arg>${sign_tab}</arg>
<doc>Click the element identified by ``locator``.</doc>
<msg timestamp="20220320 00:09:30.764" level="INFO">Clicking element '//*[text()="Sign Up" and contains (@class, "MuiTab-wrapper")]'.</msg>
<status status="PASS" starttime="20220320 00:09:30.764" endtime="20220320 00:09:30.804"/>
</kw>
<kw name="Sleep" library="BuiltIn">
<arg>2</arg>
<doc>Pauses the test executed for the given time.</doc>
<msg timestamp="20220320 00:09:32.805" level="INFO">Slept 2 seconds</msg>
<status status="PASS" starttime="20220320 00:09:30.804" endtime="20220320 00:09:32.805"/>
</kw>
<kw name="Page Should Contain Element" library="SeleniumLibrary">
<arg>//*[text()="Enter Email"]</arg>
<doc>Verifies that element ``locator`` is found on the current page.</doc>
<msg timestamp="20220320 00:09:32.830" level="INFO">Current page contains element '//*[text()="Enter Email"]'.</msg>
<status status="PASS" starttime="20220320 00:09:32.806" endtime="20220320 00:09:32.830"/>
</kw>
<kw name="Page Should Contain Element" library="SeleniumLibrary">
<arg>//*[text()="Enter Password"]</arg>
<doc>Verifies that element ``locator`` is found on the current page.</doc>
<msg timestamp="20220320 00:09:32.844" level="INFO">Current page contains element '//*[text()="Enter Password"]'.</msg>
<status status="PASS" starttime="20220320 00:09:32.830" endtime="20220320 00:09:32.844"/>
</kw>
<kw name="Page Should Contain Element" library="SeleniumLibrary">
<arg>//*[text()="Confirm Password"]</arg>
<doc>Verifies that element ``locator`` is found on the current page.</doc>
<msg timestamp="20220320 00:09:32.851" level="INFO">Current page contains element '//*[text()="Confirm Password"]'.</msg>
<status status="PASS" starttime="20220320 00:09:32.845" endtime="20220320 00:09:32.851"/>
</kw>
<kw name="Page Should Contain Element" library="SeleniumLibrary">
<arg>//*[text()="Sign Up" and contains (@class, "MuiButton-label")] //parent::button</arg>
<doc>Verifies that element ``locator`` is found on the current page.</doc>
<msg timestamp="20220320 00:09:32.861" level="INFO">Current page contains element '//*[text()="Sign Up" and contains (@class, "MuiButton-label")] //parent::button'.</msg>
<status status="PASS" starttime="20220320 00:09:32.851" endtime="20220320 00:09:32.862"/>
</kw>
<kw name="Sleep" library="BuiltIn">
<arg>2</arg>
<doc>Pauses the test executed for the given time.</doc>
<msg timestamp="20220320 00:09:34.862" level="INFO">Slept 2 seconds</msg>
<status status="PASS" starttime="20220320 00:09:32.862" endtime="20220320 00:09:34.862"/>
</kw>
<status status="PASS" starttime="20220320 00:09:30.741" endtime="20220320 00:09:34.863"/>
</kw>
<kw name="Click on the login tab" library="header_test">
<kw name="Page Should Contain Element" library="SeleniumLibrary">
<arg>${log_tab}</arg>
<doc>Verifies that element ``locator`` is found on the current page.</doc>
<msg timestamp="20220320 00:09:34.887" level="INFO">Current page contains element '//*[text()="Login" and contains (@class, "MuiTab-wrapper")]'.</msg>
<status status="PASS" starttime="20220320 00:09:34.864" endtime="20220320 00:09:34.887"/>
</kw>
<kw name="Click Element" library="SeleniumLibrary">
<arg>${log_tab}</arg>
<doc>Click the element identified by ``locator``.</doc>
<msg timestamp="20220320 00:09:34.888" level="INFO">Clicking element '//*[text()="Login" and contains (@class, "MuiTab-wrapper")]'.</msg>
<status status="PASS" starttime="20220320 00:09:34.887" endtime="20220320 00:09:34.932"/>
</kw>
<kw name="Sleep" library="BuiltIn">
<arg>2</arg>
<doc>Pauses the test executed for the given time.</doc>
<msg timestamp="20220320 00:09:36.933" level="INFO">Slept 2 seconds</msg>
<status status="PASS" starttime="20220320 00:09:34.932" endtime="20220320 00:09:36.933"/>
</kw>
<kw name="Page Should Contain Element" library="SeleniumLibrary">
<arg>//*[text()="Enter Email"]</arg>
<doc>Verifies that element ``locator`` is found on the current page.</doc>
<msg timestamp="20220320 00:09:36.947" level="INFO">Current page contains element '//*[text()="Enter Email"]'.</msg>
<status status="PASS" starttime="20220320 00:09:36.934" endtime="20220320 00:09:36.947"/>
</kw>
<kw name="Page Should Contain Element" library="SeleniumLibrary">
<arg>//*[text()="Enter Your Password"]</arg>
<doc>Verifies that element ``locator`` is found on the current page.</doc>
<msg timestamp="20220320 00:09:36.970" level="INFO">Current page contains element '//*[text()="Enter Your Password"]'.</msg>
<status status="PASS" starttime="20220320 00:09:36.948" endtime="20220320 00:09:36.970"/>
</kw>
<kw name="Page Should Contain Element" library="SeleniumLibrary">
<arg>//*[text()="Login" and contains (@class, "MuiButton-label")] //parent::button</arg>
<doc>Verifies that element ``locator`` is found on the current page.</doc>
<msg timestamp="20220320 00:09:36.981" level="INFO">Current page contains element '//*[text()="Login" and contains (@class, "MuiButton-label")] //parent::button'.</msg>
<status status="PASS" starttime="20220320 00:09:36.971" endtime="20220320 00:09:36.981"/>
</kw>
<kw name="Sleep" library="BuiltIn">
<arg>2</arg>
<doc>Pauses the test executed for the given time.</doc>
<msg timestamp="20220320 00:09:38.981" level="INFO">Slept 2 seconds</msg>
<status status="PASS" starttime="20220320 00:09:36.981" endtime="20220320 00:09:38.982"/>
</kw>
<status status="PASS" starttime="20220320 00:09:34.863" endtime="20220320 00:09:38.982"/>
</kw>
<kw name="Login and check header component" library="header_test">
<kw name="Click Element" library="SeleniumLibrary">
<arg>${log_tab}</arg>
<doc>Click the element identified by ``locator``.</doc>
<msg timestamp="20220320 00:09:38.984" level="INFO">Clicking element '//*[text()="Login" and contains (@class, "MuiTab-wrapper")]'.</msg>
<status status="PASS" starttime="20220320 00:09:38.983" endtime="20220320 00:09:39.021"/>
</kw>
<kw name="Click Element" library="SeleniumLibrary">
<arg>${email_field}</arg>
<doc>Click the element identified by ``locator``.</doc>
<msg timestamp="20220320 00:09:39.022" level="INFO">Clicking element '//*[@type="email" and contains (@class, "MuiInputBase-input MuiFilledInput-input")]'.</msg>
<status status="PASS" starttime="20220320 00:09:39.021" endtime="20220320 00:09:39.063"/>
</kw>
<kw name="Input Text" library="SeleniumLibrary">
<arg>${email_field}</arg>
<arg>${test_email}</arg>
<doc>Types the given ``text`` into the text field identified by ``locator``.</doc>
<msg timestamp="20220320 00:09:39.063" level="INFO">Typing text 'emailtest@test.com.my' into text field '//*[@type="email" and contains (@class, "MuiInputBase-input MuiFilledInput-input")]'.</msg>
<status status="PASS" starttime="20220320 00:09:39.063" endtime="20220320 00:09:39.157"/>
</kw>
<kw name="Click Element" library="SeleniumLibrary">
<arg>${pswd_field}</arg>
<doc>Click the element identified by ``locator``.</doc>
<msg timestamp="20220320 00:09:39.158" level="INFO">Clicking element '//*[@type="password" and contains (@class, "MuiInputBase-input MuiFilledInput-input")]'.</msg>
<status status="PASS" starttime="20220320 00:09:39.157" endtime="20220320 00:09:39.196"/>
</kw>
<kw name="Input Text" library="SeleniumLibrary">
<arg>${pswd_field}</arg>
<arg>${test_pswd}</arg>
<doc>Types the given ``text`` into the text field identified by ``locator``.</doc>
<msg timestamp="20220320 00:09:39.196" level="INFO">Typing text 'abc123' into text field '//*[@type="password" and contains (@class, "MuiInputBase-input MuiFilledInput-input")]'.</msg>
<status status="PASS" starttime="20220320 00:09:39.196" endtime="20220320 00:09:39.245"/>
</kw>
<kw name="Sleep" library="BuiltIn">
<arg>2</arg>
<doc>Pauses the test executed for the given time.</doc>
<msg timestamp="20220320 00:09:41.245" level="INFO">Slept 2 seconds</msg>
<status status="PASS" starttime="20220320 00:09:39.245" endtime="20220320 00:09:41.246"/>
</kw>
<kw name="Click Element" library="SeleniumLibrary">
<arg>${login_btn_tab}</arg>
<doc>Click the element identified by ``locator``.</doc>
<msg timestamp="20220320 00:09:41.246" level="INFO">Clicking element '//*[@type="button" and contains (@class, "MuiButtonBase-root MuiButton-root MuiButton-contained MuiButton-containedSizeLarge MuiButton-sizeLarge")]'.</msg>
<status status="PASS" starttime="20220320 00:09:41.246" endtime="20220320 00:09:41.285"/>
</kw>
<kw name="Sleep" library="BuiltIn">
<arg>10</arg>
<doc>Pauses the test executed for the given time.</doc>
<msg timestamp="20220320 00:09:51.286" level="INFO">Slept 10 seconds</msg>
<status status="PASS" starttime="20220320 00:09:41.285" endtime="20220320 00:09:51.286"/>
</kw>
<kw name="Page Should Contain Element" library="SeleniumLibrary">
<arg>${avatar}</arg>
<doc>Verifies that element ``locator`` is found on the current page.</doc>
<msg timestamp="20220320 00:09:51.304" level="INFO">Current page contains element '//*[@class="MuiSvgIcon-root MuiAvatar-fallback"]'.</msg>
<status status="PASS" starttime="20220320 00:09:51.287" endtime="20220320 00:09:51.304"/>
</kw>
<kw name="Page Should Contain Element" library="SeleniumLibrary">
<arg>${currency_btn}</arg>
<doc>Verifies that element ``locator`` is found on the current page.</doc>
<msg timestamp="20220320 00:09:51.314" level="INFO">Current page contains element '//*[@id="root"]/div[2]/div/header/div/div/div/div/div[1]/button[1]'.</msg>
<status status="PASS" starttime="20220320 00:09:51.304" endtime="20220320 00:09:51.314"/>
</kw>
<status status="PASS" starttime="20220320 00:09:38.982" endtime="20220320 00:09:51.314"/>
</kw>
<kw name="Click User Avatar and sidebar should appear" library="sidebar_test">
<kw name="Wait Until Page Contains Element" library="SeleniumLibrary">
<arg>${avatar}</arg>
<doc>Waits until the element ``locator`` appears on the current page.</doc>
<status status="PASS" starttime="20220320 00:09:51.315" endtime="20220320 00:09:51.326"/>
</kw>
<kw name="Page Should Contain Element" library="SeleniumLibrary">
<arg>${avatar}</arg>
<doc>Verifies that element ``locator`` is found on the current page.</doc>
<msg timestamp="20220320 00:09:51.335" level="INFO">Current page contains element '//*[@class="MuiSvgIcon-root MuiAvatar-fallback"]'.</msg>
<status status="PASS" starttime="20220320 00:09:51.326" endtime="20220320 00:09:51.336"/>
</kw>
<kw name="Click Element" library="SeleniumLibrary">
<arg>${avatar}</arg>
<doc>Click the element identified by ``locator``.</doc>
<msg timestamp="20220320 00:09:51.336" level="INFO">Clicking element '//*[@class="MuiSvgIcon-root MuiAvatar-fallback"]'.</msg>
<status status="PASS" starttime="20220320 00:09:51.336" endtime="20220320 00:09:51.391"/>
</kw>
<kw name="Sleep" library="BuiltIn">
<arg>2</arg>
<doc>Pauses the test executed for the given time.</doc>
<msg timestamp="20220320 00:09:53.391" level="INFO">Slept 2 seconds</msg>
<status status="PASS" starttime="20220320 00:09:51.391" endtime="20220320 00:09:53.392"/>
</kw>
<kw name="Page Should Contain Element" library="SeleniumLibrary">
<arg>${sb}</arg>
<doc>Verifies that element ``locator`` is found on the current page.</doc>
<msg timestamp="20220320 00:09:53.413" level="INFO">Current page contains element '//*[@class="MuiPaper-root MuiDrawer-paper MuiDrawer-paperAnchorRight MuiPaper-elevation16"]'.</msg>
<status status="PASS" starttime="20220320 00:09:53.392" endtime="20220320 00:09:53.414"/>
</kw>
<kw name="Sleep" library="BuiltIn">
<arg>2</arg>
<doc>Pauses the test executed for the given time.</doc>
<msg timestamp="20220320 00:09:55.414" level="INFO">Slept 2 seconds</msg>
<status status="PASS" starttime="20220320 00:09:53.414" endtime="20220320 00:09:55.415"/>
</kw>
<status status="PASS" starttime="20220320 00:09:51.314" endtime="20220320 00:09:55.415"/>
</kw>
<kw name="Click logout and check header component" library="sidebar_test">
<kw name="Page Should Contain Element" library="SeleniumLibrary">
<arg>${logout_btn}</arg>
<doc>Verifies that element ``locator`` is found on the current page.</doc>
<msg timestamp="20220320 00:09:55.438" level="INFO">Current page contains element '//*[@type="button" and contains (@class, "MuiButtonBase-root MuiButton-root MuiButton-contained")]'.</msg>
<status status="PASS" starttime="20220320 00:09:55.416" endtime="20220320 00:09:55.438"/>
</kw>
<kw name="Click Element" library="SeleniumLibrary">
<arg>${logout_btn}</arg>
<doc>Click the element identified by ``locator``.</doc>
<msg timestamp="20220320 00:09:55.439" level="INFO">Clicking element '//*[@type="button" and contains (@class, "MuiButtonBase-root MuiButton-root MuiButton-contained")]'.</msg>
<status status="PASS" starttime="20220320 00:09:55.439" endtime="20220320 00:09:55.497"/>
</kw>
<kw name="Sleep" library="BuiltIn">
<arg>2</arg>
<doc>Pauses the test executed for the given time.</doc>
<msg timestamp="20220320 00:09:57.497" level="INFO">Slept 2 seconds</msg>
<status status="PASS" starttime="20220320 00:09:55.497" endtime="20220320 00:09:57.497"/>
</kw>
<kw name="Wait Until Page Contains Element" library="SeleniumLibrary">
<arg>${header}</arg>
<doc>Waits until the element ``locator`` appears on the current page.</doc>
<status status="PASS" starttime="20220320 00:09:57.498" endtime="20220320 00:09:57.513"/>
</kw>
<kw name="Page Should Not Contain Element" library="SeleniumLibrary">
<arg>${avatar}</arg>
<doc>Verifies that element ``locator`` is not found on the current page.</doc>
<msg timestamp="20220320 00:09:57.527" level="INFO">Current page does not contain element '//*[@class="MuiSvgIcon-root MuiAvatar-fallback"]'.</msg>
<status status="PASS" starttime="20220320 00:09:57.514" endtime="20220320 00:09:57.527"/>
</kw>
<kw name="Page Should Contain Element" library="SeleniumLibrary">
<arg>${currency_btn}</arg>
<doc>Verifies that element ``locator`` is found on the current page.</doc>
<msg timestamp="20220320 00:09:57.540" level="INFO">Current page contains element '//*[@id="root"]/div[2]/div/header/div/div/div/div/div[1]/button[1]'.</msg>
<status status="PASS" starttime="20220320 00:09:57.527" endtime="20220320 00:09:57.540"/>
</kw>
<kw name="Page Should Contain Element" library="SeleniumLibrary">
<arg>${login_btn}</arg>
<doc>Verifies that element ``locator`` is found on the current page.</doc>
<msg timestamp="20220320 00:09:57.554" level="INFO">Current page contains element '//*[@id="root"]/div[2]/div/header/div/div/div/div/div[1]/button[2]'.</msg>
<status status="PASS" starttime="20220320 00:09:57.541" endtime="20220320 00:09:57.554"/>
</kw>
<status status="PASS" starttime="20220320 00:09:55.415" endtime="20220320 00:09:57.554"/>
</kw>
<kw name="Decrease window size and check header component" library="header_test">
<kw name="Set Window Size" library="SeleniumLibrary">
<arg>820</arg>
<arg>1180</arg>
<doc>Sets current windows size to given ``width`` and ``height``.</doc>
<status status="PASS" starttime="20220320 00:09:57.555" endtime="20220320 00:09:57.775"/>
</kw>
<kw name="Sleep" library="BuiltIn">
<arg>5</arg>
<doc>Pauses the test executed for the given time.</doc>
<msg timestamp="20220320 00:10:02.776" level="INFO">Slept 5 seconds</msg>
<status status="PASS" starttime="20220320 00:09:57.775" endtime="20220320 00:10:02.776"/>
</kw>
<kw name="Page Should Not Contain" library="SeleniumLibrary">
<arg>${crypto_header}</arg>
<doc>Verifies the current page does not contain ``text``.</doc>
<msg timestamp="20220320 00:10:02.818" level="INFO">Current page does not contain text '//*[@id="root"]/div[2]/div/header/div/div/h6[1]'.</msg>
<status status="PASS" starttime="20220320 00:10:02.776" endtime="20220320 00:10:02.819"/>
</kw>
<kw name="Page Should Not Contain" library="SeleniumLibrary">
<arg>${forex_header}</arg>
<doc>Verifies the current page does not contain ``text``.</doc>
<msg timestamp="20220320 00:10:02.836" level="INFO">Current page does not contain text '//*[@id="root"]/div[2]/div/header/div/div/h6[2]'.</msg>
<status status="PASS" starttime="20220320 00:10:02.819" endtime="20220320 00:10:02.836"/>
</kw>
<kw name="Page Should Not Contain" library="SeleniumLibrary">
<arg>${aboutUs_header}</arg>
<doc>Verifies the current page does not contain ``text``.</doc>
<msg timestamp="20220320 00:10:02.848" level="INFO">Current page does not contain text '//*[@id="root"]/div[2]/div/header/div/div/h6[3]'.</msg>
<status status="PASS" starttime="20220320 00:10:02.836" endtime="20220320 00:10:02.848"/>
</kw>
<kw name="Page Should Not Contain" library="SeleniumLibrary">
<arg>${help_header}</arg>
<doc>Verifies the current page does not contain ``text``.</doc>
<msg timestamp="20220320 00:10:02.860" level="INFO">Current page does not contain text '//*[@id="root"]/div[2]/div/header/div/div/h6[4]'.</msg>
<status status="PASS" starttime="20220320 00:10:02.848" endtime="20220320 00:10:02.860"/>
</kw>
<kw name="Page Should Contain Element" library="SeleniumLibrary">
<arg>${logo_header}</arg>
<doc>Verifies that element ``locator`` is found on the current page.</doc>
<msg timestamp="20220320 00:10:02.868" level="INFO">Current page contains element '//*[@id="root"]/div[2]/div/header/div/div/img'.</msg>
<status status="PASS" starttime="20220320 00:10:02.860" endtime="20220320 00:10:02.868"/>
</kw>
<kw name="Page Should Contain Element" library="SeleniumLibrary">
<arg>${currency_btn}</arg>
<doc>Verifies that element ``locator`` is found on the current page.</doc>
<msg timestamp="20220320 00:10:02.873" level="INFO">Current page contains element '//*[@id="root"]/div[2]/div/header/div/div/div/div/div[1]/button[1]'.</msg>
<status status="PASS" starttime="20220320 00:10:02.869" endtime="20220320 00:10:02.873"/>
</kw>
<kw name="Page Should Contain Element" library="SeleniumLibrary">
<arg>${login_btn}</arg>
<doc>Verifies that element ``locator`` is found on the current page.</doc>
<msg timestamp="20220320 00:10:02.877" level="INFO">Current page contains element '//*[@id="root"]/div[2]/div/header/div/div/div/div/div[1]/button[2]'.</msg>
<status status="PASS" starttime="20220320 00:10:02.873" endtime="20220320 00:10:02.877"/>
</kw>
<kw name="Page Should Contain Element" library="SeleniumLibrary">
<arg>${hamburger}</arg>
<doc>Verifies that element ``locator`` is found on the current page.</doc>
<msg timestamp="20220320 00:10:02.885" level="INFO">Current page contains element '//*[@id="hamburger"]'.</msg>
<status status="PASS" starttime="20220320 00:10:02.878" endtime="20220320 00:10:02.885"/>
</kw>
<kw name="Sleep" library="BuiltIn">
<arg>5</arg>
<doc>Pauses the test executed for the given time.</doc>
<msg timestamp="20220320 00:10:07.886" level="INFO">Slept 5 seconds</msg>
<status status="PASS" starttime="20220320 00:10:02.885" endtime="20220320 00:10:07.886"/>
</kw>
<status status="PASS" starttime="20220320 00:09:57.555" endtime="20220320 00:10:07.886"/>
</kw>
<kw name="Click on the hamburger menu" library="header_test">
<kw name="Page Should Contain Element" library="SeleniumLibrary">
<arg>${hamburger}</arg>
<doc>Verifies that element ``locator`` is found on the current page.</doc>
<msg timestamp="20220320 00:10:07.899" level="INFO">Current page contains element '//*[@id="hamburger"]'.</msg>
<status status="PASS" starttime="20220320 00:10:07.887" endtime="20220320 00:10:07.899"/>
</kw>
<kw name="Click Element" library="SeleniumLibrary">
<arg>${hamburger}</arg>
<doc>Click the element identified by ``locator``.</doc>
<msg timestamp="20220320 00:10:07.900" level="INFO">Clicking element '//*[@id="hamburger"]'.</msg>
<status status="PASS" starttime="20220320 00:10:07.900" endtime="20220320 00:10:07.965"/>
</kw>
<kw name="Sleep" library="BuiltIn">
<arg>2</arg>
<doc>Pauses the test executed for the given time.</doc>
<msg timestamp="20220320 00:10:09.966" level="INFO">Slept 2 seconds</msg>
<status status="PASS" starttime="20220320 00:10:07.965" endtime="20220320 00:10:09.966"/>
</kw>
<status status="PASS" starttime="20220320 00:10:07.887" endtime="20220320 00:10:09.966"/>
</kw>
<kw name="Check hamburger menu component" library="header_test">
<kw name="Page Should Contain Element" library="SeleniumLibrary">
<arg>${hamburger_opt}</arg>
<doc>Verifies that element ``locator`` is found on the current page.</doc>
<msg timestamp="20220320 00:10:09.987" level="INFO">Current page contains element '//*[@id="root"]/div[2]/div/header/div/div/div[2]'.</msg>
<status status="PASS" starttime="20220320 00:10:09.967" endtime="20220320 00:10:09.987"/>
</kw>
<kw name="Page Should Contain Element" library="SeleniumLibrary">
<arg>${ham_crypto}</arg>
<doc>Verifies that element ``locator`` is found on the current page.</doc>
<msg timestamp="20220320 00:10:10.004" level="INFO">Current page contains element '//*[text()="CRYPTO" and contains (@class, "MuiTypography-body1")]'.</msg>
<status status="PASS" starttime="20220320 00:10:09.987" endtime="20220320 00:10:10.004"/>
</kw>
<kw name="Page Should Contain Element" library="SeleniumLibrary">
<arg>${ham_forex}</arg>
<doc>Verifies that element ``locator`` is found on the current page.</doc>
<msg timestamp="20220320 00:10:10.015" level="INFO">Current page contains element '//*[text()="FOREX" and contains (@class, "MuiTypography-body1")]'.</msg>
<status status="PASS" starttime="20220320 00:10:10.004" endtime="20220320 00:10:10.015"/>
</kw>
<kw name="Page Should Contain Element" library="SeleniumLibrary">
<arg>${ham_about}</arg>
<doc>Verifies that element ``locator`` is found on the current page.</doc>
<msg timestamp="20220320 00:10:10.022" level="INFO">Current page contains element '//*[text()="ABOUT US" and contains (@class, "MuiTypography-body1")]'.</msg>
<status status="PASS" starttime="20220320 00:10:10.015" endtime="20220320 00:10:10.023"/>
</kw>
<kw name="Page Should Contain Element" library="SeleniumLibrary">
<arg>${ham_help}</arg>
<doc>Verifies that element ``locator`` is found on the current page.</doc>
<msg timestamp="20220320 00:10:10.030" level="INFO">Current page contains element '//*[text()="HELP" and contains (@class, "MuiTypography-body1")]'.</msg>
<status status="PASS" starttime="20220320 00:10:10.023" endtime="20220320 00:10:10.030"/>
</kw>
<kw name="Page Should Contain Element" library="SeleniumLibrary">
<arg>${ham_x}</arg>
<doc>Verifies that element ``locator`` is found on the current page.</doc>
<msg timestamp="20220320 00:10:10.038" level="INFO">Current page contains element '//*[@id="root"]/div[2]/div/header/div/div/div[2]/p[1]'.</msg>
<status status="PASS" starttime="20220320 00:10:10.030" endtime="20220320 00:10:10.038"/>
</kw>
<kw name="Sleep" library="BuiltIn">
<arg>2</arg>
<doc>Pauses the test executed for the given time.</doc>
<msg timestamp="20220320 00:10:12.038" level="INFO">Slept 2 seconds</msg>
<status status="PASS" starttime="20220320 00:10:10.038" endtime="20220320 00:10:12.038"/>
</kw>
<status status="PASS" starttime="20220320 00:10:09.967" endtime="20220320 00:10:12.039"/>
</kw>
<kw name="Close hamburger" library="header_test">
<kw name="Page Should Contain Element" library="SeleniumLibrary">
<arg>${ham_x}</arg>
<doc>Verifies that element ``locator`` is found on the current page.</doc>
<msg timestamp="20220320 00:10:12.051" level="INFO">Current page contains element '//*[@id="root"]/div[2]/div/header/div/div/div[2]/p[1]'.</msg>
<status status="PASS" starttime="20220320 00:10:12.040" endtime="20220320 00:10:12.051"/>
</kw>
<kw name="Click Element" library="SeleniumLibrary">
<arg>${ham_x}</arg>
<doc>Click the element identified by ``locator``.</doc>
<msg timestamp="20220320 00:10:12.052" level="INFO">Clicking element '//*[@id="root"]/div[2]/div/header/div/div/div[2]/p[1]'.</msg>
<status status="PASS" starttime="20220320 00:10:12.052" endtime="20220320 00:10:12.099"/>
</kw>
<kw name="Page Should Not Contain Element" library="SeleniumLibrary">
<arg>${hamburger_opt}</arg>
<doc>Verifies that element ``locator`` is not found on the current page.</doc>
<msg timestamp="20220320 00:10:12.113" level="INFO">Current page does not contain element '//*[@id="root"]/div[2]/div/header/div/div/div[2]'.</msg>
<status status="PASS" starttime="20220320 00:10:12.099" endtime="20220320 00:10:12.113"/>
</kw>
<kw name="Sleep" library="BuiltIn">
<arg>2</arg>
<doc>Pauses the test executed for the given time.</doc>
<msg timestamp="20220320 00:10:14.113" level="INFO">Slept 2 seconds</msg>
<status status="PASS" starttime="20220320 00:10:12.113" endtime="20220320 00:10:14.114"/>
</kw>
<status status="PASS" starttime="20220320 00:10:12.039" endtime="20220320 00:10:14.114"/>
</kw>
<kw name="Click on the hamburger menu" library="header_test">
<kw name="Page Should Contain Element" library="SeleniumLibrary">
<arg>${hamburger}</arg>
<doc>Verifies that element ``locator`` is found on the current page.</doc>
<msg timestamp="20220320 00:10:14.119" level="INFO">Current page contains element '//*[@id="hamburger"]'.</msg>
<status status="PASS" starttime="20220320 00:10:14.114" endtime="20220320 00:10:14.120"/>
</kw>
<kw name="Click Element" library="SeleniumLibrary">
<arg>${hamburger}</arg>
<doc>Click the element identified by ``locator``.</doc>
<msg timestamp="20220320 00:10:14.120" level="INFO">Clicking element '//*[@id="hamburger"]'.</msg>
<status status="PASS" starttime="20220320 00:10:14.120" endtime="20220320 00:10:14.149"/>
</kw>
<kw name="Sleep" library="BuiltIn">
<arg>2</arg>
<doc>Pauses the test executed for the given time.</doc>
<msg timestamp="20220320 00:10:16.150" level="INFO">Slept 2 seconds</msg>
<status status="PASS" starttime="20220320 00:10:14.150" endtime="20220320 00:10:16.150"/>
</kw>
<status status="PASS" starttime="20220320 00:10:14.114" endtime="20220320 00:10:16.151"/>
</kw>
<kw name="Check CRYPTO in hamburger navigation" library="header_test">
<kw name="Page Should Contain Element" library="SeleniumLibrary">
<arg>${ham_crypto}</arg>
<doc>Verifies that element ``locator`` is found on the current page.</doc>
<msg timestamp="20220320 00:10:16.166" level="INFO">Current page contains element '//*[text()="CRYPTO" and contains (@class, "MuiTypography-body1")]'.</msg>
<status status="PASS" starttime="20220320 00:10:16.152" endtime="20220320 00:10:16.166"/>
</kw>
<kw name="Click Element" library="SeleniumLibrary">
<arg>${ham_crypto}</arg>
<doc>Click the element identified by ``locator``.</doc>
<msg timestamp="20220320 00:10:16.167" level="INFO">Clicking element '//*[text()="CRYPTO" and contains (@class, "MuiTypography-body1")]'.</msg>
<status status="PASS" starttime="20220320 00:10:16.166" endtime="20220320 00:10:16.281"/>
</kw>
<kw name="Location Should Be" library="SeleniumLibrary">
<arg>https://cryptonite5.netlify.app/crypto</arg>
<doc>Verifies that the current URL is exactly ``url``.</doc>
<msg timestamp="20220320 00:10:16.286" level="INFO">Current location is 'https://cryptonite5.netlify.app/crypto'.</msg>
<status status="PASS" starttime="20220320 00:10:16.282" endtime="20220320 00:10:16.286"/>
</kw>
<kw name="Sleep" library="BuiltIn">
<arg>2</arg>
<doc>Pauses the test executed for the given time.</doc>
<msg timestamp="20220320 00:10:18.286" level="INFO">Slept 2 seconds</msg>
<status status="PASS" starttime="20220320 00:10:16.286" endtime="20220320 00:10:18.287"/>
</kw>
<status status="PASS" starttime="20220320 00:10:16.151" endtime="20220320 00:10:18.287"/>
</kw>
<kw name="Click on the hamburger menu" library="header_test">
<kw name="Page Should Contain Element" library="SeleniumLibrary">
<arg>${hamburger}</arg>
<doc>Verifies that element ``locator`` is found on the current page.</doc>
<msg timestamp="20220320 00:10:18.299" level="INFO">Current page contains element '//*[@id="hamburger"]'.</msg>
<status status="PASS" starttime="20220320 00:10:18.288" endtime="20220320 00:10:18.299"/>
</kw>
<kw name="Click Element" library="SeleniumLibrary">
<arg>${hamburger}</arg>
<doc>Click the element identified by ``locator``.</doc>
<msg timestamp="20220320 00:10:18.300" level="INFO">Clicking element '//*[@id="hamburger"]'.</msg>
<status status="PASS" starttime="20220320 00:10:18.300" endtime="20220320 00:10:18.349"/>
</kw>
<kw name="Sleep" library="BuiltIn">
<arg>2</arg>
<doc>Pauses the test executed for the given time.</doc>
<msg timestamp="20220320 00:10:20.349" level="INFO">Slept 2 seconds</msg>
<status status="PASS" starttime="20220320 00:10:18.349" endtime="20220320 00:10:20.350"/>
</kw>
<status status="PASS" starttime="20220320 00:10:18.287" endtime="20220320 00:10:20.350"/>
</kw>
<kw name="Check FOREX in hamburger navigation" library="header_test">
<kw name="Page Should Contain Element" library="SeleniumLibrary">
<arg>${ham_forex}</arg>
<doc>Verifies that element ``locator`` is found on the current page.</doc>
<msg timestamp="20220320 00:10:20.362" level="INFO">Current page contains element '//*[text()="FOREX" and contains (@class, "MuiTypography-body1")]'.</msg>
<status status="PASS" starttime="20220320 00:10:20.351" endtime="20220320 00:10:20.362"/>
</kw>
<kw name="Click Element" library="SeleniumLibrary">
<arg>${ham_forex}</arg>
<doc>Click the element identified by ``locator``.</doc>
<msg timestamp="20220320 00:10:20.363" level="INFO">Clicking element '//*[text()="FOREX" and contains (@class, "MuiTypography-body1")]'.</msg>
<status status="PASS" starttime="20220320 00:10:20.362" endtime="20220320 00:10:20.439"/>
</kw>
<kw name="Location Should Be" library="SeleniumLibrary">
<arg>https://cryptonite5.netlify.app/forex</arg>
<doc>Verifies that the current URL is exactly ``url``.</doc>
<msg timestamp="20220320 00:10:20.444" level="INFO">Current location is 'https://cryptonite5.netlify.app/forex'.</msg>
<status status="PASS" starttime="20220320 00:10:20.439" endtime="20220320 00:10:20.444"/>
</kw>
<kw name="Sleep" library="BuiltIn">
<arg>2</arg>
<doc>Pauses the test executed for the given time.</doc>
<msg timestamp="20220320 00:10:22.445" level="INFO">Slept 2 seconds</msg>
<status status="PASS" starttime="20220320 00:10:20.445" endtime="20220320 00:10:22.445"/>
</kw>
<status status="PASS" starttime="20220320 00:10:20.350" endtime="20220320 00:10:22.446"/>
</kw>
<kw name="Click on the hamburger menu" library="header_test">
<kw name="Page Should Contain Element" library="SeleniumLibrary">
<arg>${hamburger}</arg>
<doc>Verifies that element ``locator`` is found on the current page.</doc>
<msg timestamp="20220320 00:10:22.473" level="INFO">Current page contains element '//*[@id="hamburger"]'.</msg>
<status status="PASS" starttime="20220320 00:10:22.447" endtime="20220320 00:10:22.473"/>
</kw>
<kw name="Click Element" library="SeleniumLibrary">
<arg>${hamburger}</arg>
<doc>Click the element identified by ``locator``.</doc>
<msg timestamp="20220320 00:10:22.473" level="INFO">Clicking element '//*[@id="hamburger"]'.</msg>
<status status="PASS" starttime="20220320 00:10:22.473" endtime="20220320 00:10:22.503"/>
</kw>
<kw name="Sleep" library="BuiltIn">
<arg>2</arg>
<doc>Pauses the test executed for the given time.</doc>
<msg timestamp="20220320 00:10:24.504" level="INFO">Slept 2 seconds</msg>
<status status="PASS" starttime="20220320 00:10:22.503" endtime="20220320 00:10:24.504"/>
</kw>
<status status="PASS" starttime="20220320 00:10:22.446" endtime="20220320 00:10:24.504"/>
</kw>
<kw name="Check ABOUT US in hamburger navigation" library="header_test">
<kw name="Page Should Contain Element" library="SeleniumLibrary">
<arg>${ham_about}</arg>
<doc>Verifies that element ``locator`` is found on the current page.</doc>
<msg timestamp="20220320 00:10:24.526" level="INFO">Current page contains element '//*[text()="ABOUT US" and contains (@class, "MuiTypography-body1")]'.</msg>
<status status="PASS" starttime="20220320 00:10:24.505" endtime="20220320 00:10:24.526"/>
</kw>
<kw name="Click Element" library="SeleniumLibrary">
<arg>${ham_about}</arg>
<doc>Click the element identified by ``locator``.</doc>
<msg timestamp="20220320 00:10:24.527" level="INFO">Clicking element '//*[text()="ABOUT US" and contains (@class, "MuiTypography-body1")]'.</msg>
<status status="PASS" starttime="20220320 00:10:24.526" endtime="20220320 00:10:24.589"/>
</kw>
<kw name="Location Should Be" library="SeleniumLibrary">
<arg>https://cryptonite5.netlify.app/about</arg>
<doc>Verifies that the current URL is exactly ``url``.</doc>
<msg timestamp="20220320 00:10:24.591" level="INFO">Current location is 'https://cryptonite5.netlify.app/about'.</msg>
<status status="PASS" starttime="20220320 00:10:24.589" endtime="20220320 00:10:24.592"/>
</kw>
<kw name="Sleep" library="BuiltIn">
<arg>2</arg>
<doc>Pauses the test executed for the given time.</doc>
<msg timestamp="20220320 00:10:26.592" level="INFO">Slept 2 seconds</msg>
<status status="PASS" starttime="20220320 00:10:24.592" endtime="20220320 00:10:26.592"/>
</kw>
<status status="PASS" starttime="20220320 00:10:24.505" endtime="20220320 00:10:26.592"/>
</kw>
<kw name="Click on the hamburger menu" library="header_test">
<kw name="Page Should Contain Element" library="SeleniumLibrary">
<arg>${hamburger}</arg>
<doc>Verifies that element ``locator`` is found on the current page.</doc>
<msg timestamp="20220320 00:10:26.599" level="INFO">Current page contains element '//*[@id="hamburger"]'.</msg>
<status status="PASS" starttime="20220320 00:10:26.593" endtime="20220320 00:10:26.599"/>
</kw>
<kw name="Click Element" library="SeleniumLibrary">
<arg>${hamburger}</arg>
<doc>Click the element identified by ``locator``.</doc>
<msg timestamp="20220320 00:10:26.599" level="INFO">Clicking element '//*[@id="hamburger"]'.</msg>
<status status="PASS" starttime="20220320 00:10:26.599" endtime="20220320 00:10:26.626"/>
</kw>
<kw name="Sleep" library="BuiltIn">
<arg>2</arg>
<doc>Pauses the test executed for the given time.</doc>
<msg timestamp="20220320 00:10:28.627" level="INFO">Slept 2 seconds</msg>
<status status="PASS" starttime="20220320 00:10:26.626" endtime="20220320 00:10:28.627"/>
</kw>
<status status="PASS" starttime="20220320 00:10:26.592" endtime="20220320 00:10:28.627"/>
</kw>
<kw name="Check HELP in hamburger navigation" library="header_test">
<kw name="Page Should Contain Element" library="SeleniumLibrary">
<arg>${ham_help}</arg>
<doc>Verifies that element ``locator`` is found on the current page.</doc>
<msg timestamp="20220320 00:10:28.648" level="INFO">Current page contains element '//*[text()="HELP" and contains (@class, "MuiTypography-body1")]'.</msg>
<status status="PASS" starttime="20220320 00:10:28.628" endtime="20220320 00:10:28.648"/>
</kw>
<kw name="Click Element" library="SeleniumLibrary">
<arg>${ham_help}</arg>
<doc>Click the element identified by ``locator``.</doc>
<msg timestamp="20220320 00:10:28.649" level="INFO">Clicking element '//*[text()="HELP" and contains (@class, "MuiTypography-body1")]'.</msg>
<status status="PASS" starttime="20220320 00:10:28.648" endtime="20220320 00:10:28.721"/>
</kw>
<kw name="Location Should Be" library="SeleniumLibrary">
<arg>https://cryptonite5.netlify.app/help</arg>
<doc>Verifies that the current URL is exactly ``url``.</doc>
<msg timestamp="20220320 00:10:28.724" level="INFO">Current location is 'https://cryptonite5.netlify.app/help'.</msg>
<status status="PASS" starttime="20220320 00:10:28.721" endtime="20220320 00:10:28.724"/>
</kw>
<kw name="Sleep" library="BuiltIn">
<arg>2</arg>
<doc>Pauses the test executed for the given time.</doc>
<msg timestamp="20220320 00:10:30.725" level="INFO">Slept 2 seconds</msg>
<status status="PASS" starttime="20220320 00:10:28.725" endtime="20220320 00:10:30.725"/>
</kw>
<status status="PASS" starttime="20220320 00:10:28.628" endtime="20220320 00:10:30.726"/>
</kw>
<kw name="Maximize Browser Window" library="SeleniumLibrary">
<doc>Maximizes current browser window.</doc>
<status status="PASS" starttime="20220320 00:10:30.726" endtime="20220320 00:10:30.833"/>
</kw>
<kw name="Return to Homepage" library="header_test">
<kw name="Sleep" library="BuiltIn">
<arg>2</arg>
<doc>Pauses the test executed for the given time.</doc>
<msg timestamp="20220320 00:10:32.835" level="INFO">Slept 2 seconds</msg>
<status status="PASS" starttime="20220320 00:10:30.834" endtime="20220320 00:10:32.835"/>
</kw>
<kw name="Execute Javascript" library="SeleniumLibrary">
<arg>window.scrollTo(0,0)</arg>
<doc>Executes the given JavaScript code with possible arguments.</doc>
<msg timestamp="20220320 00:10:32.836" level="INFO">Executing JavaScript:
window.scrollTo(0,0)
Without any arguments.</msg>
<status status="PASS" starttime="20220320 00:10:32.835" endtime="20220320 00:10:32.844"/>
</kw>
<kw name="Sleep" library="BuiltIn">
<arg>2</arg>
<doc>Pauses the test executed for the given time.</doc>
<msg timestamp="20220320 00:10:34.845" level="INFO">Slept 2 seconds</msg>
<status status="PASS" starttime="20220320 00:10:32.844" endtime="20220320 00:10:34.845"/>
</kw>
<kw name="Wait Until Page Contains Element" library="SeleniumLibrary">
<arg>${header}</arg>
<doc>Waits until the element ``locator`` appears on the current page.</doc>
<status status="PASS" starttime="20220320 00:10:34.846" endtime="20220320 00:10:34.863"/>
</kw>
<kw name="Click Element" library="SeleniumLibrary">
<arg>${logo_header}</arg>
<doc>Click the element identified by ``locator``.</doc>
<msg timestamp="20220320 00:10:34.864" level="INFO">Clicking element '//*[@id="root"]/div[2]/div/header/div/div/img'.</msg>
<status status="PASS" starttime="20220320 00:10:34.863" endtime="20220320 00:10:34.937"/>
</kw>
<kw name="Location Should Be" library="SeleniumLibrary">
<arg>https://cryptonite5.netlify.app/</arg>
<doc>Verifies that the current URL is exactly ``url``.</doc>
<msg timestamp="20220320 00:10:35.016" level="INFO">Current location is 'https://cryptonite5.netlify.app/'.</msg>
<status status="PASS" starttime="20220320 00:10:34.938" endtime="20220320 00:10:35.016"/>
</kw>
<kw name="Sleep" library="BuiltIn">
<arg>2</arg>
<doc>Pauses the test executed for the given time.</doc>
<msg timestamp="20220320 00:10:37.017" level="INFO">Slept 2 seconds</msg>
<status status="PASS" starttime="20220320 00:10:35.017" endtime="20220320 00:10:37.017"/>
</kw>
<status status="PASS" starttime="20220320 00:10:30.834" endtime="20220320 00:10:37.017"/>
</kw>
<kw name="Check header component" library="header_test">
<kw name="Wait Until Page Contains Element" library="SeleniumLibrary">
<arg>${header}</arg>
<doc>Waits until the element ``locator`` appears on the current page.</doc>
<status status="PASS" starttime="20220320 00:10:37.018" endtime="20220320 00:10:37.024"/>
</kw>
<kw name="Page Should Contain Element" library="SeleniumLibrary">
<arg>${logo_header}</arg>
<doc>Verifies that element ``locator`` is found on the current page.</doc>
<msg timestamp="20220320 00:10:37.028" level="INFO">Current page contains element '//*[@id="root"]/div[2]/div/header/div/div/img'.</msg>
<status status="PASS" starttime="20220320 00:10:37.024" endtime="20220320 00:10:37.028"/>
</kw>
<kw name="Page Should Contain Element" library="SeleniumLibrary">
<arg>${crypto_header}</arg>
<doc>Verifies that element ``locator`` is found on the current page.</doc>
<msg timestamp="20220320 00:10:37.035" level="INFO">Current page contains element '//*[@id="root"]/div[2]/div/header/div/div/h6[1]'.</msg>
<status status="PASS" starttime="20220320 00:10:37.028" endtime="20220320 00:10:37.035"/>
</kw>
<kw name="Page Should Contain Element" library="SeleniumLibrary">
<arg>${forex_header}</arg>
<doc>Verifies that element ``locator`` is found on the current page.</doc>
<msg timestamp="20220320 00:10:37.042" level="INFO">Current page contains element '//*[@id="root"]/div[2]/div/header/div/div/h6[2]'.</msg>
<status status="PASS" starttime="20220320 00:10:37.035" endtime="20220320 00:10:37.042"/>
</kw>
<kw name="Page Should Contain Element" library="SeleniumLibrary">
<arg>${aboutUs_header}</arg>
<doc>Verifies that element ``locator`` is found on the current page.</doc>
<msg timestamp="20220320 00:10:37.050" level="INFO">Current page contains element '//*[@id="root"]/div[2]/div/header/div/div/h6[3]'.</msg>
<status status="PASS" starttime="20220320 00:10:37.042" endtime="20220320 00:10:37.050"/>
</kw>
<kw name="Page Should Contain Element" library="SeleniumLibrary">
<arg>${help_header}</arg>
<doc>Verifies that element ``locator`` is found on the current page.</doc>
<msg timestamp="20220320 00:10:37.058" level="INFO">Current page contains element '//*[@id="root"]/div[2]/div/header/div/div/h6[4]'.</msg>
<status status="PASS" starttime="20220320 00:10:37.050" endtime="20220320 00:10:37.058"/>
</kw>
<kw name="Page Should Contain Element" library="SeleniumLibrary">
<arg>${currency_btn}</arg>
<doc>Verifies that element ``locator`` is found on the current page.</doc>
<msg timestamp="20220320 00:10:37.067" level="INFO">Current page contains element '//*[@id="root"]/div[2]/div/header/div/div/div/div/div[1]/button[1]'.</msg>
<status status="PASS" starttime="20220320 00:10:37.058" endtime="20220320 00:10:37.067"/>
</kw>
<kw name="Page Should Contain Element" library="SeleniumLibrary">
<arg>${login_btn}</arg>
<doc>Verifies that element ``locator`` is found on the current page.</doc>
<msg timestamp="20220320 00:10:37.076" level="INFO">Current page contains element '//*[@id="root"]/div[2]/div/header/div/div/div/div/div[1]/button[2]'.</msg>
<status status="PASS" starttime="20220320 00:10:37.068" endtime="20220320 00:10:37.076"/>
</kw>
<kw name="Sleep" library="BuiltIn">
<arg>2</arg>
<doc>Pauses the test executed for the given time.</doc>
<msg timestamp="20220320 00:10:39.077" level="INFO">Slept 2 seconds</msg>
<status status="PASS" starttime="20220320 00:10:37.077" endtime="20220320 00:10:39.077"/>
</kw>
<status status="PASS" starttime="20220320 00:10:37.018" endtime="20220320 00:10:39.077"/>
</kw>
<status status="PASS" starttime="20220320 00:08:30.687" endtime="20220320 00:10:39.077"/>
</test>
<test id="s1-t3" name="Footer Component Test">
<kw name="Check header component" library="header_test">
<kw name="Wait Until Page Contains Element" library="SeleniumLibrary">
<arg>${header}</arg>
<doc>Waits until the element ``locator`` appears on the current page.</doc>
<status status="PASS" starttime="20220320 00:10:39.078" endtime="20220320 00:10:39.086"/>
</kw>
<kw name="Page Should Contain Element" library="SeleniumLibrary">
<arg>${logo_header}</arg>
<doc>Verifies that element ``locator`` is found on the current page.</doc>
<msg timestamp="20220320 00:10:39.093" level="INFO">Current page contains element '//*[@id="root"]/div[2]/div/header/div/div/img'.</msg>
<status status="PASS" starttime="20220320 00:10:39.086" endtime="20220320 00:10:39.093"/>
</kw>
<kw name="Page Should Contain Element" library="SeleniumLibrary">
<arg>${crypto_header}</arg>
<doc>Verifies that element ``locator`` is found on the current page.</doc>
<msg timestamp="20220320 00:10:39.098" level="INFO">Current page contains element '//*[@id="root"]/div[2]/div/header/div/div/h6[1]'.</msg>
<status status="PASS" starttime="20220320 00:10:39.094" endtime="20220320 00:10:39.098"/>
</kw>
<kw name="Page Should Contain Element" library="SeleniumLibrary">
<arg>${forex_header}</arg>
<doc>Verifies that element ``locator`` is found on the current page.</doc>
<msg timestamp="20220320 00:10:39.106" level="INFO">Current page contains element '//*[@id="root"]/div[2]/div/header/div/div/h6[2]'.</msg>
<status status="PASS" starttime="20220320 00:10:39.098" endtime="20220320 00:10:39.106"/>
</kw>
<kw name="Page Should Contain Element" library="SeleniumLibrary">
<arg>${aboutUs_header}</arg>
<doc>Verifies that element ``locator`` is found on the current page.</doc>
<msg timestamp="20220320 00:10:39.111" level="INFO">Current page contains element '//*[@id="root"]/div[2]/div/header/div/div/h6[3]'.</msg>
<status status="PASS" starttime="20220320 00:10:39.106" endtime="20220320 00:10:39.111"/>
</kw>
<kw name="Page Should Contain Element" library="SeleniumLibrary">
<arg>${help_header}</arg>
<doc>Verifies that element ``locator`` is found on the current page.</doc>
<msg timestamp="20220320 00:10:39.116" level="INFO">Current page contains element '//*[@id="root"]/div[2]/div/header/div/div/h6[4]'.</msg>
<status status="PASS" starttime="20220320 00:10:39.111" endtime="20220320 00:10:39.116"/>
</kw>
<kw name="Page Should Contain Element" library="SeleniumLibrary">
<arg>${currency_btn}</arg>
<doc>Verifies that element ``locator`` is found on the current page.</doc>
<msg timestamp="20220320 00:10:39.123" level="INFO">Current page contains element '//*[@id="root"]/div[2]/div/header/div/div/div/div/div[1]/button[1]'.</msg>
<status status="PASS" starttime="20220320 00:10:39.116" endtime="20220320 00:10:39.123"/>
</kw>
<kw name="Page Should Contain Element" library="SeleniumLibrary">
<arg>${login_btn}</arg>
<doc>Verifies that element ``locator`` is found on the current page.</doc>
<msg timestamp="20220320 00:10:39.127" level="INFO">Current page contains element '//*[@id="root"]/div[2]/div/header/div/div/div/div/div[1]/button[2]'.</msg>
<status status="PASS" starttime="20220320 00:10:39.123" endtime="20220320 00:10:39.127"/>
</kw>
<kw name="Sleep" library="BuiltIn">
<arg>2</arg>
<doc>Pauses the test executed for the given time.</doc>
<msg timestamp="20220320 00:10:41.128" level="INFO">Slept 2 seconds</msg>
<status status="PASS" starttime="20220320 00:10:39.127" endtime="20220320 00:10:41.128"/>
</kw>
<status status="PASS" starttime="20220320 00:10:39.078" endtime="20220320 00:10:41.128"/>
</kw>
<kw name="Click on the Footer logo and Navigate to Homepage" library="footer_test">
<kw name="Wait Until Page Contains Element" library="SeleniumLibrary">
<arg>${footer}</arg>
<doc>Waits until the element ``locator`` appears on the current page.</doc>
<status status="PASS" starttime="20220320 00:10:41.129" endtime="20220320 00:10:41.152"/>
</kw>
<kw name="Sleep" library="BuiltIn">
<arg>2</arg>
<doc>Pauses the test executed for the given time.</doc>
<msg timestamp="20220320 00:10:43.153" level="INFO">Slept 2 seconds</msg>
<status status="PASS" starttime="20220320 00:10:41.152" endtime="20220320 00:10:43.154"/>
</kw>
<kw name="Execute Javascript" library="SeleniumLibrary">
<arg>window.scrollTo(0,2000)</arg>
<doc>Executes the given JavaScript code with possible arguments.</doc>
<msg timestamp="20220320 00:10:43.155" level="INFO">Executing JavaScript:
window.scrollTo(0,2000)
Without any arguments.</msg>
[...]
</kw>
<kw name="Page Should Contain Element" library="SeleniumLibrary">
<arg>${textfield}</arg>
<doc>Verifies that element ``locator`` is found on the current page.</doc>
<msg timestamp="20220320 00:23:18.037" level="INFO">Current page contains element '//*[@id="root"]/div[3]/div[1]/form/div/div[1]/textarea'.</msg>
<status status="PASS" starttime="20220320 00:23:18.024" endtime="20220320 00:23:18.037"/>
</kw>
<kw name="Click Element" library="SeleniumLibrary">
<arg>${textfield}</arg>
<doc>Click the element identified by ``locator``.</doc>
<msg timestamp="20220320 00:23:18.038" level="INFO">Clicking element '//*[@id="root"]/div[3]/div[1]/form/div/div[1]/textarea'.</msg>
<status status="PASS" starttime="20220320 00:23:18.038" endtime="20220320 00:23:18.079"/>
</kw>
<kw name="Input Text" library="SeleniumLibrary">
<arg>${textfield}</arg>
<arg>text=This is a testing automated by Robot Framework, Selenium.</arg>
<doc>Types the given ``text`` into the text field identified by ``locator``.</doc>
<msg timestamp="20220320 00:23:18.080" level="INFO">Typing text 'This is a testing automated by Robot Framework, Selenium.' into text field '//*[@id="root"]/div[3]/div[1]/form/div/div[1]/textarea'.</msg>
<status status="PASS" starttime="20220320 00:23:18.079" endtime="20220320 00:23:18.199"/>
</kw>
<kw name="Sleep" library="BuiltIn">
<arg>2</arg>
<doc>Pauses the test executed for the given time.</doc>
<msg timestamp="20220320 00:23:20.200" level="INFO">Slept 2 seconds</msg>
<status status="PASS" starttime="20220320 00:23:18.199" endtime="20220320 00:23:20.200"/>
</kw>
<kw name="Page Should Contain Element" library="SeleniumLibrary">
<arg>${submit_btn}</arg>
<doc>Verifies that element ``locator`` is found on the current page.</doc>
<msg timestamp="20220320 00:23:20.217" level="INFO">Current page contains element '//*[@id="root"]/div[3]/div[1]/form/div/div[2]/button/p'.</msg>
<status status="PASS" starttime="20220320 00:23:20.200" endtime="20220320 00:23:20.217"/>
</kw>
<kw name="Click Element" library="SeleniumLibrary">
<arg>${submit_btn}</arg>
<doc>Click the element identified by ``locator``.</doc>
<msg timestamp="20220320 00:23:20.217" level="INFO">Clicking element '//*[@id="root"]/div[3]/div[1]/form/div/div[2]/button/p'.</msg>
<status status="PASS" starttime="20220320 00:23:20.217" endtime="20220320 00:23:20.291"/>
</kw>
<kw name="Sleep" library="BuiltIn">
<arg>2</arg>
<doc>Pauses the test executed for the given time.</doc>
<msg timestamp="20220320 00:23:22.292" level="INFO">Slept 2 seconds</msg>
<status status="PASS" starttime="20220320 00:23:20.292" endtime="20220320 00:23:22.292"/>
</kw>
<kw name="Page Should Contain Element" library="SeleniumLibrary">
<arg>${popup_msg}</arg>
<doc>Verifies that element ``locator`` is found on the current page.</doc>
<msg timestamp="20220320 00:23:22.312" level="INFO">Current page contains element '//*[@class="MuiAlert-message"]'.</msg>
<status status="PASS" starttime="20220320 00:23:22.293" endtime="20220320 00:23:22.312"/>
</kw>
<kw name="Sleep" library="BuiltIn">
<arg>1</arg>
<doc>Pauses the test executed for the given time.</doc>
<msg timestamp="20220320 00:23:23.313" level="INFO">Slept 1 second</msg>
<status status="PASS" starttime="20220320 00:23:22.313" endtime="20220320 00:23:23.313"/>
</kw>
<kw name="Execute Javascript" library="SeleniumLibrary">
<arg>window.scrollTo(0,0)</arg>
<doc>Executes the given JavaScript code with possible arguments.</doc>
<msg timestamp="20220320 00:23:23.314" level="INFO">Executing JavaScript:
window.scrollTo(0,0)
Without any arguments.</msg>
<status status="PASS" starttime="20220320 00:23:23.314" endtime="20220320 00:23:23.323"/>
</kw>
<kw name="Sleep" library="BuiltIn">
<arg>2</arg>
<doc>Pauses the test executed for the given time.</doc>
<msg timestamp="20220320 00:23:25.324" level="INFO">Slept 2 seconds</msg>
<status status="PASS" starttime="20220320 00:23:23.323" endtime="20220320 00:23:25.324"/>
</kw>
<status status="PASS" starttime="20220320 00:23:05.781" endtime="20220320 00:23:25.324"/>
</kw>
<kw name="No rating and valid input, click submit" library="help_test">
<kw name="Sleep" library="BuiltIn">
<arg>2</arg>
<doc>Pauses the test executed for the given time.</doc>
<msg timestamp="20220320 00:23:27.326" level="INFO">Slept 2 seconds</msg>
<status status="PASS" starttime="20220320 00:23:25.325" endtime="20220320 00:23:27.326"/>
</kw>
<kw name="Execute Javascript" library="SeleniumLibrary">
<arg>window.scrollTo(0,850)</arg>
<doc>Executes the given JavaScript code with possible arguments.</doc>
<msg timestamp="20220320 00:23:27.327" level="INFO">Executing JavaScript:
window.scrollTo(0,850)
Without any arguments.</msg>
<status status="PASS" starttime="20220320 00:23:27.326" endtime="20220320 00:23:27.335"/>
</kw>
<kw name="Sleep" library="BuiltIn">
<arg>1</arg>
<doc>Pauses the test executed for the given time.</doc>
<msg timestamp="20220320 00:23:28.335" level="INFO">Slept 1 second</msg>
<status status="PASS" starttime="20220320 00:23:27.335" endtime="20220320 00:23:28.336"/>
</kw>
<kw name="Page Should Contain Element" library="SeleniumLibrary">
<arg>${thumb_up}</arg>
<doc>Verifies that element ``locator`` is found on the current page.</doc>
<msg timestamp="20220320 00:23:28.351" level="INFO">Current page contains element '//*[@data-testid="ThumbUpOffAltIcon"]'.</msg>
<status status="PASS" starttime="20220320 00:23:28.336" endtime="20220320 00:23:28.351"/>
</kw>
<kw name="Click Element" library="SeleniumLibrary">
<arg>${thumb_up}</arg>
<doc>Click the element identified by ``locator``.</doc>
<msg timestamp="20220320 00:23:28.352" level="INFO">Clicking element '//*[@data-testid="ThumbUpOffAltIcon"]'.</msg>
<status status="PASS" starttime="20220320 00:23:28.352" endtime="20220320 00:23:28.394"/>
</kw>
<kw name="Sleep" library="BuiltIn">
<arg>1</arg>
<doc>Pauses the test executed for the given time.</doc>
<msg timestamp="20220320 00:23:29.394" level="INFO">Slept 1 second</msg>
<status status="PASS" starttime="20220320 00:23:28.394" endtime="20220320 00:23:29.395"/>
</kw>
<kw name="Page Should Contain Element" library="SeleniumLibrary">
<arg>${green_thumb}</arg>
<doc>Verifies that element ``locator`` is found on the current page.</doc>
<msg timestamp="20220320 00:23:29.408" level="INFO">Current page contains element '//*[@data-testid='ThumbUpOffAltIcon' and contains (@value, "yes")]'.</msg>
<status status="PASS" starttime="20220320 00:23:29.395" endtime="20220320 00:23:29.408"/>
</kw>
<kw name="Sleep" library="BuiltIn">
<arg>1</arg>
<doc>Pauses the test executed for the given time.</doc>
<msg timestamp="20220320 00:23:30.408" level="INFO">Slept 1 second</msg>
<status status="PASS" starttime="20220320 00:23:29.408" endtime="20220320 00:23:30.409"/>
</kw>
<kw name="Execute Javascript" library="SeleniumLibrary">
<arg>window.scrollTo(0,0)</arg>
<doc>Executes the given JavaScript code with possible arguments.</doc>
<msg timestamp="20220320 00:23:30.409" level="INFO">Executing JavaScript:
window.scrollTo(0,0)
Without any arguments.</msg>
<status status="PASS" starttime="20220320 00:23:30.409" endtime="20220320 00:23:30.412"/>
</kw>
<kw name="Sleep" library="BuiltIn">
<arg>2</arg>
<doc>Pauses the test executed for the given time.</doc>
<msg timestamp="20220320 00:23:32.413" level="INFO">Slept 2 seconds</msg>
<status status="PASS" starttime="20220320 00:23:30.412" endtime="20220320 00:23:32.413"/>
</kw>
<kw name="Execute Javascript" library="SeleniumLibrary">
<arg>window.scrollTo(0,1300)</arg>
<doc>Executes the given JavaScript code with possible arguments.</doc>
<msg timestamp="20220320 00:23:32.414" level="INFO">Executing JavaScript:
window.scrollTo(0,1300)
Without any arguments.</msg>
<status status="PASS" starttime="20220320 00:23:32.413" endtime="20220320 00:23:32.421"/>
</kw>
<kw name="Sleep" library="BuiltIn">
<arg>2</arg>
<doc>Pauses the test executed for the given time.</doc>
<msg timestamp="20220320 00:23:34.422" level="INFO">Slept 2 seconds</msg>
<status status="PASS" starttime="20220320 00:23:32.422" endtime="20220320 00:23:34.423"/>
</kw>
<kw name="Page Should Contain Element" library="SeleniumLibrary">
<arg>${textfield}</arg>
<doc>Verifies that element ``locator`` is found on the current page.</doc>
<msg timestamp="20220320 00:23:34.436" level="INFO">Current page contains element '//*[@id="root"]/div[3]/div[1]/form/div/div[1]/textarea'.</msg>
<status status="PASS" starttime="20220320 00:23:34.423" endtime="20220320 00:23:34.436"/>
</kw>
<kw name="Click Element" library="SeleniumLibrary">
<arg>${textfield}</arg>
<doc>Click the element identified by ``locator``.</doc>
<msg timestamp="20220320 00:23:34.437" level="INFO">Clicking element '//*[@id="root"]/div[3]/div[1]/form/div/div[1]/textarea'.</msg>
<status status="PASS" starttime="20220320 00:23:34.436" endtime="20220320 00:23:34.475"/>
</kw>
<kw name="Input Text" library="SeleniumLibrary">
<arg>${textfield}</arg>
<arg>text=This is a testing automated by Robot Framework, Selenium.</arg>
<doc>Types the given ``text`` into the text field identified by ``locator``.</doc>
<msg timestamp="20220320 00:23:34.476" level="INFO">Typing text 'This is a testing automated by Robot Framework, Selenium.' into text field '//*[@id="root"]/div[3]/div[1]/form/div/div[1]/textarea'.</msg>
<status status="PASS" starttime="20220320 00:23:34.476" endtime="20220320 00:23:34.586"/>
</kw>
<kw name="Sleep" library="BuiltIn">
<arg>2</arg>
<doc>Pauses the test executed for the given time.</doc>
<msg timestamp="20220320 00:23:36.586" level="INFO">Slept 2 seconds</msg>
<status status="PASS" starttime="20220320 00:23:34.586" endtime="20220320 00:23:36.587"/>
</kw>
<kw name="Page Should Contain Element" library="SeleniumLibrary">
<arg>${submit_btn}</arg>
<doc>Verifies that element ``locator`` is found on the current page.</doc>
<msg timestamp="20220320 00:23:36.597" level="INFO">Current page contains element '//*[@id="root"]/div[3]/div[1]/form/div/div[2]/button/p'.</msg>
<status status="PASS" starttime="20220320 00:23:36.587" endtime="20220320 00:23:36.597"/>
</kw>
<kw name="Click Element" library="SeleniumLibrary">
<arg>${submit_btn}</arg>
<doc>Click the element identified by ``locator``.</doc>
<msg timestamp="20220320 00:23:36.597" level="INFO">Clicking element '//*[@id="root"]/div[3]/div[1]/form/div/div[2]/button/p'.</msg>
<status status="PASS" starttime="20220320 00:23:36.597" endtime="20220320 00:23:36.635"/>
</kw>
<kw name="Sleep" library="BuiltIn">
<arg>2</arg>
<doc>Pauses the test executed for the given time.</doc>
<msg timestamp="20220320 00:23:38.636" level="INFO">Slept 2 seconds</msg>
<status status="PASS" starttime="20220320 00:23:36.635" endtime="20220320 00:23:38.636"/>
</kw>
<kw name="Page Should Contain Element" library="SeleniumLibrary">
<arg>${error_msg}</arg>
<doc>Verifies that element ``locator`` is found on the current page.</doc>
<msg timestamp="20220320 00:23:38.651" level="INFO">Current page contains element '//*[@class="MuiAlert-message"]'.</msg>
<status status="PASS" starttime="20220320 00:23:38.636" endtime="20220320 00:23:38.651"/>
</kw>
<kw name="Sleep" library="BuiltIn">
<arg>1</arg>
<doc>Pauses the test executed for the given time.</doc>
<msg timestamp="20220320 00:23:39.652" level="INFO">Slept 1 second</msg>
<status status="PASS" starttime="20220320 00:23:38.651" endtime="20220320 00:23:39.652"/>
</kw>
<kw name="Execute Javascript" library="SeleniumLibrary">
<arg>window.scrollTo(0,0)</arg>
<doc>Executes the given JavaScript code with possible arguments.</doc>
<msg timestamp="20220320 00:23:39.654" level="INFO">Executing JavaScript:
window.scrollTo(0,0)
Without any arguments.</msg>
<status status="PASS" starttime="20220320 00:23:39.653" endtime="20220320 00:23:39.661"/>
</kw>
<kw name="Sleep" library="BuiltIn">
<arg>2</arg>
<doc>Pauses the test executed for the given time.</doc>
<msg timestamp="20220320 00:23:41.662" level="INFO">Slept 2 seconds</msg>
<status status="PASS" starttime="20220320 00:23:39.661" endtime="20220320 00:23:41.662"/>
</kw>
<kw name="Reload Page" library="SeleniumLibrary">
<doc>Simulates user reloading page.</doc>
<status status="PASS" starttime="20220320 00:23:41.662" endtime="20220320 00:23:43.985"/>
</kw>
<status status="PASS" starttime="20220320 00:23:25.325" endtime="20220320 00:23:43.985"/>
</kw>
<kw name="Rating clicked and no input, click submit" library="help_test">
<kw name="Sleep" library="BuiltIn">
<arg>2</arg>
<doc>Pauses the test executed for the given time.</doc>
<msg timestamp="20220320 00:23:45.986" level="INFO">Slept 2 seconds</msg>
<status status="PASS" starttime="20220320 00:23:43.986" endtime="20220320 00:23:45.986"/>
</kw>
<kw name="Execute Javascript" library="SeleniumLibrary">
<arg>window.scrollTo(0,850)</arg>
<doc>Executes the given JavaScript code with possible arguments.</doc>
<msg timestamp="20220320 00:23:45.987" level="INFO">Executing JavaScript:
window.scrollTo(0,850)
Without any arguments.</msg>
<status status="PASS" starttime="20220320 00:23:45.986" endtime="20220320 00:23:45.995"/>
</kw>
<kw name="Sleep" library="BuiltIn">
<arg>2</arg>
<doc>Pauses the test executed for the given time.</doc>
<msg timestamp="20220320 00:23:47.996" level="INFO">Slept 2 seconds</msg>
<status status="PASS" starttime="20220320 00:23:45.995" endtime="20220320 00:23:47.996"/>
</kw>
<kw name="Page Should Contain Element" library="SeleniumLibrary">
<arg>${first_rate_5}</arg>
<doc>Verifies that element ``locator`` is found on the current page.</doc>
<msg timestamp="20220320 00:23:48.011" level="INFO">Current page contains element '//*[@id="root"]/div[3]/div[1]/form/div/div[1]/span[1]/label[5]'.</msg>
<status status="PASS" starttime="20220320 00:23:47.996" endtime="20220320 00:23:48.011"/>
</kw>
<kw name="Click Element" library="SeleniumLibrary">
<arg>${first_rate_5}</arg>
<doc>Click the element identified by ``locator``.</doc>
<msg timestamp="20220320 00:23:48.012" level="INFO">Clicking element '//*[@id="root"]/div[3]/div[1]/form/div/div[1]/span[1]/label[5]'.</msg>
<status status="PASS" starttime="20220320 00:23:48.011" endtime="20220320 00:23:48.075"/>
</kw>
<kw name="Sleep" library="BuiltIn">
<arg>1</arg>
<doc>Pauses the test executed for the given time.</doc>
<msg timestamp="20220320 00:23:49.075" level="INFO">Slept 1 second</msg>
<status status="PASS" starttime="20220320 00:23:48.075" endtime="20220320 00:23:49.075"/>
</kw>
<kw name="Page Should Contain Element" library="SeleniumLibrary">
<arg>${second_rate_5}</arg>
<doc>Verifies that element ``locator`` is found on the current page.</doc>
<msg timestamp="20220320 00:23:49.087" level="INFO">Current page contains element '//*[@id="root"]/div[3]/div[1]/form/div/div[1]/span[2]/label[5]'.</msg>
<status status="PASS" starttime="20220320 00:23:49.076" endtime="20220320 00:23:49.088"/>
</kw>
<kw name="Click Element" library="SeleniumLibrary">
<arg>${second_rate_5}</arg>
<doc>Click the element identified by ``locator``.</doc>
<msg timestamp="20220320 00:23:49.088" level="INFO">Clicking element '//*[@id="root"]/div[3]/div[1]/form/div/div[1]/span[2]/label[5]'.</msg>
<status status="PASS" starttime="20220320 00:23:49.088" endtime="20220320 00:23:49.142"/>
</kw>
<kw name="Sleep" library="BuiltIn">
<arg>1</arg>
<doc>Pauses the test executed for the given time.</doc>
<msg timestamp="20220320 00:23:50.142" level="INFO">Slept 1 second</msg>
<status status="PASS" starttime="20220320 00:23:49.142" endtime="20220320 00:23:50.143"/>
</kw>
<kw name="Execute Javascript" library="SeleniumLibrary">
<arg>window.scrollTo(0,0)</arg>
<doc>Executes the given JavaScript code with possible arguments.</doc>
<msg timestamp="20220320 00:23:50.144" level="INFO">Executing JavaScript:
window.scrollTo(0,0)
Without any arguments.</msg>
<status status="PASS" starttime="20220320 00:23:50.143" endtime="20220320 00:23:50.150"/>
</kw>
<kw name="Sleep" library="BuiltIn">
<arg>2</arg>
<doc>Pauses the test executed for the given time.</doc>
<msg timestamp="20220320 00:23:52.151" level="INFO">Slept 2 seconds</msg>
<status status="PASS" starttime="20220320 00:23:50.151" endtime="20220320 00:23:52.151"/>
</kw>
<kw name="Execute Javascript" library="SeleniumLibrary">
<arg>window.scrollTo(0,1300)</arg>
<doc>Executes the given JavaScript code with possible arguments.</doc>
<msg timestamp="20220320 00:23:52.153" level="INFO">Executing JavaScript:
window.scrollTo(0,1300)
Without any arguments.</msg>
<status status="PASS" starttime="20220320 00:23:52.152" endtime="20220320 00:23:52.159"/>
</kw>
<kw name="Sleep" library="BuiltIn">
<arg>1</arg>
<doc>Pauses the test executed for the given time.</doc>
<msg timestamp="20220320 00:23:53.160" level="INFO">Slept 1 second</msg>
<status status="PASS" starttime="20220320 00:23:52.159" endtime="20220320 00:23:53.160"/>
</kw>
<kw name="Page Should Contain Element" library="SeleniumLibrary">
<arg>${submit_btn}</arg>
<doc>Verifies that element ``locator`` is found on the current page.</doc>
<msg timestamp="20220320 00:23:53.178" level="INFO">Current page contains element '//*[@id="root"]/div[3]/div[1]/form/div/div[2]/button/p'.</msg>
<status status="PASS" starttime="20220320 00:23:53.161" endtime="20220320 00:23:53.178"/>
</kw>
<kw name="Click Element" library="SeleniumLibrary">
<arg>${submit_btn}</arg>
<doc>Click the element identified by ``locator``.</doc>
<msg timestamp="20220320 00:23:53.178" level="INFO">Clicking element '//*[@id="root"]/div[3]/div[1]/form/div/div[2]/button/p'.</msg>
<status status="PASS" starttime="20220320 00:23:53.178" endtime="20220320 00:23:53.253"/>
</kw>
<kw name="Sleep" library="BuiltIn">
<arg>2</arg>
<doc>Pauses the test executed for the given time.</doc>
<msg timestamp="20220320 00:23:55.253" level="INFO">Slept 2 seconds</msg>
<status status="PASS" starttime="20220320 00:23:53.253" endtime="20220320 00:23:55.253"/>
</kw>
<kw name="Page Should Contain Element" library="SeleniumLibrary">
<arg>${popup_msg}</arg>
<doc>Verifies that element ``locator`` is found on the current page.</doc>
<msg timestamp="20220320 00:23:55.271" level="INFO">Current page contains element '//*[@class="MuiAlert-message"]'.</msg>
<status status="PASS" starttime="20220320 00:23:55.254" endtime="20220320 00:23:55.271"/>
</kw>
<kw name="Sleep" library="BuiltIn">
<arg>1</arg>
<doc>Pauses the test executed for the given time.</doc>
<msg timestamp="20220320 00:23:56.271" level="INFO">Slept 1 second</msg>
<status status="PASS" starttime="20220320 00:23:55.271" endtime="20220320 00:23:56.272"/>
</kw>
<kw name="Execute Javascript" library="SeleniumLibrary">
<arg>window.scrollTo(0,0)</arg>
<doc>Executes the given JavaScript code with possible arguments.</doc>
<msg timestamp="20220320 00:23:56.272" level="INFO">Executing JavaScript:
window.scrollTo(0,0)
Without any arguments.</msg>
<status status="PASS" starttime="20220320 00:23:56.272" endtime="20220320 00:23:56.277"/>
</kw>
<kw name="Sleep" library="BuiltIn">
<arg>2</arg>
<doc>Pauses the test executed for the given time.</doc>
<msg timestamp="20220320 00:23:58.277" level="INFO">Slept 2 seconds</msg>
<status status="PASS" starttime="20220320 00:23:56.277" endtime="20220320 00:23:58.278"/>
</kw>
<status status="PASS" starttime="20220320 00:23:43.985" endtime="20220320 00:23:58.278"/>
</kw>
<status status="PASS" starttime="20220320 00:23:05.781" endtime="20220320 00:23:58.278"/>
</test>
<test id="s1-t31" name="Close Website">
<kw name="Close Browser" library="SeleniumLibrary">
<doc>Closes the current browser.</doc>
<status status="PASS" starttime="20220320 00:23:58.280" endtime="20220320 00:23:58.351"/>
</kw>
<status status="PASS" starttime="20220320 00:23:58.279" endtime="20220320 00:23:58.351"/>
</test>
<status status="PASS" starttime="20220320 00:08:28.827" endtime="20220320 00:23:58.352"/>
</suite>
<statistics>
<total>
<stat pass="31" fail="0" skip="0">All Tests</stat>
</total>
<tag>
</tag>
<suite>
<stat pass="31" fail="0" skip="0" id="s1" name="Test">Test</stat>
</suite>
</statistics>
<errors>
</errors>
</robot>
