<?xml version="1.0" encoding="UTF-8"?>
<robot generator="Robot 4.1.3 (Python 3.8.10 on linux)" generated="20220321 09:43:47.700" rpa="false" schemaversion="2">
<suite id="s1" name="Integration" source="/home/amirul/Documents/BeSquare/00_FinalProject/Cryptonite_QA/integration.robot">
<test id="s1-t1" name="Open Website">
<kw name="Open Browser" library="SeleniumLibrary">
<arg>https://cryptonite5.netlify.app/</arg>
<arg>chrome</arg>
<doc>Opens a new browser instance to the optional ``url``.</doc>
<msg timestamp="20220321 09:43:47.799" level="INFO">Opening browser 'chrome' to base url 'https://cryptonite5.netlify.app/'.</msg>
<status status="PASS" starttime="20220321 09:43:47.799" endtime="20220321 09:43:49.594"/>
</kw>
<kw name="Maximize Browser Window" library="SeleniumLibrary">
<doc>Maximizes current browser window.</doc>
<status status="PASS" starttime="20220321 09:43:49.595" endtime="20220321 09:43:49.697"/>
</kw>
<status status="PASS" starttime="20220321 09:43:47.798" endtime="20220321 09:43:49.698"/>
</test>
<test id="s1-t2" name="Integration Testing - Header Component">
<kw name="Check header component" library="header_test">
<kw name="Wait Until Page Contains Element" library="SeleniumLibrary">
<arg>${header}</arg>
<doc>Waits until the element ``locator`` appears on the current page.</doc>
<status status="PASS" starttime="20220321 09:43:49.699" endtime="20220321 09:43:49.712"/>
</kw>
<kw name="Page Should Contain Element" library="SeleniumLibrary">
<arg>${logo_header}</arg>
<doc>Verifies that element ``locator`` is found on the current page.</doc>
<msg timestamp="20220321 09:43:49.721" level="INFO">Current page contains element '//*[@id="root"]/div[2]/div/header/div/div/img'.</msg>
<status status="PASS" starttime="20220321 09:43:49.713" endtime="20220321 09:43:49.722"/>
</kw>
<kw name="Page Should Contain Element" library="SeleniumLibrary">
<arg>${crypto_header}</arg>
<doc>Verifies that element ``locator`` is found on the current page.</doc>
<msg timestamp="20220321 09:43:49.732" level="INFO">Current page contains element '//*[@id="root"]/div[2]/div/header/div/div/h6[1]'.</msg>
<status status="PASS" starttime="20220321 09:43:49.722" endtime="20220321 09:43:49.732"/>
</kw>
<kw name="Page Should Contain Element" library="SeleniumLibrary">
<arg>${forex_header}</arg>
<doc>Verifies that element ``locator`` is found on the current page.</doc>
<msg timestamp="20220321 09:43:49.743" level="INFO">Current page contains element '//*[@id="root"]/div[2]/div/header/div/div/h6[2]'.</msg>
<status status="PASS" starttime="20220321 09:43:49.732" endtime="20220321 09:43:49.743"/>
</kw>
<kw name="Page Should Contain Element" library="SeleniumLibrary">
<arg>${aboutUs_header}</arg>
<doc>Verifies that element ``locator`` is found on the current page.</doc>
<msg timestamp="20220321 09:43:49.753" level="INFO">Current page contains element '//*[@id="root"]/div[2]/div/header/div/div/h6[3]'.</msg>
<status status="PASS" starttime="20220321 09:43:49.743" endtime="20220321 09:43:49.753"/>
</kw>
<kw name="Page Should Contain Element" library="SeleniumLibrary">
<arg>${help_header}</arg>
<doc>Verifies that element ``locator`` is found on the current page.</doc>
<msg timestamp="20220321 09:43:49.762" level="INFO">Current page contains element '//*[@id="root"]/div[2]/div/header/div/div/h6[4]'.</msg>
<status status="PASS" starttime="20220321 09:43:49.753" endtime="20220321 09:43:49.762"/>
</kw>
<kw name="Page Should Contain Element" library="SeleniumLibrary">
<arg>${currency_btn}</arg>
<doc>Verifies that element ``locator`` is found on the current page.</doc>
<msg timestamp="20220321 09:43:49.769" level="INFO">Current page contains element '//*[@id="root"]/div[2]/div/header/div/div/div/div/div[1]/button[1]'.</msg>
<status status="PASS" starttime="20220321 09:43:49.763" endtime="20220321 09:43:49.769"/>
</kw>
<kw name="Page Should Contain Element" library="SeleniumLibrary">
<arg>${login_btn}</arg>
<doc>Verifies that element ``locator`` is found on the current page.</doc>
<msg timestamp="20220321 09:43:49.780" level="INFO">Current page contains element '//*[@id="root"]/div[2]/div/header/div/div/div/div/div[1]/button[2]'.</msg>
<status status="PASS" starttime="20220321 09:43:49.769" endtime="20220321 09:43:49.780"/>
</kw>
<kw name="Sleep" library="BuiltIn">
<arg>2</arg>
<doc>Pauses the test executed for the given time.</doc>
<msg timestamp="20220321 09:43:51.780" level="INFO">Slept 2 seconds</msg>
<status status="PASS" starttime="20220321 09:43:49.780" endtime="20220321 09:43:51.780"/>
</kw>
<status status="PASS" starttime="20220321 09:43:49.699" endtime="20220321 09:43:51.781"/>
</kw>
<kw name="Return to Homepage" library="header_test">
<kw name="Sleep" library="BuiltIn">
<arg>2</arg>
<doc>Pauses the test executed for the given time.</doc>
<msg timestamp="20220321 09:43:53.781" level="INFO">Slept 2 seconds</msg>
<status status="PASS" starttime="20220321 09:43:51.781" endtime="20220321 09:43:53.782"/>
</kw>
<kw name="Execute Javascript" library="SeleniumLibrary">
<arg>window.scrollTo(0,0)</arg>
<doc>Executes the given JavaScript code with possible arguments.</doc>
<msg timestamp="20220321 09:43:53.783" level="INFO">Executing JavaScript:
window.scrollTo(0,0)
Without any arguments.</msg>
<status status="PASS" starttime="20220321 09:43:53.782" endtime="20220321 09:43:53.792"/>
</kw>
<kw name="Sleep" library="BuiltIn">
<arg>2</arg>
<doc>Pauses the test executed for the given time.</doc>
<msg timestamp="20220321 09:43:55.792" level="INFO">Slept 2 seconds</msg>
<status status="PASS" starttime="20220321 09:43:53.792" endtime="20220321 09:43:55.793"/>
</kw>
<kw name="Wait Until Page Contains Element" library="SeleniumLibrary">
<arg>${header}</arg>
<doc>Waits until the element ``locator`` appears on the current page.</doc>
<status status="PASS" starttime="20220321 09:43:55.793" endtime="20220321 09:43:55.807"/>
</kw>
<kw name="Click Element" library="SeleniumLibrary">
<arg>${logo_header}</arg>
<doc>Click the element identified by ``locator``.</doc>
<msg timestamp="20220321 09:43:55.808" level="INFO">Clicking element '//*[@id="root"]/div[2]/div/header/div/div/img'.</msg>
<status status="PASS" starttime="20220321 09:43:55.808" endtime="20220321 09:43:55.876"/>
</kw>
<kw name="Location Should Be" library="SeleniumLibrary">
<arg>https://cryptonite5.netlify.app/</arg>
<doc>Verifies that the current URL is exactly ``url``.</doc>
<msg timestamp="20220321 09:43:55.880" level="INFO">Current location is 'https://cryptonite5.netlify.app/'.</msg>
<status status="PASS" starttime="20220321 09:43:55.877" endtime="20220321 09:43:55.880"/>
</kw>
<kw name="Sleep" library="BuiltIn">
<arg>2</arg>
<doc>Pauses the test executed for the given time.</doc>
<msg timestamp="20220321 09:43:57.881" level="INFO">Slept 2 seconds</msg>
<status status="PASS" starttime="20220321 09:43:55.880" endtime="20220321 09:43:57.881"/>
</kw>
<status status="PASS" starttime="20220321 09:43:51.781" endtime="20220321 09:43:57.882"/>
</kw>
<kw name="Click on the Logo and Navigate to Homepage" library="header_test">
<kw name="Wait Until Page Contains Element" library="SeleniumLibrary">
<arg>${header}</arg>
<doc>Waits until the element ``locator`` appears on the current page.</doc>
<status status="PASS" starttime="20220321 09:43:57.883" endtime="20220321 09:43:57.897"/>
</kw>
<kw name="Click Element" library="SeleniumLibrary">
<arg>${logo_header}</arg>
<doc>Click the element identified by ``locator``.</doc>
<msg timestamp="20220321 09:43:57.898" level="INFO">Clicking element '//*[@id="root"]/div[2]/div/header/div/div/img'.</msg>
<status status="PASS" starttime="20220321 09:43:57.897" endtime="20220321 09:43:57.960"/>
</kw>
<kw name="Location Should Be" library="SeleniumLibrary">
<arg>https://cryptonite5.netlify.app/</arg>
<doc>Verifies that the current URL is exactly ``url``.</doc>
<msg timestamp="20220321 09:43:57.963" level="INFO">Current location is 'https://cryptonite5.netlify.app/'.</msg>
<status status="PASS" starttime="20220321 09:43:57.960" endtime="20220321 09:43:57.963"/>
</kw>
<kw name="Sleep" library="BuiltIn">
<arg>2</arg>
<doc>Pauses the test executed for the given time.</doc>
<msg timestamp="20220321 09:43:59.964" level="INFO">Slept 2 seconds</msg>
<status status="PASS" starttime="20220321 09:43:57.963" endtime="20220321 09:43:59.964"/>
</kw>
<status status="PASS" starttime="20220321 09:43:57.882" endtime="20220321 09:43:59.964"/>
</kw>
<kw name="Return to Homepage" library="header_test">
<kw name="Sleep" library="BuiltIn">
<arg>2</arg>
<doc>Pauses the test executed for the given time.</doc>
<msg timestamp="20220321 09:44:01.966" level="INFO">Slept 2 seconds</msg>
<status status="PASS" starttime="20220321 09:43:59.966" endtime="20220321 09:44:01.967"/>
</kw>
<kw name="Execute Javascript" library="SeleniumLibrary">
<arg>window.scrollTo(0,0)</arg>
<doc>Executes the given JavaScript code with possible arguments.</doc>
<msg timestamp="20220321 09:44:01.968" level="INFO">Executing JavaScript:
window.scrollTo(0,0)
Without any arguments.</msg>
<status status="PASS" starttime="20220321 09:44:01.967" endtime="20220321 09:44:01.975"/>
</kw>
<kw name="Sleep" library="BuiltIn">
<arg>2</arg>
<doc>Pauses the test executed for the given time.</doc>
<msg timestamp="20220321 09:44:03.976" level="INFO">Slept 2 seconds</msg>
<status status="PASS" starttime="20220321 09:44:01.976" endtime="20220321 09:44:03.976"/>
</kw>
<kw name="Wait Until Page Contains Element" library="SeleniumLibrary">
<arg>${header}</arg>
<doc>Waits until the element ``locator`` appears on the current page.</doc>
<status status="PASS" starttime="20220321 09:44:03.977" endtime="20220321 09:44:03.991"/>
</kw>
<kw name="Click Element" library="SeleniumLibrary">
<arg>${logo_header}</arg>
<doc>Click the element identified by ``locator``.</doc>
<msg timestamp="20220321 09:44:03.991" level="INFO">Clicking element '//*[@id="root"]/div[2]/div/header/div/div/img'.</msg>
<status status="PASS" starttime="20220321 09:44:03.991" endtime="20220321 09:44:04.061"/>
</kw>
<kw name="Location Should Be" library="SeleniumLibrary">
<arg>https://cryptonite5.netlify.app/</arg>
<doc>Verifies that the current URL is exactly ``url``.</doc>
<msg timestamp="20220321 09:44:04.063" level="INFO">Current location is 'https://cryptonite5.netlify.app/'.</msg>
<status status="PASS" starttime="20220321 09:44:04.061" endtime="20220321 09:44:04.063"/>
</kw>
<kw name="Sleep" library="BuiltIn">
<arg>2</arg>
<doc>Pauses the test executed for the given time.</doc>
<msg timestamp="20220321 09:44:06.064" level="INFO">Slept 2 seconds</msg>
<status status="PASS" starttime="20220321 09:44:04.064" endtime="20220321 09:44:06.064"/>
</kw>
<status status="PASS" starttime="20220321 09:43:59.965" endtime="20220321 09:44:06.065"/>
</kw>
<kw name="Click on the Crypto text and Navigate to Crypto Page" library="header_test">
<kw name="Wait Until Page Contains Element" library="SeleniumLibrary">
<arg>${header}</arg>
<doc>Waits until the element ``locator`` appears on the current page.</doc>
<status status="PASS" starttime="20220321 09:44:06.066" endtime="20220321 09:44:06.083"/>
</kw>
<kw name="Click Element" library="SeleniumLibrary">
<arg>${crypto_header}</arg>
<doc>Click the element identified by ``locator``.</doc>
<msg timestamp="20220321 09:44:06.084" level="INFO">Clicking element '//*[@id="root"]/div[2]/div/header/div/div/h6[1]'.</msg>
<status status="PASS" starttime="20220321 09:44:06.083" endtime="20220321 09:44:06.183"/>
</kw>
<kw name="Location Should Be" library="SeleniumLibrary">
<arg>https://cryptonite5.netlify.app/crypto</arg>
<doc>Verifies that the current URL is exactly ``url``.</doc>
<msg timestamp="20220321 09:44:06.251" level="INFO">Current location is 'https://cryptonite5.netlify.app/crypto'.</msg>
<status status="PASS" starttime="20220321 09:44:06.183" endtime="20220321 09:44:06.251"/>
</kw>
<kw name="Sleep" library="BuiltIn">
<arg>2</arg>
<doc>Pauses the test executed for the given time.</doc>
<msg timestamp="20220321 09:44:08.252" level="INFO">Slept 2 seconds</msg>
<status status="PASS" starttime="20220321 09:44:06.251" endtime="20220321 09:44:08.252"/>
</kw>
<status status="PASS" starttime="20220321 09:44:06.065" endtime="20220321 09:44:08.252"/>
</kw>
<kw name="Return to Homepage" library="header_test">
<kw name="Sleep" library="BuiltIn">
<arg>2</arg>
<doc>Pauses the test executed for the given time.</doc>
<msg timestamp="20220321 09:44:10.254" level="INFO">Slept 2 seconds</msg>
<status status="PASS" starttime="20220321 09:44:08.253" endtime="20220321 09:44:10.254"/>
</kw>
<kw name="Execute Javascript" library="SeleniumLibrary">
<arg>window.scrollTo(0,0)</arg>
<doc>Executes the given JavaScript code with possible arguments.</doc>
<msg timestamp="20220321 09:44:10.256" level="INFO">Executing JavaScript:
window.scrollTo(0,0)
Without any arguments.</msg>
<status status="PASS" starttime="20220321 09:44:10.254" endtime="20220321 09:44:10.263"/>
</kw>
<kw name="Sleep" library="BuiltIn">
<arg>2</arg>
<doc>Pauses the test executed for the given time.</doc>
<msg timestamp="20220321 09:44:12.264" level="INFO">Slept 2 seconds</msg>
<status status="PASS" starttime="20220321 09:44:10.263" endtime="20220321 09:44:12.264"/>
</kw>
<kw name="Wait Until Page Contains Element" library="SeleniumLibrary">
<arg>${header}</arg>
<doc>Waits until the element ``locator`` appears on the current page.</doc>
<status status="PASS" starttime="20220321 09:44:12.264" endtime="20220321 09:44:12.278"/>
</kw>
<kw name="Click Element" library="SeleniumLibrary">
<arg>${logo_header}</arg>
<doc>Click the element identified by ``locator``.</doc>
<msg timestamp="20220321 09:44:12.279" level="INFO">Clicking element '//*[@id="root"]/div[2]/div/header/div/div/img'.</msg>
<status status="PASS" starttime="20220321 09:44:12.278" endtime="20220321 09:44:12.367"/>
</kw>
<kw name="Location Should Be" library="SeleniumLibrary">
<arg>https://cryptonite5.netlify.app/</arg>
<doc>Verifies that the current URL is exactly ``url``.</doc>
<msg timestamp="20220321 09:44:12.445" level="INFO">Current location is 'https://cryptonite5.netlify.app/'.</msg>
<status status="PASS" starttime="20220321 09:44:12.367" endtime="20220321 09:44:12.446"/>
</kw>
<kw name="Sleep" library="BuiltIn">
<arg>2</arg>
<doc>Pauses the test executed for the given time.</doc>
<msg timestamp="20220321 09:44:14.446" level="INFO">Slept 2 seconds</msg>
<status status="PASS" starttime="20220321 09:44:12.446" endtime="20220321 09:44:14.447"/>
</kw>
<status status="PASS" starttime="20220321 09:44:08.253" endtime="20220321 09:44:14.447"/>
</kw>
<kw name="Click on the Crypto text and Navigate to Forex Page" library="header_test">
<kw name="Wait Until Page Contains Element" library="SeleniumLibrary">
<arg>${header}</arg>
<doc>Waits until the element ``locator`` appears on the current page.</doc>
<status status="PASS" starttime="20220321 09:44:14.448" endtime="20220321 09:44:14.462"/>
</kw>
<kw name="Click Element" library="SeleniumLibrary">
<arg>${forex_header}</arg>
<doc>Click the element identified by ``locator``.</doc>
<msg timestamp="20220321 09:44:14.463" level="INFO">Clicking element '//*[@id="root"]/div[2]/div/header/div/div/h6[2]'.</msg>
<status status="PASS" starttime="20220321 09:44:14.462" endtime="20220321 09:44:14.530"/>
</kw>
<kw name="Location Should Be" library="SeleniumLibrary">
<arg>https://cryptonite5.netlify.app/forex</arg>
<doc>Verifies that the current URL is exactly ``url``.</doc>
<msg timestamp="20220321 09:44:14.536" level="INFO">Current location is 'https://cryptonite5.netlify.app/forex'.</msg>
<status status="PASS" starttime="20220321 09:44:14.530" endtime="20220321 09:44:14.536"/>
</kw>
<kw name="Sleep" library="BuiltIn">
<arg>2</arg>
<doc>Pauses the test executed for the given time.</doc>
<msg timestamp="20220321 09:44:16.537" level="INFO">Slept 2 seconds</msg>
<status status="PASS" starttime="20220321 09:44:14.536" endtime="20220321 09:44:16.537"/>
</kw>
<status status="PASS" starttime="20220321 09:44:14.447" endtime="20220321 09:44:16.538"/>
</kw>
<kw name="Return to Homepage" library="header_test">
<kw name="Sleep" library="BuiltIn">
<arg>2</arg>
<doc>Pauses the test executed for the given time.</doc>
<msg timestamp="20220321 09:44:18.540" level="INFO">Slept 2 seconds</msg>
<status status="PASS" starttime="20220321 09:44:16.539" endtime="20220321 09:44:18.540"/>
</kw>
<kw name="Execute Javascript" library="SeleniumLibrary">
<arg>window.scrollTo(0,0)</arg>
<doc>Executes the given JavaScript code with possible arguments.</doc>
<msg timestamp="20220321 09:44:18.541" level="INFO">Executing JavaScript:
window.scrollTo(0,0)
Without any arguments.</msg>
<status status="PASS" starttime="20220321 09:44:18.540" endtime="20220321 09:44:18.562"/>
</kw>
<kw name="Sleep" library="BuiltIn">
<arg>2</arg>
<doc>Pauses the test executed for the given time.</doc>
<msg timestamp="20220321 09:44:20.562" level="INFO">Slept 2 seconds</msg>
<status status="PASS" starttime="20220321 09:44:18.562" endtime="20220321 09:44:20.563"/>
</kw>
<kw name="Wait Until Page Contains Element" library="SeleniumLibrary">
<arg>${header}</arg>
<doc>Waits until the element ``locator`` appears on the current page.</doc>
<status status="PASS" starttime="20220321 09:44:20.563" endtime="20220321 09:44:20.588"/>
</kw>
<kw name="Click Element" library="SeleniumLibrary">
<arg>${logo_header}</arg>
<doc>Click the element identified by ``locator``.</doc>
<msg timestamp="20220321 09:44:20.589" level="INFO">Clicking element '//*[@id="root"]/div[2]/div/header/div/div/img'.</msg>
<status status="PASS" starttime="20220321 09:44:20.589" endtime="20220321 09:44:20.671"/>
</kw>
<kw name="Location Should Be" library="SeleniumLibrary">
<arg>https://cryptonite5.netlify.app/</arg>
<doc>Verifies that the current URL is exactly ``url``.</doc>
<msg timestamp="20220321 09:44:20.716" level="INFO">Current location is 'https://cryptonite5.netlify.app/'.</msg>
<status status="PASS" starttime="20220321 09:44:20.671" endtime="20220321 09:44:20.716"/>
</kw>
<kw name="Sleep" library="BuiltIn">
<arg>2</arg>
<doc>Pauses the test executed for the given time.</doc>
<msg timestamp="20220321 09:44:22.717" level="INFO">Slept 2 seconds</msg>
<status status="PASS" starttime="20220321 09:44:20.716" endtime="20220321 09:44:22.718"/>
</kw>
<status status="PASS" starttime="20220321 09:44:16.538" endtime="20220321 09:44:22.718"/>
</kw>
<kw name="Click on the Crypto text and Navigate to About Us Page" library="header_test">
<kw name="Wait Until Page Contains Element" library="SeleniumLibrary">
<arg>${header}</arg>
<doc>Waits until the element ``locator`` appears on the current page.</doc>
<status status="PASS" starttime="20220321 09:44:22.719" endtime="20220321 09:44:22.737"/>
</kw>
<kw name="Click Element" library="SeleniumLibrary">
<arg>${aboutUs_header}</arg>
<doc>Click the element identified by ``locator``.</doc>
<msg timestamp="20220321 09:44:22.738" level="INFO">Clicking element '//*[@id="root"]/div[2]/div/header/div/div/h6[3]'.</msg>
<status status="PASS" starttime="20220321 09:44:22.738" endtime="20220321 09:44:22.817"/>
</kw>
<kw name="Location Should Be" library="SeleniumLibrary">
<arg>https://cryptonite5.netlify.app/about</arg>
<doc>Verifies that the current URL is exactly ``url``.</doc>
<msg timestamp="20220321 09:44:22.826" level="INFO">Current location is 'https://cryptonite5.netlify.app/about'.</msg>
<status status="PASS" starttime="20220321 09:44:22.818" endtime="20220321 09:44:22.826"/>
</kw>
<kw name="Sleep" library="BuiltIn">
<arg>2</arg>
<doc>Pauses the test executed for the given time.</doc>
<msg timestamp="20220321 09:44:24.826" level="INFO">Slept 2 seconds</msg>
<status status="PASS" starttime="20220321 09:44:22.826" endtime="20220321 09:44:24.827"/>
</kw>
<status status="PASS" starttime="20220321 09:44:22.718" endtime="20220321 09:44:24.827"/>
</kw>
<kw name="Return to Homepage" library="header_test">
<kw name="Sleep" library="BuiltIn">
<arg>2</arg>
<doc>Pauses the test executed for the given time.</doc>
<msg timestamp="20220321 09:44:26.828" level="INFO">Slept 2 seconds</msg>
<status status="PASS" starttime="20220321 09:44:24.828" endtime="20220321 09:44:26.829"/>
</kw>
<kw name="Execute Javascript" library="SeleniumLibrary">
<arg>window.scrollTo(0,0)</arg>
<doc>Executes the given JavaScript code with possible arguments.</doc>
<msg timestamp="20220321 09:44:26.830" level="INFO">Executing JavaScript:
window.scrollTo(0,0)
Without any arguments.</msg>
<status status="PASS" starttime="20220321 09:44:26.829" endtime="20220321 09:44:26.837"/>
</kw>
<kw name="Sleep" library="BuiltIn">
<arg>2</arg>
<doc>Pauses the test executed for the given time.</doc>
<msg timestamp="20220321 09:44:28.838" level="INFO">Slept 2 seconds</msg>
<status status="PASS" starttime="20220321 09:44:26.837" endtime="20220321 09:44:28.838"/>
</kw>
<kw name="Wait Until Page Contains Element" library="SeleniumLibrary">
<arg>${header}</arg>
<doc>Waits until the element ``locator`` appears on the current page.</doc>
<status status="PASS" starttime="20220321 09:44:28.838" endtime="20220321 09:44:28.852"/>
</kw>
<kw name="Click Element" library="SeleniumLibrary">
<arg>${logo_header}</arg>
<doc>Click the element identified by ``locator``.</doc>
<msg timestamp="20220321 09:44:28.853" level="INFO">Clicking element '//*[@id="root"]/div[2]/div/header/div/div/img'.</msg>
<status status="PASS" starttime="20220321 09:44:28.853" endtime="20220321 09:44:28.941"/>
</kw>
<kw name="Location Should Be" library="SeleniumLibrary">
<arg>https://cryptonite5.netlify.app/</arg>
<doc>Verifies that the current URL is exactly ``url``.</doc>
<msg timestamp="20220321 09:44:29.016" level="INFO">Current location is 'https://cryptonite5.netlify.app/'.</msg>
<status status="PASS" starttime="20220321 09:44:28.941" endtime="20220321 09:44:29.016"/>
</kw>
<kw name="Sleep" library="BuiltIn">
<arg>2</arg>
<doc>Pauses the test executed for the given time.</doc>
<msg timestamp="20220321 09:44:31.016" level="INFO">Slept 2 seconds</msg>
<status status="PASS" starttime="20220321 09:44:29.016" endtime="20220321 09:44:31.016"/>
</kw>
<status status="PASS" starttime="20220321 09:44:24.827" endtime="20220321 09:44:31.017"/>
</kw>
<kw name="Click on the Crypto text and Navigate to Help Page" library="header_test">
<kw name="Wait Until Page Contains Element" library="SeleniumLibrary">
<arg>${header}</arg>
<doc>Waits until the element ``locator`` appears on the current page.</doc>
<status status="PASS" starttime="20220321 09:44:31.018" endtime="20220321 09:44:31.031"/>
</kw>
<kw name="Click Element" library="SeleniumLibrary">
<arg>${help_header}</arg>
<doc>Click the element identified by ``locator``.</doc>
<msg timestamp="20220321 09:44:31.032" level="INFO">Clicking element '//*[@id="root"]/div[2]/div/header/div/div/h6[4]'.</msg>
<status status="PASS" starttime="20220321 09:44:31.032" endtime="20220321 09:44:31.152"/>
</kw>
<kw name="Location Should Be" library="SeleniumLibrary">
<arg>https://cryptonite5.netlify.app/help</arg>
<doc>Verifies that the current URL is exactly ``url``.</doc>
<msg timestamp="20220321 09:44:31.162" level="INFO">Current location is 'https://cryptonite5.netlify.app/help'.</msg>
<status status="PASS" starttime="20220321 09:44:31.152" endtime="20220321 09:44:31.162"/>
</kw>
<kw name="Sleep" library="BuiltIn">
<arg>2</arg>
<doc>Pauses the test executed for the given time.</doc>
<msg timestamp="20220321 09:44:33.163" level="INFO">Slept 2 seconds</msg>
<status status="PASS" starttime="20220321 09:44:31.162" endtime="20220321 09:44:33.163"/>
</kw>
<status status="PASS" starttime="20220321 09:44:31.017" endtime="20220321 09:44:33.164"/>
</kw>
<kw name="Return to Homepage" library="header_test">
<kw name="Sleep" library="BuiltIn">
<arg>2</arg>
<doc>Pauses the test executed for the given time.</doc>
<msg timestamp="20220321 09:44:35.165" level="INFO">Slept 2 seconds</msg>
<status status="PASS" starttime="20220321 09:44:33.165" endtime="20220321 09:44:35.165"/>
</kw>
<kw name="Execute Javascript" library="SeleniumLibrary">
<arg>window.scrollTo(0,0)</arg>
<doc>Executes the given JavaScript code with possible arguments.</doc>
<msg timestamp="20220321 09:44:35.167" level="INFO">Executing JavaScript:
window.scrollTo(0,0)
Without any arguments.</msg>
<status status="PASS" starttime="20220321 09:44:35.166" endtime="20220321 09:44:35.173"/>
</kw>
<kw name="Sleep" library="BuiltIn">
<arg>2</arg>
<doc>Pauses the test executed for the given time.</doc>
<msg timestamp="20220321 09:44:37.174" level="INFO">Slept 2 seconds</msg>
<status status="PASS" starttime="20220321 09:44:35.174" endtime="20220321 09:44:37.174"/>
</kw>
<kw name="Wait Until Page Contains Element" library="SeleniumLibrary">
<arg>${header}</arg>
<doc>Waits until the element ``locator`` appears on the current page.</doc>
<status status="PASS" starttime="20220321 09:44:37.175" endtime="20220321 09:44:37.188"/>
</kw>
<kw name="Click Element" library="SeleniumLibrary">
<arg>${logo_header}</arg>
<doc>Click the element identified by ``locator``.</doc>
<msg timestamp="20220321 09:44:37.188" level="INFO">Clicking element '//*[@id="root"]/div[2]/div/header/div/div/img'.</msg>
<status status="PASS" starttime="20220321 09:44:37.188" endtime="20220321 09:44:37.279"/>
</kw>
<kw name="Location Should Be" library="SeleniumLibrary">
<arg>https://cryptonite5.netlify.app/</arg>
<doc>Verifies that the current URL is exactly ``url``.</doc>
<msg timestamp="20220321 09:44:37.339" level="INFO">Current location is 'https://cryptonite5.netlify.app/'.</msg>
<status status="PASS" starttime="20220321 09:44:37.279" endtime="20220321 09:44:37.339"/>
</kw>
<kw name="Sleep" library="BuiltIn">
<arg>2</arg>
<doc>Pauses the test executed for the given time.</doc>
<msg timestamp="20220321 09:44:39.340" level="INFO">Slept 2 seconds</msg>
<status status="PASS" starttime="20220321 09:44:37.339" endtime="20220321 09:44:39.340"/>
</kw>
<status status="PASS" starttime="20220321 09:44:33.164" endtime="20220321 09:44:39.341"/>
</kw>
<kw name="Click on the login button" library="header_test">
<kw name="Wait Until Page Contains Element" library="SeleniumLibrary">
<arg>${header}</arg>
<doc>Waits until the element ``locator`` appears on the current page.</doc>
<status status="PASS" starttime="20220321 09:44:39.342" endtime="20220321 09:44:39.356"/>
</kw>
<kw name="Click Element" library="SeleniumLibrary">
<arg>${login_btn}</arg>
<doc>Click the element identified by ``locator``.</doc>
<msg timestamp="20220321 09:44:39.357" level="INFO">Clicking element '//*[@id="root"]/div[2]/div/header/div/div/div/div/div[1]/button[2]'.</msg>
<status status="PASS" starttime="20220321 09:44:39.356" endtime="20220321 09:44:39.412"/>
</kw>
<kw name="Sleep" library="BuiltIn">
<arg>2</arg>
<doc>Pauses the test executed for the given time.</doc>
<msg timestamp="20220321 09:44:41.413" level="INFO">Slept 2 seconds</msg>
<status status="PASS" starttime="20220321 09:44:39.412" endtime="20220321 09:44:41.413"/>
</kw>
<kw name="Wait Until Page Contains Element" library="SeleniumLibrary">
<arg>${log_sign_tab}</arg>
<doc>Waits until the element ``locator`` appears on the current page.</doc>
<status status="PASS" starttime="20220321 09:44:41.413" endtime="20220321 09:44:41.435"/>
</kw>
<kw name="Page Should Contain Element" library="SeleniumLibrary">
<arg>${log_sign_tab}</arg>
<doc>Verifies that element ``locator`` is found on the current page.</doc>
<msg timestamp="20220321 09:44:41.440" level="INFO">Current page contains element '//*[@class="MuiPaper-root MuiAppBar-root MuiAppBar-positionStatic MuiAppBar-colorPrimary MuiPaper-elevation4"]'.</msg>
<status status="PASS" starttime="20220321 09:44:41.435" endtime="20220321 09:44:41.440"/>
</kw>
<kw name="Sleep" library="BuiltIn">
<arg>2</arg>
<doc>Pauses the test executed for the given time.</doc>
<msg timestamp="20220321 09:44:43.441" level="INFO">Slept 2 seconds</msg>
<status status="PASS" starttime="20220321 09:44:41.440" endtime="20220321 09:44:43.441"/>
</kw>
<status status="PASS" starttime="20220321 09:44:39.341" endtime="20220321 09:44:43.441"/>
</kw>
<kw name="Click on the login tab" library="header_test">
<kw name="Page Should Contain Element" library="SeleniumLibrary">
<arg>${log_tab}</arg>
<doc>Verifies that element ``locator`` is found on the current page.</doc>
<msg timestamp="20220321 09:44:43.463" level="INFO">Current page contains element '//*[text()="Login" and contains (@class, "MuiTab-wrapper")]'.</msg>
<status status="PASS" starttime="20220321 09:44:43.443" endtime="20220321 09:44:43.463"/>
</kw>
<kw name="Click Element" library="SeleniumLibrary">
<arg>${log_tab}</arg>
<doc>Click the element identified by ``locator``.</doc>
<msg timestamp="20220321 09:44:43.464" level="INFO">Clicking element '//*[text()="Login" and contains (@class, "MuiTab-wrapper")]'.</msg>
<status status="PASS" starttime="20220321 09:44:43.463" endtime="20220321 09:44:43.502"/>
</kw>
<kw name="Sleep" library="BuiltIn">
<arg>2</arg>
<doc>Pauses the test executed for the given time.</doc>
<msg timestamp="20220321 09:44:45.503" level="INFO">Slept 2 seconds</msg>
<status status="PASS" starttime="20220321 09:44:43.502" endtime="20220321 09:44:45.503"/>
</kw>
<kw name="Page Should Contain Element" library="SeleniumLibrary">
<arg>//*[text()="Enter Email"]</arg>
<doc>Verifies that element ``locator`` is found on the current page.</doc>
<msg timestamp="20220321 09:44:45.522" level="INFO">Current page contains element '//*[text()="Enter Email"]'.</msg>
<status status="PASS" starttime="20220321 09:44:45.503" endtime="20220321 09:44:45.523"/>
</kw>
<kw name="Page Should Contain Element" library="SeleniumLibrary">
<arg>//*[text()="Enter Your Password"]</arg>
<doc>Verifies that element ``locator`` is found on the current page.</doc>
<msg timestamp="20220321 09:44:45.533" level="INFO">Current page contains element '//*[text()="Enter Your Password"]'.</msg>
<status status="PASS" starttime="20220321 09:44:45.523" endtime="20220321 09:44:45.533"/>
</kw>
<kw name="Page Should Contain Element" library="SeleniumLibrary">
<arg>//*[text()="Login" and contains (@class, "MuiButton-label")] //parent::button</arg>
<doc>Verifies that element ``locator`` is found on the current page.</doc>
<msg timestamp="20220321 09:44:45.540" level="INFO">Current page contains element '//*[text()="Login" and contains (@class, "MuiButton-label")] //parent::button'.</msg>
<status status="PASS" starttime="20220321 09:44:45.533" endtime="20220321 09:44:45.541"/>
</kw>
<kw name="Sleep" library="BuiltIn">
<arg>2</arg>
<doc>Pauses the test executed for the given time.</doc>
<msg timestamp="20220321 09:44:47.541" level="INFO">Slept 2 seconds</msg>
<status status="PASS" starttime="20220321 09:44:45.541" endtime="20220321 09:44:47.541"/>
</kw>
<status status="PASS" starttime="20220321 09:44:43.442" endtime="20220321 09:44:47.542"/>
</kw>
<kw name="Login and check header component" library="header_test">
<kw name="Click Element" library="SeleniumLibrary">
<arg>${log_tab}</arg>
<doc>Click the element identified by ``locator``.</doc>
<msg timestamp="20220321 09:44:47.543" level="INFO">Clicking element '//*[text()="Login" and contains (@class, "MuiTab-wrapper")]'.</msg>
<status status="PASS" starttime="20220321 09:44:47.543" endtime="20220321 09:44:47.589"/>
</kw>
<kw name="Click Element" library="SeleniumLibrary">
<arg>${email_field}</arg>
<doc>Click the element identified by ``locator``.</doc>
<msg timestamp="20220321 09:44:47.590" level="INFO">Clicking element '//*[@type="email" and contains (@class, "MuiInputBase-input MuiFilledInput-input")]'.</msg>
<status status="PASS" starttime="20220321 09:44:47.590" endtime="20220321 09:44:47.638"/>
</kw>
<kw name="Input Text" library="SeleniumLibrary">
<arg>${email_field}</arg>
<arg>${test_email}</arg>
<doc>Types the given ``text`` into the text field identified by ``locator``.</doc>
<msg timestamp="20220321 09:44:47.638" level="INFO">Typing text 'emailtest@test.com.my' into text field '//*[@type="email" and contains (@class, "MuiInputBase-input MuiFilledInput-input")]'.</msg>
<status status="PASS" starttime="20220321 09:44:47.638" endtime="20220321 09:44:47.724"/>
</kw>
<kw name="Click Element" library="SeleniumLibrary">
<arg>${pswd_field}</arg>
<doc>Click the element identified by ``locator``.</doc>
<msg timestamp="20220321 09:44:47.725" level="INFO">Clicking element '//*[@type="password" and contains (@class, "MuiInputBase-input MuiFilledInput-input")]'.</msg>
<status status="PASS" starttime="20220321 09:44:47.724" endtime="20220321 09:44:47.760"/>
</kw>
<kw name="Input Text" library="SeleniumLibrary">
<arg>${pswd_field}</arg>
<arg>${test_pswd}</arg>
<doc>Types the given ``text`` into the text field identified by ``locator``.</doc>
<msg timestamp="20220321 09:44:47.761" level="INFO">Typing text 'abc123' into text field '//*[@type="password" and contains (@class, "MuiInputBase-input MuiFilledInput-input")]'.</msg>
<status status="PASS" starttime="20220321 09:44:47.761" endtime="20220321 09:44:47.802"/>
</kw>
<kw name="Sleep" library="BuiltIn">
<arg>2</arg>
<doc>Pauses the test executed for the given time.</doc>
<msg timestamp="20220321 09:44:49.803" level="INFO">Slept 2 seconds</msg>
<status status="PASS" starttime="20220321 09:44:47.802" endtime="20220321 09:44:49.803"/>
</kw>
<kw name="Click Element" library="SeleniumLibrary">
<arg>${login_btn_tab}</arg>
<doc>Click the element identified by ``locator``.</doc>
<msg timestamp="20220321 09:44:49.804" level="INFO">Clicking element '//*[@type="button" and contains (@class, "MuiButtonBase-root MuiButton-root MuiButton-contained MuiButton-containedSizeLarge MuiButton-sizeLarge")]'.</msg>
<status status="PASS" starttime="20220321 09:44:49.803" endtime="20220321 09:44:49.865"/>
</kw>
<kw name="Sleep" library="BuiltIn">
<arg>10</arg>
<doc>Pauses the test executed for the given time.</doc>
<msg timestamp="20220321 09:44:59.866" level="INFO">Slept 10 seconds</msg>
<status status="PASS" starttime="20220321 09:44:49.865" endtime="20220321 09:44:59.866"/>
</kw>
<kw name="Page Should Contain Element" library="SeleniumLibrary">
<arg>${avatar}</arg>
<doc>Verifies that element ``locator`` is found on the current page.</doc>
<msg timestamp="20220321 09:44:59.888" level="INFO">Current page contains element '//*[@class="MuiSvgIcon-root MuiAvatar-fallback"]'.</msg>
<status status="PASS" starttime="20220321 09:44:59.866" endtime="20220321 09:44:59.888"/>
</kw>
<kw name="Page Should Contain Element" library="SeleniumLibrary">
<arg>${currency_btn}</arg>
<doc>Verifies that element ``locator`` is found on the current page.</doc>
<msg timestamp="20220321 09:44:59.900" level="INFO">Current page contains element '//*[@id="root"]/div[2]/div/header/div/div/div/div/div[1]/button[1]'.</msg>
<status status="PASS" starttime="20220321 09:44:59.888" endtime="20220321 09:44:59.900"/>
</kw>
<status status="PASS" starttime="20220321 09:44:47.542" endtime="20220321 09:44:59.901"/>
</kw>
<kw name="Click User Avatar and sidebar should appear" library="sidebar_test">
<kw name="Wait Until Page Contains Element" library="SeleniumLibrary">
<arg>${avatar}</arg>
<doc>Waits until the element ``locator`` appears on the current page.</doc>
<status status="PASS" starttime="20220321 09:44:59.901" endtime="20220321 09:44:59.907"/>
</kw>
<kw name="Page Should Contain Element" library="SeleniumLibrary">
<arg>${avatar}</arg>
<doc>Verifies that element ``locator`` is found on the current page.</doc>
<msg timestamp="20220321 09:44:59.912" level="INFO">Current page contains element '//*[@class="MuiSvgIcon-root MuiAvatar-fallback"]'.</msg>
<status status="PASS" starttime="20220321 09:44:59.907" endtime="20220321 09:44:59.912"/>
</kw>
<kw name="Click Element" library="SeleniumLibrary">
<arg>${avatar}</arg>
<doc>Click the element identified by ``locator``.</doc>
<msg timestamp="20220321 09:44:59.913" level="INFO">Clicking element '//*[@class="MuiSvgIcon-root MuiAvatar-fallback"]'.</msg>
<status status="PASS" starttime="20220321 09:44:59.912" endtime="20220321 09:44:59.956"/>
</kw>
<kw name="Sleep" library="BuiltIn">
<arg>2</arg>
<doc>Pauses the test executed for the given time.</doc>
<msg timestamp="20220321 09:45:01.956" level="INFO">Slept 2 seconds</msg>
<status status="PASS" starttime="20220321 09:44:59.956" endtime="20220321 09:45:01.957"/>
</kw>
<kw name="Page Should Contain Element" library="SeleniumLibrary">
<arg>${sb}</arg>
<doc>Verifies that element ``locator`` is found on the current page.</doc>
<msg timestamp="20220321 09:45:01.978" level="INFO">Current page contains element '//*[@class="MuiPaper-root MuiDrawer-paper MuiDrawer-paperAnchorRight MuiPaper-elevation16"]'.</msg>
<status status="PASS" starttime="20220321 09:45:01.957" endtime="20220321 09:45:01.978"/>
</kw>
<kw name="Sleep" library="BuiltIn">
<arg>2</arg>
<doc>Pauses the test executed for the given time.</doc>
<msg timestamp="20220321 09:45:03.979" level="INFO">Slept 2 seconds</msg>
<status status="PASS" starttime="20220321 09:45:01.978" endtime="20220321 09:45:03.979"/>
</kw>
<status status="PASS" starttime="20220321 09:44:59.901" endtime="20220321 09:45:03.980"/>
</kw>
<kw name="Click logout and check header component" library="sidebar_test">
<kw name="Page Should Contain Element" library="SeleniumLibrary">
<arg>${logout_btn}</arg>
<doc>Verifies that element ``locator`` is found on the current page.</doc>
<msg timestamp="20220321 09:45:04.001" level="INFO">Current page contains element '//*[@type="button" and contains (@class, "MuiButtonBase-root MuiButton-root MuiButton-contained")]'.</msg>
<status status="PASS" starttime="20220321 09:45:03.981" endtime="20220321 09:45:04.001"/>
</kw>
<kw name="Click Element" library="SeleniumLibrary">
<arg>${logout_btn}</arg>
<doc>Click the element identified by ``locator``.</doc>
<msg timestamp="20220321 09:45:04.001" level="INFO">Clicking element '//*[@type="button" and contains (@class, "MuiButtonBase-root MuiButton-root MuiButton-contained")]'.</msg>
<status status="PASS" starttime="20220321 09:45:04.001" endtime="20220321 09:45:04.084"/>
</kw>
<kw name="Sleep" library="BuiltIn">
<arg>2</arg>
<doc>Pauses the test executed for the given time.</doc>
<msg timestamp="20220321 09:45:06.084" level="INFO">Slept 2 seconds</msg>
<status status="PASS" starttime="20220321 09:45:04.084" endtime="20220321 09:45:06.085"/>
</kw>
<kw name="Wait Until Page Contains Element" library="SeleniumLibrary">
<arg>${header}</arg>
<doc>Waits until the element ``locator`` appears on the current page.</doc>
<status status="PASS" starttime="20220321 09:45:06.085" endtime="20220321 09:45:06.101"/>
</kw>
<kw name="Page Should Not Contain Element" library="SeleniumLibrary">
<arg>${avatar}</arg>
<doc>Verifies that element ``locator`` is not found on the current page.</doc>
<msg timestamp="20220321 09:45:06.113" level="INFO">Current page does not contain element '//*[@class="MuiSvgIcon-root MuiAvatar-fallback"]'.</msg>
<status status="PASS" starttime="20220321 09:45:06.102" endtime="20220321 09:45:06.113"/>
</kw>
<kw name="Page Should Contain Element" library="SeleniumLibrary">
<arg>${currency_btn}</arg>
<doc>Verifies that element ``locator`` is found on the current page.</doc>
<msg timestamp="20220321 09:45:06.121" level="INFO">Current page contains element '//*[@id="root"]/div[2]/div/header/div/div/div/div/div[1]/button[1]'.</msg>
<status status="PASS" starttime="20220321 09:45:06.113" endtime="20220321 09:45:06.121"/>
</kw>
<kw name="Page Should Contain Element" library="SeleniumLibrary">
<arg>${login_btn}</arg>
<doc>Verifies that element ``locator`` is found on the current page.</doc>
<msg timestamp="20220321 09:45:06.132" level="INFO">Current page contains element '//*[@id="root"]/div[2]/div/header/div/div/div/div/div[1]/button[2]'.</msg>
<status status="PASS" starttime="20220321 09:45:06.122" endtime="20220321 09:45:06.132"/>
</kw>
<status status="PASS" starttime="20220321 09:45:03.980" endtime="20220321 09:45:06.133"/>
</kw>
<status status="PASS" starttime="20220321 09:43:49.698" endtime="20220321 09:45:06.133"/>
</test>
<test id="s1-t3" name="Integration Testing - Footer Component">
<kw name="Return to Homepage" library="header_test">
<kw name="Sleep" library="BuiltIn">
<arg>2</arg>
<doc>Pauses the test executed for the given time.</doc>
<msg timestamp="20220321 09:45:08.135" level="INFO">Slept 2 seconds</msg>
<status status="PASS" starttime="20220321 09:45:06.134" endtime="20220321 09:45:08.135"/>
</kw>
<kw name="Execute Javascript" library="SeleniumLibrary">
<arg>window.scrollTo(0,0)</arg>
<doc>Executes the given JavaScript code with possible arguments.</doc>
<msg timestamp="20220321 09:45:08.136" level="INFO">Executing JavaScript:
window.scrollTo(0,0)
Without any arguments.</msg>
<status status="PASS" starttime="20220321 09:45:08.135" endtime="20220321 09:45:08.146"/>
</kw>
<kw name="Sleep" library="BuiltIn">
<arg>2</arg>
<doc>Pauses the test executed for the given time.</doc>
<msg timestamp="20220321 09:45:10.147" level="INFO">Slept 2 seconds</msg>
<status status="PASS" starttime="20220321 09:45:08.146" endtime="20220321 09:45:10.147"/>
</kw>
<kw name="Wait Until Page Contains Element" library="SeleniumLibrary">
<arg>${header}</arg>
<doc>Waits until the element ``locator`` appears on the current page.</doc>
<status status="PASS" starttime="20220321 09:45:10.148" endtime="20220321 09:45:10.160"/>
</kw>
<kw name="Click Element" library="SeleniumLibrary">
<arg>${logo_header}</arg>
<doc>Click the element identified by ``locator``.</doc>
<msg timestamp="20220321 09:45:10.161" level="INFO">Clicking element '//*[@id="root"]/div[2]/div/header/div/div/img'.</msg>
<status status="PASS" starttime="20220321 09:45:10.160" endtime="20220321 09:45:10.223"/>
</kw>
<kw name="Location Should Be" library="SeleniumLibrary">
<arg>https://cryptonite5.netlify.app/</arg>
<doc>Verifies that the current URL is exactly ``url``.</doc>
<msg timestamp="20220321 09:45:10.237" level="INFO">Current location is 'https://cryptonite5.netlify.app/'.</msg>
<status status="PASS" starttime="20220321 09:45:10.224" endtime="20220321 09:45:10.237"/>
</kw>
<kw name="Sleep" library="BuiltIn">
<arg>2</arg>
<doc>Pauses the test executed for the given time.</doc>
<msg timestamp="20220321 09:45:12.238" level="INFO">Slept 2 seconds</msg>
<status status="PASS" starttime="20220321 09:45:10.237" endtime="20220321 09:45:12.238"/>
</kw>
<status status="PASS" starttime="20220321 09:45:06.134" endtime="20220321 09:45:12.238"/>
</kw>
<kw name="Click on the Footer logo and Navigate to Homepage" library="footer_test">
<kw name="Wait Until Page Contains Element" library="SeleniumLibrary">
<arg>${footer}</arg>
<doc>Waits until the element ``locator`` appears on the current page.</doc>
<status status="PASS" starttime="20220321 09:45:12.239" endtime="20220321 09:45:12.260"/>
</kw>
<kw name="Sleep" library="BuiltIn">
<arg>2</arg>
<doc>Pauses the test executed for the given time.</doc>
<msg timestamp="20220321 09:45:14.260" level="INFO">Slept 2 seconds</msg>
<status status="PASS" starttime="20220321 09:45:12.260" endtime="20220321 09:45:14.261"/>
</kw>
<kw name="Execute Javascript" library="SeleniumLibrary">
<arg>window.scrollTo(0,2000)</arg>
<doc>Executes the given JavaScript code with possible arguments.</doc>
<msg timestamp="20220321 09:45:14.262" level="INFO">Executing JavaScript:
window.scrollTo(0,2000)
Without any arguments.</msg>
<status status="PASS" starttime="20220321 09:45:14.261" endtime="20220321 09:45:14.270"/>
</kw>
<kw name="Sleep" library="BuiltIn">
<arg>2</arg>
<doc>Pauses the test executed for the given time.</doc>
<msg timestamp="20220321 09:45:16.270" level="INFO">Slept 2 seconds</msg>
<status status="PASS" starttime="20220321 09:45:14.270" endtime="20220321 09:45:16.271"/>
</kw>
<kw name="Wait Until Page Contains Element" library="SeleniumLibrary">
<arg>${logo_footer}</arg>
<doc>Waits until the element ``locator`` appears on the current page.</doc>
<status status="PASS" starttime="20220321 09:45:16.271" endtime="20220321 09:45:16.292"/>
</kw>
<kw name="Click Element" library="SeleniumLibrary">
<arg>${logo_footer}</arg>
<doc>Click the element identified by ``locator``.</doc>
<msg timestamp="20220321 09:45:16.292" level="INFO">Clicking element '//*[@id="root"]/div[3]/div[2]/div/div[1]/div[1]/img'.</msg>
<status status="PASS" starttime="20220321 09:45:16.292" endtime="20220321 09:45:16.371"/>
</kw>
<kw name="Location Should Be" library="SeleniumLibrary">
<arg>https://cryptonite5.netlify.app/</arg>
<doc>Verifies that the current URL is exactly ``url``.</doc>
<msg timestamp="20220321 09:45:16.376" level="INFO">Current location is 'https://cryptonite5.netlify.app/'.</msg>
<status status="PASS" starttime="20220321 09:45:16.371" endtime="20220321 09:45:16.376"/>
</kw>
<kw name="Sleep" library="BuiltIn">
<arg>2</arg>
<doc>Pauses the test executed for the given time.</doc>
<msg timestamp="20220321 09:45:18.376" level="INFO">Slept 2 seconds</msg>
<status status="PASS" starttime="20220321 09:45:16.376" endtime="20220321 09:45:18.377"/>
</kw>
<status status="PASS" starttime="20220321 09:45:12.239" endtime="20220321 09:45:18.377"/>
</kw>
<kw name="Return to Homepage" library="header_test">
<kw name="Sleep" library="BuiltIn">
<arg>2</arg>
<doc>Pauses the test executed for the given time.</doc>
<msg timestamp="20220321 09:45:20.379" level="INFO">Slept 2 seconds</msg>
<status status="PASS" starttime="20220321 09:45:18.379" endtime="20220321 09:45:20.380"/>
</kw>
<kw name="Execute Javascript" library="SeleniumLibrary">
<arg>window.scrollTo(0,0)</arg>
<doc>Executes the given JavaScript code with possible arguments.</doc>
<msg timestamp="20220321 09:45:20.381" level="INFO">Executing JavaScript:
window.scrollTo(0,0)
Without any arguments.</msg>
<status status="PASS" starttime="20220321 09:45:20.380" endtime="20220321 09:45:20.388"/>
</kw>
<kw name="Sleep" library="BuiltIn">
<arg>2</arg>
<doc>Pauses the test executed for the given time.</doc>
<msg timestamp="20220321 09:45:22.389" level="INFO">Slept 2 seconds</msg>
<status status="PASS" starttime="20220321 09:45:20.388" endtime="20220321 09:45:22.389"/>
</kw>
<kw name="Wait Until Page Contains Element" library="SeleniumLibrary">
<arg>${header}</arg>
<doc>Waits until the element ``locator`` appears on the current page.</doc>
<status status="PASS" starttime="20220321 09:45:22.389" endtime="20220321 09:45:22.402"/>
</kw>
<kw name="Click Element" library="SeleniumLibrary">
<arg>${logo_header}</arg>
<doc>Click the element identified by ``locator``.</doc>
<msg timestamp="20220321 09:45:22.403" level="INFO">Clicking element '//*[@id="root"]/div[2]/div/header/div/div/img'.</msg>
<status status="PASS" starttime="20220321 09:45:22.403" endtime="20220321 09:45:22.462"/>
</kw>
<kw name="Location Should Be" library="SeleniumLibrary">
<arg>https://cryptonite5.netlify.app/</arg>
<doc>Verifies that the current URL is exactly ``url``.</doc>
<msg timestamp="20220321 09:45:22.464" level="INFO">Current location is 'https://cryptonite5.netlify.app/'.</msg>
<status status="PASS" starttime="20220321 09:45:22.462" endtime="20220321 09:45:22.464"/>
</kw>
<kw name="Sleep" library="BuiltIn">
<arg>2</arg>
<doc>Pauses the test executed for the given time.</doc>
<msg timestamp="20220321 09:45:24.465" level="INFO">Slept 2 seconds</msg>
<status status="PASS" starttime="20220321 09:45:22.464" endtime="20220321 09:45:24.465"/>
</kw>
<status status="PASS" starttime="20220321 09:45:18.378" endtime="20220321 09:45:24.466"/>
</kw>
<kw name="Click on the About Us text on the Footer and Navigate to About Us page" library="footer_test">
<kw name="Wait Until Page Contains Element" library="SeleniumLibrary">
<arg>${footer}</arg>
<doc>Waits until the element ``locator`` appears on the current page.</doc>
<status status="PASS" starttime="20220321 09:45:24.467" endtime="20220321 09:45:24.482"/>
</kw>
<kw name="Sleep" library="BuiltIn">
<arg>2</arg>
<doc>Pauses the test executed for the given time.</doc>
<msg timestamp="20220321 09:45:26.483" level="INFO">Slept 2 seconds</msg>
<status status="PASS" starttime="20220321 09:45:24.482" endtime="20220321 09:45:26.483"/>
</kw>
<kw name="Execute Javascript" library="SeleniumLibrary">
<arg>window.scrollTo(0,2000)</arg>
<doc>Executes the given JavaScript code with possible arguments.</doc>
<msg timestamp="20220321 09:45:26.484" level="INFO">Executing JavaScript:
window.scrollTo(0,2000)
Without any arguments.</msg>
<status status="PASS" starttime="20220321 09:45:26.483" endtime="20220321 09:45:26.491"/>
</kw>
<kw name="Sleep" library="BuiltIn">
<arg>2</arg>
<doc>Pauses the test executed for the given time.</doc>
<msg timestamp="20220321 09:45:28.492" level="INFO">Slept 2 seconds</msg>
<status status="PASS" starttime="20220321 09:45:26.491" endtime="20220321 09:45:28.492"/>
</kw>
<kw name="Wait Until Page Contains Element" library="SeleniumLibrary">
<arg>${about_footer}</arg>
<doc>Waits until the element ``locator`` appears on the current page.</doc>
<status status="PASS" starttime="20220321 09:45:28.492" endtime="20220321 09:45:28.509"/>
</kw>
<kw name="Click Element" library="SeleniumLibrary">
<arg>${about_footer}</arg>
<doc>Click the element identified by ``locator``.</doc>
<msg timestamp="20220321 09:45:28.509" level="INFO">Clicking element '//*[@id="root"]/div[3]/div[2]/div/div[1]/div[2]/div[1]/p[1]'.</msg>
<status status="PASS" starttime="20220321 09:45:28.509" endtime="20220321 09:45:28.591"/>
</kw>
<kw name="Location Should Be" library="SeleniumLibrary">
<arg>https://cryptonite5.netlify.app/about</arg>
<doc>Verifies that the current URL is exactly ``url``.</doc>
<msg timestamp="20220321 09:45:28.593" level="INFO">Current location is 'https://cryptonite5.netlify.app/about'.</msg>
<status status="PASS" starttime="20220321 09:45:28.591" endtime="20220321 09:45:28.593"/>
</kw>
<kw name="Sleep" library="BuiltIn">
<arg>2</arg>
<doc>Pauses the test executed for the given time.</doc>
<msg timestamp="20220321 09:45:30.594" level="INFO">Slept 2 seconds</msg>
<status status="PASS" starttime="20220321 09:45:28.593" endtime="20220321 09:45:30.594"/>
</kw>
<status status="PASS" starttime="20220321 09:45:24.466" endtime="20220321 09:45:30.594"/>
</kw>
<kw name="Return to Homepage" library="header_test">
<kw name="Sleep" library="BuiltIn">
<arg>2</arg>
<doc>Pauses the test executed for the given time.</doc>
<msg timestamp="20220321 09:45:32.596" level="INFO">Slept 2 seconds</msg>
<status status="PASS" starttime="20220321 09:45:30.595" endtime="20220321 09:45:32.596"/>
</kw>
<kw name="Execute Javascript" library="SeleniumLibrary">
<arg>window.scrollTo(0,0)</arg>
<doc>Executes the given JavaScript code with possible arguments.</doc>
<msg timestamp="20220321 09:45:32.597" level="INFO">Executing JavaScript:
window.scrollTo(0,0)
Without any arguments.</msg>
<status status="PASS" starttime="20220321 09:45:32.597" endtime="20220321 09:45:32.604"/>
</kw>
<kw name="Sleep" library="BuiltIn">
<arg>2</arg>
<doc>Pauses the test executed for the given time.</doc>
<msg timestamp="20220321 09:45:34.605" level="INFO">Slept 2 seconds</msg>
<status status="PASS" starttime="20220321 09:45:32.604" endtime="20220321 09:45:34.605"/>
</kw>
<kw name="Wait Until Page Contains Element" library="SeleniumLibrary">
<arg>${header}</arg>
<doc>Waits until the element ``locator`` appears on the current page.</doc>
<status status="PASS" starttime="20220321 09:45:34.605" endtime="20220321 09:45:34.619"/>
</kw>
<kw name="Click Element" library="SeleniumLibrary">
<arg>${logo_header}</arg>
<doc>Click the element identified by ``locator``.</doc>
<msg timestamp="20220321 09:45:34.620" level="INFO">Clicking element '//*[@id="root"]/div[2]/div/header/div/div/img'.</msg>
<status status="PASS" starttime="20220321 09:45:34.620" endtime="20220321 09:45:34.736"/>
</kw>
<kw name="Location Should Be" library="SeleniumLibrary">
<arg>https://cryptonite5.netlify.app/</arg>
<doc>Verifies that the current URL is exactly ``url``.</doc>
<msg timestamp="20220321 09:45:34.742" level="INFO">Current location is 'https://cryptonite5.netlify.app/'.</msg>
<status status="PASS" starttime="20220321 09:45:34.736" endtime="20220321 09:45:34.742"/>
</kw>
<kw name="Sleep" library="BuiltIn">
<arg>2</arg>
<doc>Pauses the test executed for the given time.</doc>
<msg timestamp="20220321 09:45:36.742" level="INFO">Slept 2 seconds</msg>
<status status="PASS" starttime="20220321 09:45:34.742" endtime="20220321 09:45:36.742"/>
</kw>
<status status="PASS" starttime="20220321 09:45:30.595" endtime="20220321 09:45:36.743"/>
</kw>
<kw name="Click on the Contact Us text on the Footer and Navigate to Help page" library="footer_test">
<kw name="Wait Until Page Contains Element" library="SeleniumLibrary">
<arg>${footer}</arg>
<doc>Waits until the element ``locator`` appears on the current page.</doc>
<status status="PASS" starttime="20220321 09:45:36.743" endtime="20220321 09:45:36.754"/>
</kw>
<kw name="Sleep" library="BuiltIn">
<arg>2</arg>
<doc>Pauses the test executed for the given time.</doc>
<msg timestamp="20220321 09:45:38.755" level="INFO">Slept 2 seconds</msg>
<status status="PASS" starttime="20220321 09:45:36.755" endtime="20220321 09:45:38.755"/>
</kw>
<kw name="Execute Javascript" library="SeleniumLibrary">
<arg>window.scrollTo(0,2000)</arg>
<doc>Executes the given JavaScript code with possible arguments.</doc>
<msg timestamp="20220321 09:45:38.757" level="INFO">Executing JavaScript:
window.scrollTo(0,2000)
Without any arguments.</msg>
<status status="PASS" starttime="20220321 09:45:38.756" endtime="20220321 09:45:38.764"/>
</kw>
<kw name="Sleep" library="BuiltIn">
<arg>2</arg>
<doc>Pauses the test executed for the given time.</doc>
<msg timestamp="20220321 09:45:40.765" level="INFO">Slept 2 seconds</msg>
<status status="PASS" starttime="20220321 09:45:38.764" endtime="20220321 09:45:40.766"/>
</kw>
<kw name="Wait Until Page Contains Element" library="SeleniumLibrary">
<arg>${contact_footer}</arg>
<doc>Waits until the element ``locator`` appears on the current page.</doc>
<status status="PASS" starttime="20220321 09:45:40.766" endtime="20220321 09:45:40.783"/>
</kw>
<kw name="Click Element" library="SeleniumLibrary">
<arg>${contact_footer}</arg>
<doc>Click the element identified by ``locator``.</doc>
<msg timestamp="20220321 09:45:40.783" level="INFO">Clicking element '//*[@id="root"]/div[3]/div[2]/div/div[1]/div[2]/div[1]/p[2]'.</msg>
<status status="PASS" starttime="20220321 09:45:40.783" endtime="20220321 09:45:40.878"/>
</kw>
<kw name="Location Should Be" library="SeleniumLibrary">
<arg>https://cryptonite5.netlify.app/help</arg>
<doc>Verifies that the current URL is exactly ``url``.</doc>
<msg timestamp="20220321 09:45:40.884" level="INFO">Current location is 'https://cryptonite5.netlify.app/help'.</msg>
<status status="PASS" starttime="20220321 09:45:40.878" endtime="20220321 09:45:40.885"/>
</kw>
<kw name="Sleep" library="BuiltIn">
<arg>2</arg>
<doc>Pauses the test executed for the given time.</doc>
<msg timestamp="20220321 09:45:42.885" level="INFO">Slept 2 seconds</msg>
<status status="PASS" starttime="20220321 09:45:40.885" endtime="20220321 09:45:42.886"/>
</kw>
<status status="PASS" starttime="20220321 09:45:36.743" endtime="20220321 09:45:42.886"/>
</kw>
<kw name="Return to Homepage" library="header_test">
<kw name="Sleep" library="BuiltIn">
<arg>2</arg>
<doc>Pauses the test executed for the given time.</doc>
<msg timestamp="20220321 09:45:44.887" level="INFO">Slept 2 seconds</msg>
<status status="PASS" starttime="20220321 09:45:42.887" endtime="20220321 09:45:44.887"/>
</kw>
<kw name="Execute Javascript" library="SeleniumLibrary">
<arg>window.scrollTo(0,0)</arg>
<doc>Executes the given JavaScript code with possible arguments.</doc>
<msg timestamp="20220321 09:45:44.888" level="INFO">Executing JavaScript:
window.scrollTo(0,0)
Without any arguments.</msg>
<status status="PASS" starttime="20220321 09:45:44.888" endtime="20220321 09:45:44.894"/>
</kw>
<kw name="Sleep" library="BuiltIn">
<arg>2</arg>
<doc>Pauses the test executed for the given time.</doc>
<msg timestamp="20220321 09:45:46.895" level="INFO">Slept 2 seconds</msg>
<status status="PASS" starttime="20220321 09:45:44.894" endtime="20220321 09:45:46.895"/>
</kw>
<kw name="Wait Until Page Contains Element" library="SeleniumLibrary">
<arg>${header}</arg>
<doc>Waits until the element ``locator`` appears on the current page.</doc>
<status status="PASS" starttime="20220321 09:45:46.895" endtime="20220321 09:45:46.908"/>
</kw>
<kw name="Click Element" library="SeleniumLibrary">
<arg>${logo_header}</arg>
<doc>Click the element identified by ``locator``.</doc>
<msg timestamp="20220321 09:45:46.909" level="INFO">Clicking element '//*[@id="root"]/div[2]/div/header/div/div/img'.</msg>
<status status="PASS" starttime="20220321 09:45:46.909" endtime="20220321 09:45:47.004"/>
</kw>
<kw name="Location Should Be" library="SeleniumLibrary">
<arg>https://cryptonite5.netlify.app/</arg>
<doc>Verifies that the current URL is exactly ``url``.</doc>
<msg timestamp="20220321 09:45:47.047" level="INFO">Current location is 'https://cryptonite5.netlify.app/'.</msg>
<status status="PASS" starttime="20220321 09:45:47.004" endtime="20220321 09:45:47.047"/>
</kw>
<kw name="Sleep" library="BuiltIn">
<arg>2</arg>
<doc>Pauses the test executed for the given time.</doc>
<msg timestamp="20220321 09:45:49.048" level="INFO">Slept 2 seconds</msg>
<status status="PASS" starttime="20220321 09:45:47.047" endtime="20220321 09:45:49.048"/>
</kw>
<status status="PASS" starttime="20220321 09:45:42.886" endtime="20220321 09:45:49.049"/>
</kw>
<kw name="Click on the Help text on the Footer and Navigate to Help page" library="footer_test">
<kw name="Wait Until Page Contains Element" library="SeleniumLibrary">
<arg>${footer}</arg>
<doc>Waits until the element ``locator`` appears on the current page.</doc>
<status status="PASS" starttime="20220321 09:45:49.049" endtime="20220321 09:45:49.064"/>
</kw>
<kw name="Sleep" library="BuiltIn">
<arg>2</arg>
<doc>Pauses the test executed for the given time.</doc>
<msg timestamp="20220321 09:45:51.065" level="INFO">Slept 2 seconds</msg>
<status status="PASS" starttime="20220321 09:45:49.064" endtime="20220321 09:45:51.065"/>
</kw>
<kw name="Execute Javascript" library="SeleniumLibrary">
<arg>window.scrollTo(0,2000)</arg>
<doc>Executes the given JavaScript code with possible arguments.</doc>
<msg timestamp="20220321 09:45:51.066" level="INFO">Executing JavaScript:
window.scrollTo(0,2000)
Without any arguments.</msg>
<status status="PASS" starttime="20220321 09:45:51.066" endtime="20220321 09:45:51.074"/>
</kw>
<kw name="Sleep" library="BuiltIn">
<arg>2</arg>
<doc>Pauses the test executed for the given time.</doc>
<msg timestamp="20220321 09:45:53.075" level="INFO">Slept 2 seconds</msg>
<status status="PASS" starttime="20220321 09:45:51.075" endtime="20220321 09:45:53.076"/>
</kw>
<kw name="Wait Until Page Contains Element" library="SeleniumLibrary">
<arg>${help_footer}</arg>
<doc>Waits until the element ``locator`` appears on the current page.</doc>
<status status="PASS" starttime="20220321 09:45:53.076" endtime="20220321 09:45:53.093"/>
</kw>
<kw name="Click Element" library="SeleniumLibrary">
<arg>${help_footer}</arg>
<doc>Click the element identified by ``locator``.</doc>
<msg timestamp="20220321 09:45:53.093" level="INFO">Clicking element '//*[@id="root"]/div[3]/div[2]/div/div[1]/div[2]/div[1]/p[3]'.</msg>
<status status="PASS" starttime="20220321 09:45:53.093" endtime="20220321 09:45:53.182"/>
</kw>
<kw name="Location Should Be" library="SeleniumLibrary">
<arg>https://cryptonite5.netlify.app/help</arg>
<doc>Verifies that the current URL is exactly ``url``.</doc>
<msg timestamp="20220321 09:45:53.197" level="INFO">Current location is 'https://cryptonite5.netlify.app/help'.</msg>
<status status="PASS" starttime="20220321 09:45:53.182" endtime="20220321 09:45:53.197"/>
</kw>
<kw name="Sleep" library="BuiltIn">
<arg>2</arg>
<doc>Pauses the test executed for the given time.</doc>
<msg timestamp="20220321 09:45:55.197" level="INFO">Slept 2 seconds</msg>
<status status="PASS" starttime="20220321 09:45:53.197" endtime="20220321 09:45:55.198"/>
</kw>
<status status="PASS" starttime="20220321 09:45:49.049" endtime="20220321 09:45:55.198"/>
</kw>
<kw name="Return to Homepage" library="header_test">
<kw name="Sleep" library="BuiltIn">
<arg>2</arg>
<doc>Pauses the test executed for the given time.</doc>
<msg timestamp="20220321 09:45:57.199" level="INFO">Slept 2 seconds</msg>
<status status="PASS" starttime="20220321 09:45:55.199" endtime="20220321 09:45:57.200"/>
</kw>
<kw name="Execute Javascript" library="SeleniumLibrary">
<arg>window.scrollTo(0,0)</arg>
<doc>Executes the given JavaScript code with possible arguments.</doc>
<msg timestamp="20220321 09:45:57.201" level="INFO">Executing JavaScript:
window.scrollTo(0,0)
Without any arguments.</msg>
<status status="PASS" starttime="20220321 09:45:57.200" endtime="20220321 09:45:57.208"/>
</kw>
<kw name="Sleep" library="BuiltIn">
<arg>2</arg>
<doc>Pauses the test executed for the given time.</doc>
<msg timestamp="20220321 09:45:59.209" level="INFO">Slept 2 seconds</msg>
<status status="PASS" starttime="20220321 09:45:57.208" endtime="20220321 09:45:59.209"/>
</kw>
<kw name="Wait Until Page Contains Element" library="SeleniumLibrary">
<arg>${header}</arg>
<doc>Waits until the element ``locator`` appears on the current page.</doc>
<status status="PASS" starttime="20220321 09:45:59.209" endtime="20220321 09:45:59.223"/>
</kw>
<kw name="Click Element" library="SeleniumLibrary">
<arg>${logo_header}</arg>
<doc>Click the element identified by ``locator``.</doc>
<msg timestamp="20220321 09:45:59.223" level="INFO">Clicking element '//*[@id="root"]/div[2]/div/header/div/div/img'.</msg>
<status status="PASS" starttime="20220321 09:45:59.223" endtime="20220321 09:45:59.317"/>
</kw>
<kw name="Location Should Be" library="SeleniumLibrary">
<arg>https://cryptonite5.netlify.app/</arg>
<doc>Verifies that the current URL is exactly ``url``.</doc>
<msg timestamp="20220321 09:45:59.359" level="INFO">Current location is 'https://cryptonite5.netlify.app/'.</msg>
<status status="PASS" starttime="20220321 09:45:59.317" endtime="20220321 09:45:59.359"/>
</kw>
<kw name="Sleep" library="BuiltIn">
<arg>2</arg>
<doc>Pauses the test executed for the given time.</doc>
<msg timestamp="20220321 09:46:01.360" level="INFO">Slept 2 seconds</msg>
<status status="PASS" starttime="20220321 09:45:59.360" endtime="20220321 09:46:01.360"/>
</kw>
<status status="PASS" starttime="20220321 09:45:55.198" endtime="20220321 09:46:01.361"/>
</kw>
<kw name="Click on the Search Cryptocurrency text on the Footer and Navigate to Crypto page" library="footer_test">
<kw name="Wait Until Page Contains Element" library="SeleniumLibrary">
<arg>${footer}</arg>
<doc>Waits until the element ``locator`` appears on the current page.</doc>
<status status="PASS" starttime="20220321 09:46:01.362" endtime="20220321 09:46:01.376"/>
</kw>
<kw name="Sleep" library="BuiltIn">
<arg>2</arg>
<doc>Pauses the test executed for the given time.</doc>
<msg timestamp="20220321 09:46:03.377" level="INFO">Slept 2 seconds</msg>
<status status="PASS" starttime="20220321 09:46:01.377" endtime="20220321 09:46:03.378"/>
</kw>
<kw name="Execute Javascript" library="SeleniumLibrary">
<arg>window.scrollTo(0,2000)</arg>
<doc>Executes the given JavaScript code with possible arguments.</doc>
<msg timestamp="20220321 09:46:03.379" level="INFO">Executing JavaScript:
window.scrollTo(0,2000)
Without any arguments.</msg>
<status status="PASS" starttime="20220321 09:46:03.378" endtime="20220321 09:46:03.388"/>
</kw>
<kw name="Sleep" library="BuiltIn">
<arg>2</arg>
<doc>Pauses the test executed for the given time.</doc>
<msg timestamp="20220321 09:46:05.389" level="INFO">Slept 2 seconds</msg>
<status status="PASS" starttime="20220321 09:46:03.389" endtime="20220321 09:46:05.389"/>
</kw>
<kw name="Wait Until Page Contains Element" library="SeleniumLibrary">
<arg>${search_footer}</arg>
<doc>Waits until the element ``locator`` appears on the current page.</doc>
<status status="PASS" starttime="20220321 09:46:05.390" endtime="20220321 09:46:05.407"/>
</kw>
<kw name="Click Element" library="SeleniumLibrary">
<arg>${search_footer}</arg>
<doc>Click the element identified by ``locator``.</doc>
<msg timestamp="20220321 09:46:05.407" level="INFO">Clicking element '//*[@id="root"]/div[3]/div[2]/div/div[1]/div[2]/div[2]/p[1]'.</msg>
<status status="PASS" starttime="20220321 09:46:05.407" endtime="20220321 09:46:05.511"/>
</kw>
<kw name="Location Should Be" library="SeleniumLibrary">
<arg>https://cryptonite5.netlify.app/crypto</arg>
<doc>Verifies that the current URL is exactly ``url``.</doc>
<msg timestamp="20220321 09:46:05.520" level="INFO">Current location is 'https://cryptonite5.netlify.app/crypto'.</msg>
<status status="PASS" starttime="20220321 09:46:05.511" endtime="20220321 09:46:05.521"/>
</kw>
<kw name="Sleep" library="BuiltIn">
<arg>2</arg>
<doc>Pauses the test executed for the given time.</doc>
<msg timestamp="20220321 09:46:07.521" level="INFO">Slept 2 seconds</msg>
<status status="PASS" starttime="20220321 09:46:05.521" endtime="20220321 09:46:07.521"/>
</kw>
<status status="PASS" starttime="20220321 09:46:01.361" endtime="20220321 09:46:07.522"/>
</kw>
<kw name="Return to Homepage" library="header_test">
<kw name="Sleep" library="BuiltIn">
<arg>2</arg>
<doc>Pauses the test executed for the given time.</doc>
<msg timestamp="20220321 09:46:09.523" level="INFO">Slept 2 seconds</msg>
<status status="PASS" starttime="20220321 09:46:07.523" endtime="20220321 09:46:09.524"/>
</kw>
<kw name="Execute Javascript" library="SeleniumLibrary">
<arg>window.scrollTo(0,0)</arg>
<doc>Executes the given JavaScript code with possible arguments.</doc>
<msg timestamp="20220321 09:46:09.525" level="INFO">Executing JavaScript:
window.scrollTo(0,0)
Without any arguments.</msg>
<status status="PASS" starttime="20220321 09:46:09.524" endtime="20220321 09:46:09.537"/>
</kw>
<kw name="Sleep" library="BuiltIn">
<arg>2</arg>
<doc>Pauses the test executed for the given time.</doc>
<msg timestamp="20220321 09:46:11.538" level="INFO">Slept 2 seconds</msg>
<status status="PASS" starttime="20220321 09:46:09.538" endtime="20220321 09:46:11.539"/>
</kw>
<kw name="Wait Until Page Contains Element" library="SeleniumLibrary">
<arg>${header}</arg>
<doc>Waits until the element ``locator`` appears on the current page.</doc>
<status status="PASS" starttime="20220321 09:46:11.539" endtime="20220321 09:46:11.556"/>
</kw>
<kw name="Click Element" library="SeleniumLibrary">
<arg>${logo_header}</arg>
<doc>Click the element identified by ``locator``.</doc>
<msg timestamp="20220321 09:46:11.556" level="INFO">Clicking element '//*[@id="root"]/div[2]/div/header/div/div/img'.</msg>
<status status="PASS" starttime="20220321 09:46:11.556" endtime="20220321 09:46:11.644"/>
</kw>
<kw name="Location Should Be" library="SeleniumLibrary">
<arg>https://cryptonite5.netlify.app/</arg>
<doc>Verifies that the current URL is exactly ``url``.</doc>
<msg timestamp="20220321 09:46:11.678" level="INFO">Current location is 'https://cryptonite5.netlify.app/'.</msg>
<status status="PASS" starttime="20220321 09:46:11.644" endtime="20220321 09:46:11.678"/>
</kw>
<kw name="Sleep" library="BuiltIn">
<arg>2</arg>
<doc>Pauses the test executed for the given time.</doc>
<msg timestamp="20220321 09:46:13.679" level="INFO">Slept 2 seconds</msg>
<status status="PASS" starttime="20220321 09:46:11.678" endtime="20220321 09:46:13.679"/>
</kw>
<status status="PASS" starttime="20220321 09:46:07.522" endtime="20220321 09:46:13.679"/>
</kw>
<kw name="Click on the Trending Market text on the Footer and Navigate to Homepage" library="footer_test">
<kw name="Wait Until Page Contains Element" library="SeleniumLibrary">
<arg>${footer}</arg>
<doc>Waits until the element ``locator`` appears on the current page.</doc>
<status status="PASS" starttime="20220321 09:46:13.680" endtime="20220321 09:46:13.694"/>
</kw>
<kw name="Sleep" library="BuiltIn">
<arg>2</arg>
<doc>Pauses the test executed for the given time.</doc>
<msg timestamp="20220321 09:46:15.695" level="INFO">Slept 2 seconds</msg>
<status status="PASS" starttime="20220321 09:46:13.695" endtime="20220321 09:46:15.695"/>
</kw>
<kw name="Execute Javascript" library="SeleniumLibrary">
<arg>window.scrollTo(0,2000)</arg>
<doc>Executes the given JavaScript code with possible arguments.</doc>
<msg timestamp="20220321 09:46:15.696" level="INFO">Executing JavaScript:
window.scrollTo(0,2000)
Without any arguments.</msg>
<status status="PASS" starttime="20220321 09:46:15.696" endtime="20220321 09:46:15.705"/>
</kw>
<kw name="Sleep" library="BuiltIn">
<arg>2</arg>
<doc>Pauses the test executed for the given time.</doc>
<msg timestamp="20220321 09:46:17.706" level="INFO">Slept 2 seconds</msg>
<status status="PASS" starttime="20220321 09:46:15.705" endtime="20220321 09:46:17.706"/>
</kw>
<kw name="Wait Until Page Contains Element" library="SeleniumLibrary">
<arg>${trending_footer}</arg>
<doc>Waits until the element ``locator`` appears on the current page.</doc>
<status status="PASS" starttime="20220321 09:46:17.706" endtime="20220321 09:46:17.723"/>
</kw>
<kw name="Click Element" library="SeleniumLibrary">
<arg>${trending_footer}</arg>
<doc>Click the element identified by ``locator``.</doc>
<msg timestamp="20220321 09:46:17.724" level="INFO">Clicking element '//*[@id="root"]/div[3]/div[2]/div/div[1]/div[2]/div[2]/p[2]'.</msg>
<status status="PASS" starttime="20220321 09:46:17.724" endtime="20220321 09:46:17.789"/>
</kw>
<kw name="Location Should Be" library="SeleniumLibrary">
<arg>https://cryptonite5.netlify.app/</arg>
<doc>Verifies that the current URL is exactly ``url``.</doc>
<msg timestamp="20220321 09:46:17.792" level="INFO">Current location is 'https://cryptonite5.netlify.app/'.</msg>
<status status="PASS" starttime="20220321 09:46:17.790" endtime="20220321 09:46:17.792"/>
</kw>
<kw name="Sleep" library="BuiltIn">
<arg>2</arg>
<doc>Pauses the test executed for the given time.</doc>
<msg timestamp="20220321 09:46:19.793" level="INFO">Slept 2 seconds</msg>
<status status="PASS" starttime="20220321 09:46:17.792" endtime="20220321 09:46:19.793"/>
</kw>
<status status="PASS" starttime="20220321 09:46:13.679" endtime="20220321 09:46:19.793"/>
</kw>
<kw name="Return to Homepage" library="header_test">
<kw name="Sleep" library="BuiltIn">
<arg>2</arg>
<doc>Pauses the test executed for the given time.</doc>
<msg timestamp="20220321 09:46:21.795" level="INFO">Slept 2 seconds</msg>
<status status="PASS" starttime="20220321 09:46:19.794" endtime="20220321 09:46:21.795"/>
</kw>
<kw name="Execute Javascript" library="SeleniumLibrary">
<arg>window.scrollTo(0,0)</arg>
<doc>Executes the given JavaScript code with possible arguments.</doc>
<msg timestamp="20220321 09:46:21.796" level="INFO">Executing JavaScript:
window.scrollTo(0,0)
Without any arguments.</msg>
<status status="PASS" starttime="20220321 09:46:21.795" endtime="20220321 09:46:21.804"/>
</kw>
<kw name="Sleep" library="BuiltIn">
<arg>2</arg>
<doc>Pauses the test executed for the given time.</doc>
<msg timestamp="20220321 09:46:23.804" level="INFO">Slept 2 seconds</msg>
<status status="PASS" starttime="20220321 09:46:21.804" endtime="20220321 09:46:23.805"/>
</kw>
<kw name="Wait Until Page Contains Element" library="SeleniumLibrary">
<arg>${header}</arg>
<doc>Waits until the element ``locator`` appears on the current page.</doc>
<status status="PASS" starttime="20220321 09:46:23.805" endtime="20220321 09:46:23.818"/>
</kw>
<kw name="Click Element" library="SeleniumLibrary">
<arg>${logo_header}</arg>
<doc>Click the element identified by ``locator``.</doc>
<msg timestamp="20220321 09:46:23.819" level="INFO">Clicking element '//*[@id="root"]/div[2]/div/header/div/div/img'.</msg>
<status status="PASS" starttime="20220321 09:46:23.818" endtime="20220321 09:46:23.877"/>
</kw>
<kw name="Location Should Be" library="SeleniumLibrary">
<arg>https://cryptonite5.netlify.app/</arg>
<doc>Verifies that the current URL is exactly ``url``.</doc>
<msg timestamp="20220321 09:46:23.881" level="INFO">Current location is 'https://cryptonite5.netlify.app/'.</msg>
<status status="PASS" starttime="20220321 09:46:23.877" endtime="20220321 09:46:23.881"/>
</kw>
<kw name="Sleep" library="BuiltIn">
<arg>2</arg>
<doc>Pauses the test executed for the given time.</doc>
<msg timestamp="20220321 09:46:25.882" level="INFO">Slept 2 seconds</msg>
<status status="PASS" starttime="20220321 09:46:23.881" endtime="20220321 09:46:25.882"/>
</kw>
<status status="PASS" starttime="20220321 09:46:19.794" endtime="20220321 09:46:25.882"/>
</kw>
<kw name="Click on the Promotional text on the Footer and Navigate to Landing page" library="footer_test">
<kw name="Wait Until Page Contains Element" library="SeleniumLibrary">
<arg>${footer}</arg>
<doc>Waits until the element ``locator`` appears on the current page.</doc>
<status status="PASS" starttime="20220321 09:46:25.883" endtime="20220321 09:46:25.900"/>
</kw>
<kw name="Sleep" library="BuiltIn">
<arg>2</arg>
<doc>Pauses the test executed for the given time.</doc>
<msg timestamp="20220321 09:46:27.901" level="INFO">Slept 2 seconds</msg>
<status status="PASS" starttime="20220321 09:46:25.900" endtime="20220321 09:46:27.901"/>
</kw>
<kw name="Execute Javascript" library="SeleniumLibrary">
<arg>window.scrollTo(0,2000)</arg>
<doc>Executes the given JavaScript code with possible arguments.</doc>
<msg timestamp="20220321 09:46:27.901" level="INFO">Executing JavaScript:
window.scrollTo(0,2000)
Without any arguments.</msg>
<status status="PASS" starttime="20220321 09:46:27.901" endtime="20220321 09:46:27.905"/>
</kw>
<kw name="Sleep" library="BuiltIn">
<arg>2</arg>
<doc>Pauses the test executed for the given time.</doc>
<msg timestamp="20220321 09:46:29.906" level="INFO">Slept 2 seconds</msg>
<status status="PASS" starttime="20220321 09:46:27.906" endtime="20220321 09:46:29.906"/>
</kw>
<kw name="Wait Until Page Contains Element" library="SeleniumLibrary">
<arg>${promo_footer}</arg>
<doc>Waits until the element ``locator`` appears on the current page.</doc>
<status status="PASS" starttime="20220321 09:46:29.906" endtime="20220321 09:46:29.922"/>
</kw>
<kw name="Click Element" library="SeleniumLibrary">
<arg>${promo_footer}</arg>
<doc>Click the element identified by ``locator``.</doc>
<msg timestamp="20220321 09:46:29.923" level="INFO">Clicking element '//*[@id="root"]/div[3]/div[2]/div/div[1]/div[2]/div[2]/p[3]'.</msg>
<status status="PASS" starttime="20220321 09:46:29.922" endtime="20220321 09:46:30.004"/>
</kw>
<kw name="Location Should Be" library="SeleniumLibrary">
<arg>https://cryptonite5.netlify.app/landing</arg>
<doc>Verifies that the current URL is exactly ``url``.</doc>
<msg timestamp="20220321 09:46:30.012" level="INFO">Current location is 'https://cryptonite5.netlify.app/landing'.</msg>
<status status="PASS" starttime="20220321 09:46:30.004" endtime="20220321 09:46:30.012"/>
</kw>
<kw name="Sleep" library="BuiltIn">
<arg>2</arg>
<doc>Pauses the test executed for the given time.</doc>
<msg timestamp="20220321 09:46:32.013" level="INFO">Slept 2 seconds</msg>
<status status="PASS" starttime="20220321 09:46:30.012" endtime="20220321 09:46:32.013"/>
</kw>
<status status="PASS" starttime="20220321 09:46:25.883" endtime="20220321 09:46:32.014"/>
</kw>
<kw name="Return to Homepage" library="header_test">
<kw name="Sleep" library="BuiltIn">
<arg>2</arg>
<doc>Pauses the test executed for the given time.</doc>
<msg timestamp="20220321 09:46:34.015" level="INFO">Slept 2 seconds</msg>
<status status="PASS" starttime="20220321 09:46:32.015" endtime="20220321 09:46:34.015"/>
</kw>
<kw name="Execute Javascript" library="SeleniumLibrary">
<arg>window.scrollTo(0,0)</arg>
<doc>Executes the given JavaScript code with possible arguments.</doc>
<msg timestamp="20220321 09:46:34.016" level="INFO">Executing JavaScript:
window.scrollTo(0,0)
Without any arguments.</msg>
<status status="PASS" starttime="20220321 09:46:34.016" endtime="20220321 09:46:34.023"/>
</kw>
<kw name="Sleep" library="BuiltIn">
<arg>2</arg>
<doc>Pauses the test executed for the given time.</doc>
<msg timestamp="20220321 09:46:36.025" level="INFO">Slept 2 seconds</msg>
<status status="PASS" starttime="20220321 09:46:34.024" endtime="20220321 09:46:36.026"/>
</kw>
<kw name="Wait Until Page Contains Element" library="SeleniumLibrary">
<arg>${header}</arg>
<doc>Waits until the element ``locator`` appears on the current page.</doc>
<status status="PASS" starttime="20220321 09:46:36.026" endtime="20220321 09:46:36.033"/>
</kw>
<kw name="Click Element" library="SeleniumLibrary">
<arg>${logo_header}</arg>
<doc>Click the element identified by ``locator``.</doc>
<msg timestamp="20220321 09:46:36.033" level="INFO">Clicking element '//*[@id="root"]/div[2]/div/header/div/div/img'.</msg>
<status status="PASS" starttime="20220321 09:46:36.033" endtime="20220321 09:46:36.147"/>
</kw>
<kw name="Location Should Be" library="SeleniumLibrary">
<arg>https://cryptonite5.netlify.app/</arg>
<doc>Verifies that the current URL is exactly ``url``.</doc>
<msg timestamp="20220321 09:46:36.200" level="INFO">Current location is 'https://cryptonite5.netlify.app/'.</msg>
<status status="PASS" starttime="20220321 09:46:36.147" endtime="20220321 09:46:36.200"/>
</kw>
<kw name="Sleep" library="BuiltIn">
<arg>2</arg>
<doc>Pauses the test executed for the given time.</doc>
<msg timestamp="20220321 09:46:38.202" level="INFO">Slept 2 seconds</msg>
<status status="PASS" starttime="20220321 09:46:36.200" endtime="20220321 09:46:38.202"/>
</kw>
<status status="PASS" starttime="20220321 09:46:32.014" endtime="20220321 09:46:38.202"/>
</kw>
<status status="PASS" starttime="20220321 09:45:06.133" endtime="20220321 09:46:38.203"/>
</test>
<test id="s1-t4" name="Integration Testing - Login Component">
<kw name="Return to Homepage" library="header_test">
<kw name="Sleep" library="BuiltIn">
<arg>2</arg>
<doc>Pauses the test executed for the given time.</doc>
<msg timestamp="20220321 09:46:40.206" level="INFO">Slept 2 seconds</msg>
<status status="PASS" starttime="20220321 09:46:38.206" endtime="20220321 09:46:40.207"/>
</kw>
<kw name="Execute Javascript" library="SeleniumLibrary">
<arg>window.scrollTo(0,0)</arg>
<doc>Executes the given JavaScript code with possible arguments.</doc>
<msg timestamp="20220321 09:46:40.208" level="INFO">Executing JavaScript:
window.scrollTo(0,0)
Without any arguments.</msg>
<status status="PASS" starttime="20220321 09:46:40.207" endtime="20220321 09:46:40.214"/>
</kw>
<kw name="Sleep" library="BuiltIn">
<arg>2</arg>
<doc>Pauses the test executed for the given time.</doc>
<msg timestamp="20220321 09:46:42.215" level="INFO">Slept 2 seconds</msg>
<status status="PASS" starttime="20220321 09:46:40.214" endtime="20220321 09:46:42.215"/>
</kw>
<kw name="Wait Until Page Contains Element" library="SeleniumLibrary">
<arg>${header}</arg>
<doc>Waits until the element ``locator`` appears on the current page.</doc>
<status status="PASS" starttime="20220321 09:46:42.215" endtime="20220321 09:46:42.222"/>
</kw>
<kw name="Click Element" library="SeleniumLibrary">
<arg>${logo_header}</arg>
<doc>Click the element identified by ``locator``.</doc>
<msg timestamp="20220321 09:46:42.223" level="INFO">Clicking element '//*[@id="root"]/div[2]/div/header/div/div/img'.</msg>
<status status="PASS" starttime="20220321 09:46:42.222" endtime="20220321 09:46:42.274"/>
</kw>
<kw name="Location Should Be" library="SeleniumLibrary">
<arg>https://cryptonite5.netlify.app/</arg>
<doc>Verifies that the current URL is exactly ``url``.</doc>
<msg timestamp="20220321 09:46:42.276" level="INFO">Current location is 'https://cryptonite5.netlify.app/'.</msg>
<status status="PASS" starttime="20220321 09:46:42.274" endtime="20220321 09:46:42.276"/>
</kw>
<kw name="Sleep" library="BuiltIn">
<arg>2</arg>
<doc>Pauses the test executed for the given time.</doc>
<msg timestamp="20220321 09:46:44.277" level="INFO">Slept 2 seconds</msg>
[...]
<msg timestamp="20220321 09:49:18.940" level="INFO">Current page contains element '//*[text()="Enter Email"]'.</msg>
<status status="PASS" starttime="20220321 09:49:18.927" endtime="20220321 09:49:18.940"/>
</kw>
<kw name="Page Should Contain Element" library="SeleniumLibrary">
<arg>//*[text()="Enter Your Password"]</arg>
<doc>Verifies that element ``locator`` is found on the current page.</doc>
<msg timestamp="20220321 09:49:18.948" level="INFO">Current page contains element '//*[text()="Enter Your Password"]'.</msg>
<status status="PASS" starttime="20220321 09:49:18.940" endtime="20220321 09:49:18.949"/>
</kw>
<kw name="Page Should Contain Element" library="SeleniumLibrary">
<arg>//*[text()="Login" and contains (@class, "MuiButton-label")] //parent::button</arg>
<doc>Verifies that element ``locator`` is found on the current page.</doc>
<msg timestamp="20220321 09:49:18.957" level="INFO">Current page contains element '//*[text()="Login" and contains (@class, "MuiButton-label")] //parent::button'.</msg>
<status status="PASS" starttime="20220321 09:49:18.949" endtime="20220321 09:49:18.957"/>
</kw>
<kw name="Sleep" library="BuiltIn">
<arg>2</arg>
<doc>Pauses the test executed for the given time.</doc>
<msg timestamp="20220321 09:49:20.958" level="INFO">Slept 2 seconds</msg>
<status status="PASS" starttime="20220321 09:49:18.958" endtime="20220321 09:49:20.958"/>
</kw>
<status status="PASS" starttime="20220321 09:49:16.883" endtime="20220321 09:49:20.959"/>
</kw>
<kw name="Login Account" library="sidebar_test">
<kw name="Page Should Contain Element" library="SeleniumLibrary">
<arg>${log_tab}</arg>
<doc>Verifies that element ``locator`` is found on the current page.</doc>
<msg timestamp="20220321 09:49:20.971" level="INFO">Current page contains element '//*[text()="Login" and contains (@class, "MuiTab-wrapper")]'.</msg>
<status status="PASS" starttime="20220321 09:49:20.959" endtime="20220321 09:49:20.971"/>
</kw>
<kw name="Click Element" library="SeleniumLibrary">
<arg>${log_tab}</arg>
<doc>Click the element identified by ``locator``.</doc>
<msg timestamp="20220321 09:49:20.972" level="INFO">Clicking element '//*[text()="Login" and contains (@class, "MuiTab-wrapper")]'.</msg>
<status status="PASS" starttime="20220321 09:49:20.971" endtime="20220321 09:49:20.992"/>
</kw>
<kw name="Click Element" library="SeleniumLibrary">
<arg>${email_field}</arg>
<doc>Click the element identified by ``locator``.</doc>
<msg timestamp="20220321 09:49:20.992" level="INFO">Clicking element '//*[@type="email" and contains (@class, "MuiInputBase-input MuiFilledInput-input")]'.</msg>
<status status="PASS" starttime="20220321 09:49:20.992" endtime="20220321 09:49:21.027"/>
</kw>
<kw name="Input Text" library="SeleniumLibrary">
<arg>${email_field}</arg>
<arg>${test_email}</arg>
<doc>Types the given ``text`` into the text field identified by ``locator``.</doc>
<msg timestamp="20220321 09:49:21.027" level="INFO">Typing text 'emailtest@test.com.my' into text field '//*[@type="email" and contains (@class, "MuiInputBase-input MuiFilledInput-input")]'.</msg>
<status status="PASS" starttime="20220321 09:49:21.027" endtime="20220321 09:49:21.106"/>
</kw>
<kw name="Click Element" library="SeleniumLibrary">
<arg>${pswd_field}</arg>
<doc>Click the element identified by ``locator``.</doc>
<msg timestamp="20220321 09:49:21.108" level="INFO">Clicking element '//*[@type="password" and contains (@class, "MuiInputBase-input MuiFilledInput-input")]'.</msg>
<status status="PASS" starttime="20220321 09:49:21.107" endtime="20220321 09:49:21.153"/>
</kw>
<kw name="Input Text" library="SeleniumLibrary">
<arg>${pswd_field}</arg>
<arg>${test_pswd}</arg>
<doc>Types the given ``text`` into the text field identified by ``locator``.</doc>
<msg timestamp="20220321 09:49:21.153" level="INFO">Typing text 'abc123' into text field '//*[@type="password" and contains (@class, "MuiInputBase-input MuiFilledInput-input")]'.</msg>
<status status="PASS" starttime="20220321 09:49:21.153" endtime="20220321 09:49:21.213"/>
</kw>
<kw name="Sleep" library="BuiltIn">
<arg>2</arg>
<doc>Pauses the test executed for the given time.</doc>
<msg timestamp="20220321 09:49:23.214" level="INFO">Slept 2 seconds</msg>
<status status="PASS" starttime="20220321 09:49:21.213" endtime="20220321 09:49:23.214"/>
</kw>
<kw name="Click Element" library="SeleniumLibrary">
<arg>${login_btn_tab}</arg>
<doc>Click the element identified by ``locator``.</doc>
<msg timestamp="20220321 09:49:23.215" level="INFO">Clicking element '//*[@type="button" and contains (@class, "MuiButtonBase-root MuiButton-root MuiButton-contained MuiButton-containedSizeLarge MuiButton-sizeLarge")]'.</msg>
<status status="PASS" starttime="20220321 09:49:23.215" endtime="20220321 09:49:23.268"/>
</kw>
<kw name="Sleep" library="BuiltIn">
<arg>5</arg>
<doc>Pauses the test executed for the given time.</doc>
<msg timestamp="20220321 09:49:28.269" level="INFO">Slept 5 seconds</msg>
<status status="PASS" starttime="20220321 09:49:23.268" endtime="20220321 09:49:28.269"/>
</kw>
<status status="PASS" starttime="20220321 09:49:20.959" endtime="20220321 09:49:28.269"/>
</kw>
<kw name="Logged in and check page component" library="coin_test">
<kw name="Page Should Contain Element" library="SeleniumLibrary">
<arg>${fav_btn}</arg>
<doc>Verifies that element ``locator`` is found on the current page.</doc>
<msg timestamp="20220321 09:49:28.297" level="INFO">Current page contains element '//*[@type="button" and contains (@class, "MuiButtonBase-root MuiButton-root MuiButton-outlined")]'.</msg>
<status status="PASS" starttime="20220321 09:49:28.270" endtime="20220321 09:49:28.298"/>
</kw>
<status status="PASS" starttime="20220321 09:49:28.270" endtime="20220321 09:49:28.298"/>
</kw>
<kw name="Click Add to Favourite button and check the component" library="coin_test">
<kw name="Sleep" library="BuiltIn">
<arg>2</arg>
<doc>Pauses the test executed for the given time.</doc>
<msg timestamp="20220321 09:49:30.300" level="INFO">Slept 2 seconds</msg>
<status status="PASS" starttime="20220321 09:49:28.299" endtime="20220321 09:49:30.300"/>
</kw>
<kw name="Page Should Contain Element" library="SeleniumLibrary">
<arg>${green_btn}</arg>
<doc>Verifies that element ``locator`` is found on the current page.</doc>
<msg timestamp="20220321 09:49:30.318" level="INFO">Current page contains element '//*[@type="button" and contains (@style, "background-color: rgb(73, 255, 0)")]'.</msg>
<status status="PASS" starttime="20220321 09:49:30.300" endtime="20220321 09:49:30.318"/>
</kw>
<kw name="Click Element" library="SeleniumLibrary">
<arg>${fav_btn}</arg>
<doc>Click the element identified by ``locator``.</doc>
<msg timestamp="20220321 09:49:30.318" level="INFO">Clicking element '//*[@type="button" and contains (@class, "MuiButtonBase-root MuiButton-root MuiButton-outlined")]'.</msg>
<status status="PASS" starttime="20220321 09:49:30.318" endtime="20220321 09:49:30.372"/>
</kw>
<kw name="Sleep" library="BuiltIn">
<arg>2</arg>
<doc>Pauses the test executed for the given time.</doc>
<msg timestamp="20220321 09:49:32.373" level="INFO">Slept 2 seconds</msg>
<status status="PASS" starttime="20220321 09:49:30.373" endtime="20220321 09:49:32.373"/>
</kw>
<kw name="Page Should Contain Element" library="SeleniumLibrary">
<arg>${red_btn}</arg>
<doc>Verifies that element ``locator`` is found on the current page.</doc>
<msg timestamp="20220321 09:49:32.388" level="INFO">Current page contains element '//*[@type="button" and contains (@style, "background-color: red")]'.</msg>
<status status="PASS" starttime="20220321 09:49:32.374" endtime="20220321 09:49:32.388"/>
</kw>
<kw name="Sleep" library="BuiltIn">
<arg>2</arg>
<doc>Pauses the test executed for the given time.</doc>
<msg timestamp="20220321 09:49:34.388" level="INFO">Slept 2 seconds</msg>
<status status="PASS" starttime="20220321 09:49:32.388" endtime="20220321 09:49:34.389"/>
</kw>
<status status="PASS" starttime="20220321 09:49:28.298" endtime="20220321 09:49:34.389"/>
</kw>
<kw name="Click User Avatar and sidebar should appear" library="sidebar_test">
<kw name="Wait Until Page Contains Element" library="SeleniumLibrary">
<arg>${avatar}</arg>
<doc>Waits until the element ``locator`` appears on the current page.</doc>
<status status="PASS" starttime="20220321 09:49:34.390" endtime="20220321 09:49:34.400"/>
</kw>
<kw name="Page Should Contain Element" library="SeleniumLibrary">
<arg>${avatar}</arg>
<doc>Verifies that element ``locator`` is found on the current page.</doc>
<msg timestamp="20220321 09:49:34.413" level="INFO">Current page contains element '//*[@class="MuiSvgIcon-root MuiAvatar-fallback"]'.</msg>
<status status="PASS" starttime="20220321 09:49:34.400" endtime="20220321 09:49:34.414"/>
</kw>
<kw name="Click Element" library="SeleniumLibrary">
<arg>${avatar}</arg>
<doc>Click the element identified by ``locator``.</doc>
<msg timestamp="20220321 09:49:34.414" level="INFO">Clicking element '//*[@class="MuiSvgIcon-root MuiAvatar-fallback"]'.</msg>
<status status="PASS" starttime="20220321 09:49:34.414" endtime="20220321 09:49:34.450"/>
</kw>
<kw name="Sleep" library="BuiltIn">
<arg>2</arg>
<doc>Pauses the test executed for the given time.</doc>
<msg timestamp="20220321 09:49:36.451" level="INFO">Slept 2 seconds</msg>
<status status="PASS" starttime="20220321 09:49:34.451" endtime="20220321 09:49:36.451"/>
</kw>
<kw name="Page Should Contain Element" library="SeleniumLibrary">
<arg>${sb}</arg>
<doc>Verifies that element ``locator`` is found on the current page.</doc>
<msg timestamp="20220321 09:49:36.474" level="INFO">Current page contains element '//*[@class="MuiPaper-root MuiDrawer-paper MuiDrawer-paperAnchorRight MuiPaper-elevation16"]'.</msg>
<status status="PASS" starttime="20220321 09:49:36.452" endtime="20220321 09:49:36.474"/>
</kw>
<kw name="Sleep" library="BuiltIn">
<arg>2</arg>
<doc>Pauses the test executed for the given time.</doc>
<msg timestamp="20220321 09:49:38.475" level="INFO">Slept 2 seconds</msg>
<status status="PASS" starttime="20220321 09:49:36.474" endtime="20220321 09:49:38.475"/>
</kw>
<status status="PASS" starttime="20220321 09:49:34.389" endtime="20220321 09:49:38.475"/>
</kw>
<kw name="Check added coin in the favourite list" library="sidebar_test">
<kw name="Page Should Contain Element" library="SeleniumLibrary">
<arg>//*[@class="MuiDrawer-root MuiDrawer-modal"]/div[3]/div/div[2]/div/div[2]/span</arg>
<doc>Verifies that element ``locator`` is found on the current page.</doc>
<msg timestamp="20220321 09:49:38.497" level="INFO">Current page contains element '//*[@class="MuiDrawer-root MuiDrawer-modal"]/div[3]/div/div[2]/div/div[2]/span'.</msg>
<status status="PASS" starttime="20220321 09:49:38.476" endtime="20220321 09:49:38.497"/>
</kw>
<kw name="Page Should Contain Element" library="SeleniumLibrary">
<arg>${trash_icn}</arg>
<doc>Verifies that element ``locator`` is found on the current page.</doc>
<msg timestamp="20220321 09:49:38.508" level="INFO">Current page contains element '//*[@d="M864 256H736v-80c0-35.3-28.7-64-64-64H352c-35.3 0-64 28.7-64 64v80H160c-17.7 0-32 14.3-32 32v32c0 4.4 3.6 8 8 8h60.4l24.7 523c1.6 34.1 29.8 61 63.9 61h454c34.2 0 62.3-26.8 63.9-61l24.7-523H888c4.4 0 8-3.6 8-8v-32c0-17.7-14.3-32-32-32zm-200 0H360v-72h304v72z"]'.</msg>
<status status="PASS" starttime="20220321 09:49:38.497" endtime="20220321 09:49:38.508"/>
</kw>
<kw name="Sleep" library="BuiltIn">
<arg>2</arg>
<doc>Pauses the test executed for the given time.</doc>
<msg timestamp="20220321 09:49:40.509" level="INFO">Slept 2 seconds</msg>
<status status="PASS" starttime="20220321 09:49:38.508" endtime="20220321 09:49:40.509"/>
</kw>
<status status="PASS" starttime="20220321 09:49:38.476" endtime="20220321 09:49:40.509"/>
</kw>
<kw name="Close sidebar" library="sidebar_test">
<kw name="Click Element" library="SeleniumLibrary">
<arg>${backdrop_sb}</arg>
<doc>Click the element identified by ``locator``.</doc>
<msg timestamp="20220321 09:49:40.511" level="INFO">Clicking element '//*[@class="MuiBackdrop-root"]'.</msg>
<status status="PASS" starttime="20220321 09:49:40.510" endtime="20220321 09:49:40.557"/>
</kw>
<kw name="Sleep" library="BuiltIn">
<arg>2</arg>
<doc>Pauses the test executed for the given time.</doc>
<msg timestamp="20220321 09:49:42.558" level="INFO">Slept 2 seconds</msg>
<status status="PASS" starttime="20220321 09:49:40.557" endtime="20220321 09:49:42.558"/>
</kw>
<status status="PASS" starttime="20220321 09:49:40.510" endtime="20220321 09:49:42.558"/>
</kw>
<kw name="Logged in and check page component" library="coin_test">
<kw name="Page Should Contain Element" library="SeleniumLibrary">
<arg>${fav_btn}</arg>
<doc>Verifies that element ``locator`` is found on the current page.</doc>
<msg timestamp="20220321 09:49:42.579" level="INFO">Current page contains element '//*[@type="button" and contains (@class, "MuiButtonBase-root MuiButton-root MuiButton-outlined")]'.</msg>
<status status="PASS" starttime="20220321 09:49:42.559" endtime="20220321 09:49:42.579"/>
</kw>
<status status="PASS" starttime="20220321 09:49:42.559" endtime="20220321 09:49:42.580"/>
</kw>
<kw name="Click Remove from Favourite button and check the component" library="coin_test">
<kw name="Sleep" library="BuiltIn">
<arg>2</arg>
<doc>Pauses the test executed for the given time.</doc>
<msg timestamp="20220321 09:49:44.581" level="INFO">Slept 2 seconds</msg>
<status status="PASS" starttime="20220321 09:49:42.580" endtime="20220321 09:49:44.581"/>
</kw>
<kw name="Page Should Contain Element" library="SeleniumLibrary">
<arg>${red_btn}</arg>
<doc>Verifies that element ``locator`` is found on the current page.</doc>
<msg timestamp="20220321 09:49:44.605" level="INFO">Current page contains element '//*[@type="button" and contains (@style, "background-color: red")]'.</msg>
<status status="PASS" starttime="20220321 09:49:44.581" endtime="20220321 09:49:44.605"/>
</kw>
<kw name="Click Element" library="SeleniumLibrary">
<arg>${fav_btn}</arg>
<doc>Click the element identified by ``locator``.</doc>
<msg timestamp="20220321 09:49:44.605" level="INFO">Clicking element '//*[@type="button" and contains (@class, "MuiButtonBase-root MuiButton-root MuiButton-outlined")]'.</msg>
<status status="PASS" starttime="20220321 09:49:44.605" endtime="20220321 09:49:44.656"/>
</kw>
<kw name="Sleep" library="BuiltIn">
<arg>2</arg>
<doc>Pauses the test executed for the given time.</doc>
<msg timestamp="20220321 09:49:46.657" level="INFO">Slept 2 seconds</msg>
<status status="PASS" starttime="20220321 09:49:44.656" endtime="20220321 09:49:46.657"/>
</kw>
<kw name="Page Should Contain Element" library="SeleniumLibrary">
<arg>${green_btn}</arg>
<doc>Verifies that element ``locator`` is found on the current page.</doc>
<msg timestamp="20220321 09:49:46.683" level="INFO">Current page contains element '//*[@type="button" and contains (@style, "background-color: rgb(73, 255, 0)")]'.</msg>
<status status="PASS" starttime="20220321 09:49:46.657" endtime="20220321 09:49:46.683"/>
</kw>
<kw name="Sleep" library="BuiltIn">
<arg>2</arg>
<doc>Pauses the test executed for the given time.</doc>
<msg timestamp="20220321 09:49:48.684" level="INFO">Slept 2 seconds</msg>
<status status="PASS" starttime="20220321 09:49:46.683" endtime="20220321 09:49:48.684"/>
</kw>
<status status="PASS" starttime="20220321 09:49:42.580" endtime="20220321 09:49:48.684"/>
</kw>
<kw name="Click User Avatar and sidebar should appear" library="sidebar_test">
<kw name="Wait Until Page Contains Element" library="SeleniumLibrary">
<arg>${avatar}</arg>
<doc>Waits until the element ``locator`` appears on the current page.</doc>
<status status="PASS" starttime="20220321 09:49:48.685" endtime="20220321 09:49:48.707"/>
</kw>
<kw name="Page Should Contain Element" library="SeleniumLibrary">
<arg>${avatar}</arg>
<doc>Verifies that element ``locator`` is found on the current page.</doc>
<msg timestamp="20220321 09:49:48.713" level="INFO">Current page contains element '//*[@class="MuiSvgIcon-root MuiAvatar-fallback"]'.</msg>
<status status="PASS" starttime="20220321 09:49:48.707" endtime="20220321 09:49:48.713"/>
</kw>
<kw name="Click Element" library="SeleniumLibrary">
<arg>${avatar}</arg>
<doc>Click the element identified by ``locator``.</doc>
<msg timestamp="20220321 09:49:48.714" level="INFO">Clicking element '//*[@class="MuiSvgIcon-root MuiAvatar-fallback"]'.</msg>
<status status="PASS" starttime="20220321 09:49:48.714" endtime="20220321 09:49:48.743"/>
</kw>
<kw name="Sleep" library="BuiltIn">
<arg>2</arg>
<doc>Pauses the test executed for the given time.</doc>
<msg timestamp="20220321 09:49:50.744" level="INFO">Slept 2 seconds</msg>
<status status="PASS" starttime="20220321 09:49:48.743" endtime="20220321 09:49:50.744"/>
</kw>
<kw name="Page Should Contain Element" library="SeleniumLibrary">
<arg>${sb}</arg>
<doc>Verifies that element ``locator`` is found on the current page.</doc>
<msg timestamp="20220321 09:49:50.764" level="INFO">Current page contains element '//*[@class="MuiPaper-root MuiDrawer-paper MuiDrawer-paperAnchorRight MuiPaper-elevation16"]'.</msg>
<status status="PASS" starttime="20220321 09:49:50.744" endtime="20220321 09:49:50.764"/>
</kw>
<kw name="Sleep" library="BuiltIn">
<arg>2</arg>
<doc>Pauses the test executed for the given time.</doc>
<msg timestamp="20220321 09:49:52.764" level="INFO">Slept 2 seconds</msg>
<status status="PASS" starttime="20220321 09:49:50.764" endtime="20220321 09:49:52.765"/>
</kw>
<status status="PASS" starttime="20220321 09:49:48.685" endtime="20220321 09:49:52.765"/>
</kw>
<kw name="Check removed coin in the favourite list" library="sidebar_test">
<kw name="Page Should Not Contain Element" library="SeleniumLibrary">
<arg>//*[@class="MuiDrawer-root MuiDrawer-modal"]/div[3]/div/div[2]/div/div[2]/span</arg>
<doc>Verifies that element ``locator`` is not found on the current page.</doc>
<msg timestamp="20220321 09:49:52.787" level="INFO">Current page does not contain element '//*[@class="MuiDrawer-root MuiDrawer-modal"]/div[3]/div/div[2]/div/div[2]/span'.</msg>
<status status="PASS" starttime="20220321 09:49:52.766" endtime="20220321 09:49:52.787"/>
</kw>
<kw name="Page Should Not Contain Element" library="SeleniumLibrary">
<arg>${trash_icn}</arg>
<doc>Verifies that element ``locator`` is not found on the current page.</doc>
<msg timestamp="20220321 09:49:52.801" level="INFO">Current page does not contain element '//*[@d="M864 256H736v-80c0-35.3-28.7-64-64-64H352c-35.3 0-64 28.7-64 64v80H160c-17.7 0-32 14.3-32 32v32c0 4.4 3.6 8 8 8h60.4l24.7 523c1.6 34.1 29.8 61 63.9 61h454c34.2 0 62.3-26.8 63.9-61l24.7-523H888c4.4 0 8-3.6 8-8v-32c0-17.7-14.3-32-32-32zm-200 0H360v-72h304v72z"]'.</msg>
<status status="PASS" starttime="20220321 09:49:52.787" endtime="20220321 09:49:52.801"/>
</kw>
<kw name="Sleep" library="BuiltIn">
<arg>2</arg>
<doc>Pauses the test executed for the given time.</doc>
<msg timestamp="20220321 09:49:54.801" level="INFO">Slept 2 seconds</msg>
<status status="PASS" starttime="20220321 09:49:52.801" endtime="20220321 09:49:54.802"/>
</kw>
<status status="PASS" starttime="20220321 09:49:52.765" endtime="20220321 09:49:54.802"/>
</kw>
<status status="PASS" starttime="20220321 09:48:53.369" endtime="20220321 09:49:54.803"/>
</test>
<test id="s1-t9" name="Close Website">
<kw name="Close Browser" library="SeleniumLibrary">
<doc>Closes the current browser.</doc>
<status status="PASS" starttime="20220321 09:49:54.805" endtime="20220321 09:49:54.872"/>
</kw>
<status status="PASS" starttime="20220321 09:49:54.804" endtime="20220321 09:49:54.873"/>
</test>
<doc>Suite description</doc>
<status status="PASS" starttime="20220321 09:43:47.701" endtime="20220321 09:49:54.873"/>
</suite>
<statistics>
<total>
<stat pass="9" fail="0" skip="0">All Tests</stat>
</total>
<tag>
</tag>
<suite>
<stat pass="9" fail="0" skip="0" id="s1" name="Integration">Integration</stat>
</suite>
</statistics>
<errors>
</errors>
</robot>
